{"C:\\Users\\Admin\\OneDrive\\Documents\\CreatorSync\\server\\middleware\\auth.js": {"path":"C:\\Users\\Admin\\OneDrive\\Documents\\CreatorSync\\server\\middleware\\auth.js","statementMap":{"0":{"start":{"line":4,"column":12},"end":{"line":4,"column":35}},"1":{"start":{"line":5,"column":27},"end":{"line":5,"column":53}},"2":{"start":{"line":8,"column":19},"end":{"line":8,"column":98}},"3":{"start":{"line":9,"column":23},"end":{"line":9,"column":57}},"4":{"start":{"line":16,"column":22},"end":{"line":30,"column":1}},"5":{"start":{"line":17,"column":20},"end":{"line":23,"column":5}},"6":{"start":{"line":25,"column":4},"end":{"line":29,"column":7}},"7":{"start":{"line":37,"column":29},"end":{"line":48,"column":1}},"8":{"start":{"line":38,"column":20},"end":{"line":41,"column":5}},"9":{"start":{"line":43,"column":4},"end":{"line":47,"column":7}},"10":{"start":{"line":55,"column":20},"end":{"line":64,"column":1}},"11":{"start":{"line":56,"column":4},"end":{"line":63,"column":5}},"12":{"start":{"line":57,"column":8},"end":{"line":60,"column":11}},"13":{"start":{"line":62,"column":8},"end":{"line":62,"column":52}},"14":{"start":{"line":70,"column":21},"end":{"line":108,"column":1}},"15":{"start":{"line":71,"column":4},"end":{"line":107,"column":5}},"16":{"start":{"line":73,"column":27},"end":{"line":73,"column":52}},"17":{"start":{"line":75,"column":8},"end":{"line":80,"column":9}},"18":{"start":{"line":76,"column":12},"end":{"line":79,"column":15}},"19":{"start":{"line":82,"column":22},"end":{"line":82,"column":45}},"20":{"start":{"line":85,"column":24},"end":{"line":85,"column":42}},"21":{"start":{"line":88,"column":8},"end":{"line":94,"column":10}},"22":{"start":{"line":96,"column":8},"end":{"line":96,"column":15}},"23":{"start":{"line":98,"column":8},"end":{"line":101,"column":11}},"24":{"start":{"line":103,"column":8},"end":{"line":106,"column":11}},"25":{"start":{"line":114,"column":21},"end":{"line":135,"column":1}},"26":{"start":{"line":115,"column":4},"end":{"line":132,"column":5}},"27":{"start":{"line":116,"column":27},"end":{"line":116,"column":52}},"28":{"start":{"line":118,"column":8},"end":{"line":129,"column":9}},"29":{"start":{"line":119,"column":26},"end":{"line":119,"column":49}},"30":{"start":{"line":120,"column":28},"end":{"line":120,"column":46}},"31":{"start":{"line":122,"column":12},"end":{"line":128,"column":14}},"32":{"start":{"line":134,"column":4},"end":{"line":134,"column":11}},"33":{"start":{"line":141,"column":18},"end":{"line":165,"column":1}},"34":{"start":{"line":142,"column":4},"end":{"line":164,"column":6}},"35":{"start":{"line":143,"column":8},"end":{"line":148,"column":9}},"36":{"start":{"line":144,"column":12},"end":{"line":147,"column":15}},"37":{"start":{"line":150,"column":8},"end":{"line":161,"column":9}},"38":{"start":{"line":151,"column":12},"end":{"line":155,"column":15}},"39":{"start":{"line":157,"column":12},"end":{"line":160,"column":15}},"40":{"start":{"line":163,"column":8},"end":{"line":163,"column":15}},"41":{"start":{"line":171,"column":28},"end":{"line":190,"column":1}},"42":{"start":{"line":172,"column":4},"end":{"line":189,"column":6}},"43":{"start":{"line":173,"column":8},"end":{"line":178,"column":9}},"44":{"start":{"line":174,"column":12},"end":{"line":177,"column":15}},"45":{"start":{"line":180,"column":8},"end":{"line":186,"column":9}},"46":{"start":{"line":181,"column":12},"end":{"line":185,"column":15}},"47":{"start":{"line":188,"column":8},"end":{"line":188,"column":15}},"48":{"start":{"line":196,"column":19},"end":{"line":224,"column":1}},"49":{"start":{"line":197,"column":4},"end":{"line":223,"column":5}},"50":{"start":{"line":198,"column":22},"end":{"line":198,"column":81}},"51":{"start":{"line":200,"column":8},"end":{"line":202,"column":9}},"52":{"start":{"line":201,"column":12},"end":{"line":201,"column":68}},"53":{"start":{"line":204,"column":24},"end":{"line":204,"column":42}},"54":{"start":{"line":207,"column":8},"end":{"line":213,"column":10}},"55":{"start":{"line":215,"column":8},"end":{"line":215,"column":15}},"56":{"start":{"line":217,"column":8},"end":{"line":220,"column":11}},"57":{"start":{"line":222,"column":8},"end":{"line":222,"column":67}},"58":{"start":{"line":226,"column":0},"end":{"line":235,"column":2}}},"fnMap":{"0":{"name":"(anonymous_0)","decl":{"start":{"line":16,"column":22},"end":{"line":16,"column":23}},"loc":{"start":{"line":16,"column":32},"end":{"line":30,"column":1}},"line":16},"1":{"name":"(anonymous_1)","decl":{"start":{"line":37,"column":29},"end":{"line":37,"column":30}},"loc":{"start":{"line":37,"column":39},"end":{"line":48,"column":1}},"line":37},"2":{"name":"(anonymous_2)","decl":{"start":{"line":55,"column":20},"end":{"line":55,"column":21}},"loc":{"start":{"line":55,"column":31},"end":{"line":64,"column":1}},"line":55},"3":{"name":"(anonymous_3)","decl":{"start":{"line":70,"column":21},"end":{"line":70,"column":22}},"loc":{"start":{"line":70,"column":41},"end":{"line":108,"column":1}},"line":70},"4":{"name":"(anonymous_4)","decl":{"start":{"line":114,"column":21},"end":{"line":114,"column":22}},"loc":{"start":{"line":114,"column":41},"end":{"line":135,"column":1}},"line":114},"5":{"name":"(anonymous_5)","decl":{"start":{"line":141,"column":18},"end":{"line":141,"column":19}},"loc":{"start":{"line":141,"column":39},"end":{"line":165,"column":1}},"line":141},"6":{"name":"(anonymous_6)","decl":{"start":{"line":142,"column":11},"end":{"line":142,"column":12}},"loc":{"start":{"line":142,"column":31},"end":{"line":164,"column":5}},"line":142},"7":{"name":"(anonymous_7)","decl":{"start":{"line":171,"column":28},"end":{"line":171,"column":29}},"loc":{"start":{"line":171,"column":58},"end":{"line":190,"column":1}},"line":171},"8":{"name":"(anonymous_8)","decl":{"start":{"line":172,"column":11},"end":{"line":172,"column":12}},"loc":{"start":{"line":172,"column":31},"end":{"line":189,"column":5}},"line":172},"9":{"name":"(anonymous_9)","decl":{"start":{"line":196,"column":19},"end":{"line":196,"column":20}},"loc":{"start":{"line":196,"column":37},"end":{"line":224,"column":1}},"line":196}},"branchMap":{"0":{"loc":{"start":{"line":8,"column":19},"end":{"line":8,"column":98}},"type":"binary-expr","locations":[{"start":{"line":8,"column":19},"end":{"line":8,"column":41}},{"start":{"line":8,"column":45},"end":{"line":8,"column":98}}],"line":8},"1":{"loc":{"start":{"line":9,"column":23},"end":{"line":9,"column":57}},"type":"binary-expr","locations":[{"start":{"line":9,"column":23},"end":{"line":9,"column":49}},{"start":{"line":9,"column":53},"end":{"line":9,"column":57}}],"line":9},"2":{"loc":{"start":{"line":18,"column":16},"end":{"line":18,"column":38}},"type":"binary-expr","locations":[{"start":{"line":18,"column":16},"end":{"line":18,"column":23}},{"start":{"line":18,"column":27},"end":{"line":18,"column":38}}],"line":18},"3":{"loc":{"start":{"line":21,"column":14},"end":{"line":21,"column":33}},"type":"binary-expr","locations":[{"start":{"line":21,"column":14},"end":{"line":21,"column":23}},{"start":{"line":21,"column":27},"end":{"line":21,"column":33}}],"line":21},"4":{"loc":{"start":{"line":22,"column":22},"end":{"line":22,"column":49}},"type":"binary-expr","locations":[{"start":{"line":22,"column":22},"end":{"line":22,"column":39}},{"start":{"line":22,"column":43},"end":{"line":22,"column":49}}],"line":22},"5":{"loc":{"start":{"line":39,"column":16},"end":{"line":39,"column":38}},"type":"binary-expr","locations":[{"start":{"line":39,"column":16},"end":{"line":39,"column":23}},{"start":{"line":39,"column":27},"end":{"line":39,"column":38}}],"line":39},"6":{"loc":{"start":{"line":75,"column":8},"end":{"line":80,"column":9}},"type":"if","locations":[{"start":{"line":75,"column":8},"end":{"line":80,"column":9}},{"start":{},"end":{}}],"line":75},"7":{"loc":{"start":{"line":75,"column":12},"end":{"line":75,"column":60}},"type":"binary-expr","locations":[{"start":{"line":75,"column":12},"end":{"line":75,"column":23}},{"start":{"line":75,"column":27},"end":{"line":75,"column":60}}],"line":75},"8":{"loc":{"start":{"line":118,"column":8},"end":{"line":129,"column":9}},"type":"if","locations":[{"start":{"line":118,"column":8},"end":{"line":129,"column":9}},{"start":{},"end":{}}],"line":118},"9":{"loc":{"start":{"line":118,"column":12},"end":{"line":118,"column":58}},"type":"binary-expr","locations":[{"start":{"line":118,"column":12},"end":{"line":118,"column":22}},{"start":{"line":118,"column":26},"end":{"line":118,"column":58}}],"line":118},"10":{"loc":{"start":{"line":143,"column":8},"end":{"line":148,"column":9}},"type":"if","locations":[{"start":{"line":143,"column":8},"end":{"line":148,"column":9}},{"start":{},"end":{}}],"line":143},"11":{"loc":{"start":{"line":150,"column":8},"end":{"line":161,"column":9}},"type":"if","locations":[{"start":{"line":150,"column":8},"end":{"line":161,"column":9}},{"start":{},"end":{}}],"line":150},"12":{"loc":{"start":{"line":173,"column":8},"end":{"line":178,"column":9}},"type":"if","locations":[{"start":{"line":173,"column":8},"end":{"line":178,"column":9}},{"start":{},"end":{}}],"line":173},"13":{"loc":{"start":{"line":180,"column":8},"end":{"line":186,"column":9}},"type":"if","locations":[{"start":{"line":180,"column":8},"end":{"line":186,"column":9}},{"start":{},"end":{}}],"line":180},"14":{"loc":{"start":{"line":198,"column":22},"end":{"line":198,"column":81}},"type":"binary-expr","locations":[{"start":{"line":198,"column":22},"end":{"line":198,"column":49}},{"start":{"line":198,"column":53},"end":{"line":198,"column":81}}],"line":198},"15":{"loc":{"start":{"line":200,"column":8},"end":{"line":202,"column":9}},"type":"if","locations":[{"start":{"line":200,"column":8},"end":{"line":202,"column":9}},{"start":{},"end":{}}],"line":200}},"s":{"0":0,"1":0,"2":0,"3":0,"4":0,"5":0,"6":0,"7":0,"8":0,"9":0,"10":0,"11":0,"12":0,"13":0,"14":0,"15":0,"16":0,"17":0,"18":0,"19":0,"20":0,"21":0,"22":0,"23":0,"24":0,"25":0,"26":0,"27":0,"28":0,"29":0,"30":0,"31":0,"32":0,"33":0,"34":0,"35":0,"36":0,"37":0,"38":0,"39":0,"40":0,"41":0,"42":0,"43":0,"44":0,"45":0,"46":0,"47":0,"48":0,"49":0,"50":0,"51":0,"52":0,"53":0,"54":0,"55":0,"56":0,"57":0,"58":0},"f":{"0":0,"1":0,"2":0,"3":0,"4":0,"5":0,"6":0,"7":0,"8":0,"9":0},"b":{"0":[0,0],"1":[0,0],"2":[0,0],"3":[0,0],"4":[0,0],"5":[0,0],"6":[0,0],"7":[0,0],"8":[0,0],"9":[0,0],"10":[0,0],"11":[0,0],"12":[0,0],"13":[0,0],"14":[0,0],"15":[0,0]},"inputSourceMap":null}
,"C:\\Users\\Admin\\OneDrive\\Documents\\CreatorSync\\server\\middleware\\rateLimiter.js": {"path":"C:\\Users\\Admin\\OneDrive\\Documents\\CreatorSync\\server\\middleware\\rateLimiter.js","statementMap":{"0":{"start":{"line":4,"column":18},"end":{"line":4,"column":47}},"1":{"start":{"line":7,"column":19},"end":{"line":23,"column":2}},"2":{"start":{"line":17,"column":8},"end":{"line":21,"column":11}},"3":{"start":{"line":26,"column":20},"end":{"line":41,"column":2}},"4":{"start":{"line":35,"column":8},"end":{"line":39,"column":11}},"5":{"start":{"line":44,"column":22},"end":{"line":59,"column":2}},"6":{"start":{"line":53,"column":8},"end":{"line":57,"column":11}},"7":{"start":{"line":62,"column":23},"end":{"line":77,"column":2}},"8":{"start":{"line":71,"column":8},"end":{"line":75,"column":11}},"9":{"start":{"line":80,"column":18},"end":{"line":95,"column":2}},"10":{"start":{"line":89,"column":8},"end":{"line":93,"column":11}},"11":{"start":{"line":98,"column":29},"end":{"line":106,"column":2}},"12":{"start":{"line":108,"column":0},"end":{"line":115,"column":2}}},"fnMap":{"0":{"name":"(anonymous_0)","decl":{"start":{"line":16,"column":13},"end":{"line":16,"column":14}},"loc":{"start":{"line":16,"column":27},"end":{"line":22,"column":5}},"line":16},"1":{"name":"(anonymous_1)","decl":{"start":{"line":34,"column":13},"end":{"line":34,"column":14}},"loc":{"start":{"line":34,"column":27},"end":{"line":40,"column":5}},"line":34},"2":{"name":"(anonymous_2)","decl":{"start":{"line":52,"column":13},"end":{"line":52,"column":14}},"loc":{"start":{"line":52,"column":27},"end":{"line":58,"column":5}},"line":52},"3":{"name":"(anonymous_3)","decl":{"start":{"line":70,"column":13},"end":{"line":70,"column":14}},"loc":{"start":{"line":70,"column":27},"end":{"line":76,"column":5}},"line":70},"4":{"name":"(anonymous_4)","decl":{"start":{"line":88,"column":13},"end":{"line":88,"column":14}},"loc":{"start":{"line":88,"column":27},"end":{"line":94,"column":5}},"line":88}},"branchMap":{"0":{"loc":{"start":{"line":8,"column":14},"end":{"line":8,"column":74}},"type":"binary-expr","locations":[{"start":{"line":8,"column":14},"end":{"line":8,"column":56}},{"start":{"line":8,"column":60},"end":{"line":8,"column":74}}],"line":8},"1":{"loc":{"start":{"line":9,"column":9},"end":{"line":9,"column":52}},"type":"binary-expr","locations":[{"start":{"line":9,"column":9},"end":{"line":9,"column":45}},{"start":{"line":9,"column":49},"end":{"line":9,"column":52}}],"line":9}},"s":{"0":1,"1":1,"2":0,"3":1,"4":0,"5":1,"6":0,"7":1,"8":0,"9":1,"10":0,"11":1,"12":1},"f":{"0":0,"1":0,"2":0,"3":0,"4":0},"b":{"0":[1,1],"1":[1,1]},"inputSourceMap":null,"_coverageSchema":"1a1c01bbd47fc00a2c39e90264f33305004495a9","hash":"2462a56500ec4303d80737df7c63dc5cacb0e03f"}
,"C:\\Users\\Admin\\OneDrive\\Documents\\CreatorSync\\server\\models\\Beat.js": {"path":"C:\\Users\\Admin\\OneDrive\\Documents\\CreatorSync\\server\\models\\Beat.js","statementMap":{"0":{"start":{"line":4,"column":23},"end":{"line":4,"column":38}},"1":{"start":{"line":11,"column":8},"end":{"line":11,"column":38}},"2":{"start":{"line":12,"column":8},"end":{"line":12,"column":32}},"3":{"start":{"line":13,"column":8},"end":{"line":13,"column":34}},"4":{"start":{"line":14,"column":8},"end":{"line":14,"column":38}},"5":{"start":{"line":15,"column":8},"end":{"line":15,"column":51}},"6":{"start":{"line":16,"column":8},"end":{"line":16,"column":38}},"7":{"start":{"line":17,"column":8},"end":{"line":17,"column":37}},"8":{"start":{"line":18,"column":8},"end":{"line":18,"column":35}},"9":{"start":{"line":19,"column":8},"end":{"line":19,"column":41}},"10":{"start":{"line":20,"column":8},"end":{"line":20,"column":36}},"11":{"start":{"line":21,"column":8},"end":{"line":21,"column":38}},"12":{"start":{"line":22,"column":8},"end":{"line":22,"column":69}},"13":{"start":{"line":23,"column":8},"end":{"line":23,"column":43}},"14":{"start":{"line":24,"column":8},"end":{"line":24,"column":43}},"15":{"start":{"line":25,"column":8},"end":{"line":25,"column":43}},"16":{"start":{"line":26,"column":8},"end":{"line":26,"column":37}},"17":{"start":{"line":27,"column":8},"end":{"line":27,"column":37}},"18":{"start":{"line":28,"column":8},"end":{"line":28,"column":45}},"19":{"start":{"line":29,"column":8},"end":{"line":29,"column":42}},"20":{"start":{"line":30,"column":8},"end":{"line":30,"column":50}},"21":{"start":{"line":31,"column":8},"end":{"line":31,"column":50}},"22":{"start":{"line":32,"column":8},"end":{"line":32,"column":49}},"23":{"start":{"line":33,"column":8},"end":{"line":33,"column":47}},"24":{"start":{"line":34,"column":8},"end":{"line":34,"column":46}},"25":{"start":{"line":35,"column":8},"end":{"line":35,"column":56}},"26":{"start":{"line":36,"column":8},"end":{"line":36,"column":54}},"27":{"start":{"line":43,"column":8},"end":{"line":43,"column":21}},"28":{"start":{"line":44,"column":8},"end":{"line":44,"column":36}},"29":{"start":{"line":53,"column":22},"end":{"line":53,"column":50}},"30":{"start":{"line":54,"column":8},"end":{"line":64,"column":9}},"31":{"start":{"line":55,"column":12},"end":{"line":55,"column":42}},"32":{"start":{"line":56,"column":12},"end":{"line":56,"column":25}},"33":{"start":{"line":57,"column":12},"end":{"line":57,"column":40}},"34":{"start":{"line":58,"column":12},"end":{"line":58,"column":25}},"35":{"start":{"line":60,"column":12},"end":{"line":60,"column":38}},"36":{"start":{"line":61,"column":12},"end":{"line":61,"column":25}},"37":{"start":{"line":62,"column":12},"end":{"line":62,"column":40}},"38":{"start":{"line":63,"column":12},"end":{"line":63,"column":24}},"39":{"start":{"line":73,"column":8},"end":{"line":73,"column":45}},"40":{"start":{"line":80,"column":8},"end":{"line":80,"column":25}},"41":{"start":{"line":81,"column":8},"end":{"line":81,"column":36}},"42":{"start":{"line":89,"column":8},"end":{"line":111,"column":10}},"43":{"start":{"line":119,"column":8},"end":{"line":146,"column":10}},"44":{"start":{"line":155,"column":8},"end":{"line":155,"column":31}},"45":{"start":{"line":164,"column":21},"end":{"line":164,"column":39}},"46":{"start":{"line":165,"column":8},"end":{"line":165,"column":38}},"47":{"start":{"line":166,"column":8},"end":{"line":166,"column":20}},"48":{"start":{"line":175,"column":8},"end":{"line":175,"column":42}},"49":{"start":{"line":184,"column":22},"end":{"line":184,"column":24}},"50":{"start":{"line":185,"column":8},"end":{"line":189,"column":9}},"51":{"start":{"line":186,"column":12},"end":{"line":188,"column":13}},"52":{"start":{"line":187,"column":16},"end":{"line":187,"column":33}},"53":{"start":{"line":190,"column":8},"end":{"line":190,"column":21}},"54":{"start":{"line":199,"column":22},"end":{"line":199,"column":24}},"55":{"start":{"line":200,"column":8},"end":{"line":204,"column":9}},"56":{"start":{"line":201,"column":12},"end":{"line":203,"column":13}},"57":{"start":{"line":202,"column":16},"end":{"line":202,"column":33}},"58":{"start":{"line":205,"column":8},"end":{"line":205,"column":21}},"59":{"start":{"line":214,"column":20},"end":{"line":214,"column":51}},"60":{"start":{"line":217,"column":8},"end":{"line":219,"column":9}},"61":{"start":{"line":218,"column":12},"end":{"line":218,"column":71}},"62":{"start":{"line":218,"column":38},"end":{"line":218,"column":69}},"63":{"start":{"line":222,"column":8},"end":{"line":224,"column":9}},"64":{"start":{"line":223,"column":12},"end":{"line":223,"column":71}},"65":{"start":{"line":223,"column":38},"end":{"line":223,"column":69}},"66":{"start":{"line":227,"column":8},"end":{"line":229,"column":9}},"67":{"start":{"line":228,"column":12},"end":{"line":228,"column":63}},"68":{"start":{"line":228,"column":38},"end":{"line":228,"column":61}},"69":{"start":{"line":230,"column":8},"end":{"line":232,"column":9}},"70":{"start":{"line":231,"column":12},"end":{"line":231,"column":63}},"71":{"start":{"line":231,"column":38},"end":{"line":231,"column":61}},"72":{"start":{"line":235,"column":8},"end":{"line":237,"column":9}},"73":{"start":{"line":236,"column":12},"end":{"line":236,"column":67}},"74":{"start":{"line":236,"column":38},"end":{"line":236,"column":65}},"75":{"start":{"line":238,"column":8},"end":{"line":240,"column":9}},"76":{"start":{"line":239,"column":12},"end":{"line":239,"column":67}},"77":{"start":{"line":239,"column":38},"end":{"line":239,"column":65}},"78":{"start":{"line":243,"column":8},"end":{"line":247,"column":9}},"79":{"start":{"line":244,"column":12},"end":{"line":246,"column":14}},"80":{"start":{"line":245,"column":16},"end":{"line":245,"column":62}},"81":{"start":{"line":245,"column":41},"end":{"line":245,"column":61}},"82":{"start":{"line":250,"column":8},"end":{"line":255,"column":9}},"83":{"start":{"line":251,"column":12},"end":{"line":251,"column":67}},"84":{"start":{"line":251,"column":38},"end":{"line":251,"column":65}},"85":{"start":{"line":254,"column":12},"end":{"line":254,"column":61}},"86":{"start":{"line":254,"column":38},"end":{"line":254,"column":59}},"87":{"start":{"line":258,"column":8},"end":{"line":277,"column":9}},"88":{"start":{"line":259,"column":12},"end":{"line":276,"column":15}},"89":{"start":{"line":260,"column":16},"end":{"line":275,"column":17}},"90":{"start":{"line":262,"column":24},"end":{"line":262,"column":59}},"91":{"start":{"line":264,"column":24},"end":{"line":264,"column":59}},"92":{"start":{"line":266,"column":24},"end":{"line":266,"column":49}},"93":{"start":{"line":268,"column":24},"end":{"line":268,"column":49}},"94":{"start":{"line":270,"column":24},"end":{"line":270,"column":49}},"95":{"start":{"line":272,"column":24},"end":{"line":272,"column":49}},"96":{"start":{"line":274,"column":24},"end":{"line":274,"column":33}},"97":{"start":{"line":279,"column":8},"end":{"line":279,"column":21}},"98":{"start":{"line":289,"column":21},"end":{"line":289,"column":39}},"99":{"start":{"line":290,"column":8},"end":{"line":290,"column":31}},"100":{"start":{"line":290,"column":19},"end":{"line":290,"column":31}},"101":{"start":{"line":292,"column":8},"end":{"line":292,"column":37}},"102":{"start":{"line":293,"column":8},"end":{"line":293,"column":36}},"103":{"start":{"line":294,"column":8},"end":{"line":294,"column":20}},"104":{"start":{"line":303,"column":8},"end":{"line":303,"column":37}},"105":{"start":{"line":313,"column":22},"end":{"line":315,"column":56}},"106":{"start":{"line":314,"column":25},"end":{"line":314,"column":46}},"107":{"start":{"line":315,"column":28},"end":{"line":315,"column":55}},"108":{"start":{"line":316,"column":8},"end":{"line":316,"column":51}},"109":{"start":{"line":321,"column":23},"end":{"line":321,"column":43}},"110":{"start":{"line":323,"column":0},"end":{"line":327,"column":2}}},"fnMap":{"0":{"name":"(anonymous_0)","decl":{"start":{"line":10,"column":4},"end":{"line":10,"column":5}},"loc":{"start":{"line":10,"column":22},"end":{"line":37,"column":5}},"line":10},"1":{"name":"(anonymous_1)","decl":{"start":{"line":42,"column":4},"end":{"line":42,"column":5}},"loc":{"start":{"line":42,"column":21},"end":{"line":45,"column":5}},"line":42},"2":{"name":"(anonymous_2)","decl":{"start":{"line":52,"column":4},"end":{"line":52,"column":5}},"loc":{"start":{"line":52,"column":23},"end":{"line":65,"column":5}},"line":52},"3":{"name":"(anonymous_3)","decl":{"start":{"line":72,"column":4},"end":{"line":72,"column":5}},"loc":{"start":{"line":72,"column":22},"end":{"line":74,"column":5}},"line":72},"4":{"name":"(anonymous_4)","decl":{"start":{"line":79,"column":4},"end":{"line":79,"column":5}},"loc":{"start":{"line":79,"column":25},"end":{"line":82,"column":5}},"line":79},"5":{"name":"(anonymous_5)","decl":{"start":{"line":88,"column":4},"end":{"line":88,"column":5}},"loc":{"start":{"line":88,"column":15},"end":{"line":112,"column":5}},"line":88},"6":{"name":"(anonymous_6)","decl":{"start":{"line":118,"column":4},"end":{"line":118,"column":5}},"loc":{"start":{"line":118,"column":13},"end":{"line":147,"column":5}},"line":118},"7":{"name":"(anonymous_7)","decl":{"start":{"line":154,"column":4},"end":{"line":154,"column":5}},"loc":{"start":{"line":154,"column":18},"end":{"line":156,"column":5}},"line":154},"8":{"name":"(anonymous_8)","decl":{"start":{"line":163,"column":4},"end":{"line":163,"column":5}},"loc":{"start":{"line":163,"column":27},"end":{"line":167,"column":5}},"line":163},"9":{"name":"(anonymous_9)","decl":{"start":{"line":174,"column":4},"end":{"line":174,"column":5}},"loc":{"start":{"line":174,"column":23},"end":{"line":176,"column":5}},"line":174},"10":{"name":"(anonymous_10)","decl":{"start":{"line":183,"column":4},"end":{"line":183,"column":5}},"loc":{"start":{"line":183,"column":35},"end":{"line":191,"column":5}},"line":183},"11":{"name":"(anonymous_11)","decl":{"start":{"line":198,"column":4},"end":{"line":198,"column":5}},"loc":{"start":{"line":198,"column":35},"end":{"line":206,"column":5}},"line":198},"12":{"name":"(anonymous_12)","decl":{"start":{"line":213,"column":4},"end":{"line":213,"column":5}},"loc":{"start":{"line":213,"column":31},"end":{"line":280,"column":5}},"line":213},"13":{"name":"(anonymous_13)","decl":{"start":{"line":218,"column":33},"end":{"line":218,"column":34}},"loc":{"start":{"line":218,"column":38},"end":{"line":218,"column":69}},"line":218},"14":{"name":"(anonymous_14)","decl":{"start":{"line":223,"column":33},"end":{"line":223,"column":34}},"loc":{"start":{"line":223,"column":38},"end":{"line":223,"column":69}},"line":223},"15":{"name":"(anonymous_15)","decl":{"start":{"line":228,"column":33},"end":{"line":228,"column":34}},"loc":{"start":{"line":228,"column":38},"end":{"line":228,"column":61}},"line":228},"16":{"name":"(anonymous_16)","decl":{"start":{"line":231,"column":33},"end":{"line":231,"column":34}},"loc":{"start":{"line":231,"column":38},"end":{"line":231,"column":61}},"line":231},"17":{"name":"(anonymous_17)","decl":{"start":{"line":236,"column":33},"end":{"line":236,"column":34}},"loc":{"start":{"line":236,"column":38},"end":{"line":236,"column":65}},"line":236},"18":{"name":"(anonymous_18)","decl":{"start":{"line":239,"column":33},"end":{"line":239,"column":34}},"loc":{"start":{"line":239,"column":38},"end":{"line":239,"column":65}},"line":239},"19":{"name":"(anonymous_19)","decl":{"start":{"line":244,"column":33},"end":{"line":244,"column":34}},"loc":{"start":{"line":245,"column":16},"end":{"line":245,"column":62}},"line":245},"20":{"name":"(anonymous_20)","decl":{"start":{"line":245,"column":34},"end":{"line":245,"column":35}},"loc":{"start":{"line":245,"column":41},"end":{"line":245,"column":61}},"line":245},"21":{"name":"(anonymous_21)","decl":{"start":{"line":251,"column":33},"end":{"line":251,"column":34}},"loc":{"start":{"line":251,"column":38},"end":{"line":251,"column":65}},"line":251},"22":{"name":"(anonymous_22)","decl":{"start":{"line":254,"column":33},"end":{"line":254,"column":34}},"loc":{"start":{"line":254,"column":38},"end":{"line":254,"column":59}},"line":254},"23":{"name":"(anonymous_23)","decl":{"start":{"line":259,"column":23},"end":{"line":259,"column":24}},"loc":{"start":{"line":259,"column":33},"end":{"line":276,"column":13}},"line":259},"24":{"name":"(anonymous_24)","decl":{"start":{"line":288,"column":4},"end":{"line":288,"column":5}},"loc":{"start":{"line":288,"column":30},"end":{"line":295,"column":5}},"line":288},"25":{"name":"(anonymous_25)","decl":{"start":{"line":302,"column":4},"end":{"line":302,"column":5}},"loc":{"start":{"line":302,"column":21},"end":{"line":304,"column":5}},"line":302},"26":{"name":"(anonymous_26)","decl":{"start":{"line":312,"column":4},"end":{"line":312,"column":5}},"loc":{"start":{"line":312,"column":42},"end":{"line":317,"column":5}},"line":312},"27":{"name":"(anonymous_27)","decl":{"start":{"line":314,"column":20},"end":{"line":314,"column":21}},"loc":{"start":{"line":314,"column":25},"end":{"line":314,"column":46}},"line":314},"28":{"name":"(anonymous_28)","decl":{"start":{"line":315,"column":18},"end":{"line":315,"column":19}},"loc":{"start":{"line":315,"column":28},"end":{"line":315,"column":55}},"line":315}},"branchMap":{"0":{"loc":{"start":{"line":11,"column":18},"end":{"line":11,"column":37}},"type":"binary-expr","locations":[{"start":{"line":11,"column":18},"end":{"line":11,"column":25}},{"start":{"line":11,"column":29},"end":{"line":11,"column":37}}],"line":11},"1":{"loc":{"start":{"line":15,"column":24},"end":{"line":15,"column":50}},"type":"binary-expr","locations":[{"start":{"line":15,"column":24},"end":{"line":15,"column":37}},{"start":{"line":15,"column":41},"end":{"line":15,"column":50}}],"line":15},"2":{"loc":{"start":{"line":16,"column":21},"end":{"line":16,"column":37}},"type":"binary-expr","locations":[{"start":{"line":16,"column":21},"end":{"line":16,"column":31}},{"start":{"line":16,"column":35},"end":{"line":16,"column":37}}],"line":16},"3":{"loc":{"start":{"line":17,"column":21},"end":{"line":17,"column":36}},"type":"binary-expr","locations":[{"start":{"line":17,"column":21},"end":{"line":17,"column":31}},{"start":{"line":17,"column":35},"end":{"line":17,"column":36}}],"line":17},"4":{"loc":{"start":{"line":18,"column":19},"end":{"line":18,"column":34}},"type":"binary-expr","locations":[{"start":{"line":18,"column":19},"end":{"line":18,"column":27}},{"start":{"line":18,"column":31},"end":{"line":18,"column":34}}],"line":18},"5":{"loc":{"start":{"line":19,"column":19},"end":{"line":19,"column":40}},"type":"binary-expr","locations":[{"start":{"line":19,"column":19},"end":{"line":19,"column":27}},{"start":{"line":19,"column":31},"end":{"line":19,"column":40}}],"line":19},"6":{"loc":{"start":{"line":20,"column":20},"end":{"line":20,"column":35}},"type":"binary-expr","locations":[{"start":{"line":20,"column":20},"end":{"line":20,"column":29}},{"start":{"line":20,"column":33},"end":{"line":20,"column":35}}],"line":20},"7":{"loc":{"start":{"line":22,"column":23},"end":{"line":22,"column":68}},"type":"binary-expr","locations":[{"start":{"line":22,"column":23},"end":{"line":22,"column":35}},{"start":{"line":22,"column":39},"end":{"line":22,"column":68}}],"line":22},"8":{"loc":{"start":{"line":23,"column":24},"end":{"line":23,"column":42}},"type":"binary-expr","locations":[{"start":{"line":23,"column":24},"end":{"line":23,"column":37}},{"start":{"line":23,"column":41},"end":{"line":23,"column":42}}],"line":23},"9":{"loc":{"start":{"line":24,"column":24},"end":{"line":24,"column":42}},"type":"binary-expr","locations":[{"start":{"line":24,"column":24},"end":{"line":24,"column":37}},{"start":{"line":24,"column":41},"end":{"line":24,"column":42}}],"line":24},"10":{"loc":{"start":{"line":25,"column":22},"end":{"line":25,"column":42}},"type":"binary-expr","locations":[{"start":{"line":25,"column":22},"end":{"line":25,"column":33}},{"start":{"line":25,"column":37},"end":{"line":25,"column":42}}],"line":25},"11":{"loc":{"start":{"line":26,"column":21},"end":{"line":26,"column":36}},"type":"binary-expr","locations":[{"start":{"line":26,"column":21},"end":{"line":26,"column":31}},{"start":{"line":26,"column":35},"end":{"line":26,"column":36}}],"line":26},"12":{"loc":{"start":{"line":27,"column":21},"end":{"line":27,"column":36}},"type":"binary-expr","locations":[{"start":{"line":27,"column":21},"end":{"line":27,"column":31}},{"start":{"line":27,"column":35},"end":{"line":27,"column":36}}],"line":27},"13":{"loc":{"start":{"line":28,"column":25},"end":{"line":28,"column":44}},"type":"binary-expr","locations":[{"start":{"line":28,"column":25},"end":{"line":28,"column":39}},{"start":{"line":28,"column":43},"end":{"line":28,"column":44}}],"line":28},"14":{"loc":{"start":{"line":29,"column":23},"end":{"line":29,"column":41}},"type":"binary-expr","locations":[{"start":{"line":29,"column":23},"end":{"line":29,"column":35}},{"start":{"line":29,"column":39},"end":{"line":29,"column":41}}],"line":29},"15":{"loc":{"start":{"line":30,"column":27},"end":{"line":30,"column":49}},"type":"binary-expr","locations":[{"start":{"line":30,"column":27},"end":{"line":30,"column":43}},{"start":{"line":30,"column":47},"end":{"line":30,"column":49}}],"line":30},"16":{"loc":{"start":{"line":31,"column":23},"end":{"line":31,"column":49}},"type":"binary-expr","locations":[{"start":{"line":31,"column":23},"end":{"line":31,"column":35}},{"start":{"line":31,"column":39},"end":{"line":31,"column":49}}],"line":31},"17":{"loc":{"start":{"line":32,"column":25},"end":{"line":32,"column":48}},"type":"binary-expr","locations":[{"start":{"line":32,"column":25},"end":{"line":32,"column":39}},{"start":{"line":32,"column":43},"end":{"line":32,"column":48}}],"line":32},"18":{"loc":{"start":{"line":33,"column":24},"end":{"line":33,"column":46}},"type":"binary-expr","locations":[{"start":{"line":33,"column":24},"end":{"line":33,"column":37}},{"start":{"line":33,"column":41},"end":{"line":33,"column":46}}],"line":33},"19":{"loc":{"start":{"line":34,"column":22},"end":{"line":34,"column":45}},"type":"binary-expr","locations":[{"start":{"line":34,"column":22},"end":{"line":34,"column":33}},{"start":{"line":34,"column":37},"end":{"line":34,"column":45}}],"line":34},"20":{"loc":{"start":{"line":35,"column":26},"end":{"line":35,"column":55}},"type":"binary-expr","locations":[{"start":{"line":35,"column":26},"end":{"line":35,"column":41}},{"start":{"line":35,"column":45},"end":{"line":35,"column":55}}],"line":35},"21":{"loc":{"start":{"line":36,"column":25},"end":{"line":36,"column":53}},"type":"binary-expr","locations":[{"start":{"line":36,"column":25},"end":{"line":36,"column":39}},{"start":{"line":36,"column":43},"end":{"line":36,"column":53}}],"line":36},"22":{"loc":{"start":{"line":54,"column":8},"end":{"line":64,"column":9}},"type":"if","locations":[{"start":{"line":54,"column":8},"end":{"line":64,"column":9}},{"start":{"line":59,"column":15},"end":{"line":64,"column":9}}],"line":54},"23":{"loc":{"start":{"line":175,"column":15},"end":{"line":175,"column":41}},"type":"binary-expr","locations":[{"start":{"line":175,"column":15},"end":{"line":175,"column":33}},{"start":{"line":175,"column":37},"end":{"line":175,"column":41}}],"line":175},"24":{"loc":{"start":{"line":186,"column":12},"end":{"line":188,"column":13}},"type":"if","locations":[{"start":{"line":186,"column":12},"end":{"line":188,"column":13}},{"start":{},"end":{}}],"line":186},"25":{"loc":{"start":{"line":201,"column":12},"end":{"line":203,"column":13}},"type":"if","locations":[{"start":{"line":201,"column":12},"end":{"line":203,"column":13}},{"start":{},"end":{}}],"line":201},"26":{"loc":{"start":{"line":213,"column":17},"end":{"line":213,"column":29}},"type":"default-arg","locations":[{"start":{"line":213,"column":27},"end":{"line":213,"column":29}}],"line":213},"27":{"loc":{"start":{"line":217,"column":8},"end":{"line":219,"column":9}},"type":"if","locations":[{"start":{"line":217,"column":8},"end":{"line":219,"column":9}},{"start":{},"end":{}}],"line":217},"28":{"loc":{"start":{"line":222,"column":8},"end":{"line":224,"column":9}},"type":"if","locations":[{"start":{"line":222,"column":8},"end":{"line":224,"column":9}},{"start":{},"end":{}}],"line":222},"29":{"loc":{"start":{"line":227,"column":8},"end":{"line":229,"column":9}},"type":"if","locations":[{"start":{"line":227,"column":8},"end":{"line":229,"column":9}},{"start":{},"end":{}}],"line":227},"30":{"loc":{"start":{"line":230,"column":8},"end":{"line":232,"column":9}},"type":"if","locations":[{"start":{"line":230,"column":8},"end":{"line":232,"column":9}},{"start":{},"end":{}}],"line":230},"31":{"loc":{"start":{"line":235,"column":8},"end":{"line":237,"column":9}},"type":"if","locations":[{"start":{"line":235,"column":8},"end":{"line":237,"column":9}},{"start":{},"end":{}}],"line":235},"32":{"loc":{"start":{"line":238,"column":8},"end":{"line":240,"column":9}},"type":"if","locations":[{"start":{"line":238,"column":8},"end":{"line":240,"column":9}},{"start":{},"end":{}}],"line":238},"33":{"loc":{"start":{"line":243,"column":8},"end":{"line":247,"column":9}},"type":"if","locations":[{"start":{"line":243,"column":8},"end":{"line":247,"column":9}},{"start":{},"end":{}}],"line":243},"34":{"loc":{"start":{"line":243,"column":12},"end":{"line":243,"column":51}},"type":"binary-expr","locations":[{"start":{"line":243,"column":12},"end":{"line":243,"column":24}},{"start":{"line":243,"column":28},"end":{"line":243,"column":51}}],"line":243},"35":{"loc":{"start":{"line":250,"column":8},"end":{"line":255,"column":9}},"type":"if","locations":[{"start":{"line":250,"column":8},"end":{"line":255,"column":9}},{"start":{"line":252,"column":15},"end":{"line":255,"column":9}}],"line":250},"36":{"loc":{"start":{"line":258,"column":8},"end":{"line":277,"column":9}},"type":"if","locations":[{"start":{"line":258,"column":8},"end":{"line":277,"column":9}},{"start":{},"end":{}}],"line":258},"37":{"loc":{"start":{"line":260,"column":16},"end":{"line":275,"column":17}},"type":"switch","locations":[{"start":{"line":261,"column":20},"end":{"line":262,"column":59}},{"start":{"line":263,"column":20},"end":{"line":264,"column":59}},{"start":{"line":265,"column":20},"end":{"line":266,"column":49}},{"start":{"line":267,"column":20},"end":{"line":268,"column":49}},{"start":{"line":269,"column":20},"end":{"line":270,"column":49}},{"start":{"line":271,"column":20},"end":{"line":272,"column":49}},{"start":{"line":273,"column":20},"end":{"line":274,"column":33}}],"line":260},"38":{"loc":{"start":{"line":290,"column":8},"end":{"line":290,"column":31}},"type":"if","locations":[{"start":{"line":290,"column":8},"end":{"line":290,"column":31}},{"start":{},"end":{}}],"line":290},"39":{"loc":{"start":{"line":312,"column":18},"end":{"line":312,"column":28}},"type":"default-arg","locations":[{"start":{"line":312,"column":26},"end":{"line":312,"column":28}}],"line":312},"40":{"loc":{"start":{"line":312,"column":30},"end":{"line":312,"column":40}},"type":"default-arg","locations":[{"start":{"line":312,"column":39},"end":{"line":312,"column":40}}],"line":312}},"s":{"0":0,"1":0,"2":0,"3":0,"4":0,"5":0,"6":0,"7":0,"8":0,"9":0,"10":0,"11":0,"12":0,"13":0,"14":0,"15":0,"16":0,"17":0,"18":0,"19":0,"20":0,"21":0,"22":0,"23":0,"24":0,"25":0,"26":0,"27":0,"28":0,"29":0,"30":0,"31":0,"32":0,"33":0,"34":0,"35":0,"36":0,"37":0,"38":0,"39":0,"40":0,"41":0,"42":0,"43":0,"44":0,"45":0,"46":0,"47":0,"48":0,"49":0,"50":0,"51":0,"52":0,"53":0,"54":0,"55":0,"56":0,"57":0,"58":0,"59":0,"60":0,"61":0,"62":0,"63":0,"64":0,"65":0,"66":0,"67":0,"68":0,"69":0,"70":0,"71":0,"72":0,"73":0,"74":0,"75":0,"76":0,"77":0,"78":0,"79":0,"80":0,"81":0,"82":0,"83":0,"84":0,"85":0,"86":0,"87":0,"88":0,"89":0,"90":0,"91":0,"92":0,"93":0,"94":0,"95":0,"96":0,"97":0,"98":0,"99":0,"100":0,"101":0,"102":0,"103":0,"104":0,"105":0,"106":0,"107":0,"108":0,"109":0,"110":0},"f":{"0":0,"1":0,"2":0,"3":0,"4":0,"5":0,"6":0,"7":0,"8":0,"9":0,"10":0,"11":0,"12":0,"13":0,"14":0,"15":0,"16":0,"17":0,"18":0,"19":0,"20":0,"21":0,"22":0,"23":0,"24":0,"25":0,"26":0,"27":0,"28":0},"b":{"0":[0,0],"1":[0,0],"2":[0,0],"3":[0,0],"4":[0,0],"5":[0,0],"6":[0,0],"7":[0,0],"8":[0,0],"9":[0,0],"10":[0,0],"11":[0,0],"12":[0,0],"13":[0,0],"14":[0,0],"15":[0,0],"16":[0,0],"17":[0,0],"18":[0,0],"19":[0,0],"20":[0,0],"21":[0,0],"22":[0,0],"23":[0,0],"24":[0,0],"25":[0,0],"26":[0],"27":[0,0],"28":[0,0],"29":[0,0],"30":[0,0],"31":[0,0],"32":[0,0],"33":[0,0],"34":[0,0],"35":[0,0],"36":[0,0],"37":[0,0,0,0,0,0,0],"38":[0,0],"39":[0],"40":[0]},"inputSourceMap":null}
,"C:\\Users\\Admin\\OneDrive\\Documents\\CreatorSync\\server\\models\\User.js": {"path":"C:\\Users\\Admin\\OneDrive\\Documents\\CreatorSync\\server\\models\\User.js","statementMap":{"0":{"start":{"line":4,"column":15},"end":{"line":4,"column":32}},"1":{"start":{"line":5,"column":23},"end":{"line":5,"column":38}},"2":{"start":{"line":13,"column":8},"end":{"line":13,"column":38}},"3":{"start":{"line":14,"column":8},"end":{"line":14,"column":38}},"4":{"start":{"line":15,"column":8},"end":{"line":15,"column":32}},"5":{"start":{"line":16,"column":8},"end":{"line":16,"column":38}},"6":{"start":{"line":17,"column":8},"end":{"line":17,"column":40}},"7":{"start":{"line":18,"column":8},"end":{"line":18,"column":56}},"8":{"start":{"line":19,"column":8},"end":{"line":19,"column":42}},"9":{"start":{"line":20,"column":8},"end":{"line":20,"column":34}},"10":{"start":{"line":21,"column":8},"end":{"line":21,"column":44}},"11":{"start":{"line":22,"column":8},"end":{"line":22,"column":42}},"12":{"start":{"line":23,"column":8},"end":{"line":23,"column":50}},"13":{"start":{"line":24,"column":8},"end":{"line":24,"column":47}},"14":{"start":{"line":25,"column":8},"end":{"line":25,"column":46}},"15":{"start":{"line":26,"column":8},"end":{"line":26,"column":46}},"16":{"start":{"line":27,"column":8},"end":{"line":27,"column":46}},"17":{"start":{"line":28,"column":8},"end":{"line":28,"column":54}},"18":{"start":{"line":29,"column":8},"end":{"line":29,"column":54}},"19":{"start":{"line":30,"column":8},"end":{"line":30,"column":48}},"20":{"start":{"line":39,"column":23},"end":{"line":39,"column":64}},"21":{"start":{"line":40,"column":8},"end":{"line":40,"column":51}},"22":{"start":{"line":50,"column":8},"end":{"line":50,"column":52}},"23":{"start":{"line":59,"column":27},"end":{"line":59,"column":55}},"24":{"start":{"line":60,"column":8},"end":{"line":60,"column":38}},"25":{"start":{"line":69,"column":30},"end":{"line":69,"column":53}},"26":{"start":{"line":70,"column":8},"end":{"line":70,"column":44}},"27":{"start":{"line":79,"column":26},"end":{"line":79,"column":27}},"28":{"start":{"line":80,"column":29},"end":{"line":80,"column":51}},"29":{"start":{"line":81,"column":29},"end":{"line":81,"column":51}},"30":{"start":{"line":82,"column":27},"end":{"line":82,"column":46}},"31":{"start":{"line":83,"column":31},"end":{"line":83,"column":70}},"32":{"start":{"line":85,"column":24},"end":{"line":85,"column":98}},"33":{"start":{"line":87,"column":8},"end":{"line":95,"column":10}},"34":{"start":{"line":103,"column":8},"end":{"line":115,"column":10}},"35":{"start":{"line":123,"column":8},"end":{"line":141,"column":10}},"36":{"start":{"line":150,"column":23},"end":{"line":150,"column":63}},"37":{"start":{"line":151,"column":31},"end":{"line":151,"column":64}},"38":{"start":{"line":152,"column":35},"end":{"line":152,"column":56}},"39":{"start":{"line":153,"column":8},"end":{"line":153,"column":52}},"40":{"start":{"line":162,"column":8},"end":{"line":162,"column":47}},"41":{"start":{"line":171,"column":8},"end":{"line":171,"column":47}},"42":{"start":{"line":181,"column":8},"end":{"line":181,"column":31}},"43":{"start":{"line":190,"column":21},"end":{"line":190,"column":39}},"44":{"start":{"line":191,"column":8},"end":{"line":191,"column":38}},"45":{"start":{"line":192,"column":8},"end":{"line":192,"column":20}},"46":{"start":{"line":201,"column":8},"end":{"line":201,"column":42}},"47":{"start":{"line":210,"column":8},"end":{"line":214,"column":9}},"48":{"start":{"line":211,"column":12},"end":{"line":213,"column":13}},"49":{"start":{"line":212,"column":16},"end":{"line":212,"column":28}},"50":{"start":{"line":215,"column":8},"end":{"line":215,"column":20}},"51":{"start":{"line":224,"column":8},"end":{"line":228,"column":9}},"52":{"start":{"line":225,"column":12},"end":{"line":227,"column":13}},"53":{"start":{"line":226,"column":16},"end":{"line":226,"column":28}},"54":{"start":{"line":229,"column":8},"end":{"line":229,"column":20}},"55":{"start":{"line":239,"column":21},"end":{"line":239,"column":39}},"56":{"start":{"line":240,"column":8},"end":{"line":240,"column":31}},"57":{"start":{"line":240,"column":19},"end":{"line":240,"column":31}},"58":{"start":{"line":242,"column":8},"end":{"line":242,"column":37}},"59":{"start":{"line":243,"column":8},"end":{"line":243,"column":36}},"60":{"start":{"line":244,"column":8},"end":{"line":244,"column":20}},"61":{"start":{"line":253,"column":8},"end":{"line":253,"column":37}},"62":{"start":{"line":263,"column":22},"end":{"line":263,"column":53}},"63":{"start":{"line":264,"column":8},"end":{"line":264,"column":51}},"64":{"start":{"line":269,"column":23},"end":{"line":269,"column":43}},"65":{"start":{"line":271,"column":0},"end":{"line":275,"column":2}}},"fnMap":{"0":{"name":"(anonymous_0)","decl":{"start":{"line":12,"column":4},"end":{"line":12,"column":5}},"loc":{"start":{"line":12,"column":22},"end":{"line":31,"column":5}},"line":12},"1":{"name":"(anonymous_1)","decl":{"start":{"line":38,"column":4},"end":{"line":38,"column":5}},"loc":{"start":{"line":38,"column":40},"end":{"line":41,"column":5}},"line":38},"2":{"name":"(anonymous_2)","decl":{"start":{"line":49,"column":4},"end":{"line":49,"column":5}},"loc":{"start":{"line":49,"column":49},"end":{"line":51,"column":5}},"line":49},"3":{"name":"(anonymous_3)","decl":{"start":{"line":58,"column":4},"end":{"line":58,"column":5}},"loc":{"start":{"line":58,"column":31},"end":{"line":61,"column":5}},"line":58},"4":{"name":"(anonymous_4)","decl":{"start":{"line":68,"column":4},"end":{"line":68,"column":5}},"loc":{"start":{"line":68,"column":37},"end":{"line":71,"column":5}},"line":68},"5":{"name":"(anonymous_5)","decl":{"start":{"line":78,"column":4},"end":{"line":78,"column":5}},"loc":{"start":{"line":78,"column":38},"end":{"line":96,"column":5}},"line":78},"6":{"name":"(anonymous_6)","decl":{"start":{"line":102,"column":4},"end":{"line":102,"column":5}},"loc":{"start":{"line":102,"column":22},"end":{"line":116,"column":5}},"line":102},"7":{"name":"(anonymous_7)","decl":{"start":{"line":122,"column":4},"end":{"line":122,"column":5}},"loc":{"start":{"line":122,"column":23},"end":{"line":142,"column":5}},"line":122},"8":{"name":"(anonymous_8)","decl":{"start":{"line":149,"column":4},"end":{"line":149,"column":5}},"loc":{"start":{"line":149,"column":27},"end":{"line":154,"column":5}},"line":149},"9":{"name":"(anonymous_9)","decl":{"start":{"line":161,"column":4},"end":{"line":161,"column":5}},"loc":{"start":{"line":161,"column":24},"end":{"line":163,"column":5}},"line":161},"10":{"name":"(anonymous_10)","decl":{"start":{"line":170,"column":4},"end":{"line":170,"column":5}},"loc":{"start":{"line":170,"column":25},"end":{"line":172,"column":5}},"line":170},"11":{"name":"(anonymous_11)","decl":{"start":{"line":180,"column":4},"end":{"line":180,"column":5}},"loc":{"start":{"line":180,"column":18},"end":{"line":182,"column":5}},"line":180},"12":{"name":"(anonymous_12)","decl":{"start":{"line":189,"column":4},"end":{"line":189,"column":5}},"loc":{"start":{"line":189,"column":27},"end":{"line":193,"column":5}},"line":189},"13":{"name":"(anonymous_13)","decl":{"start":{"line":200,"column":4},"end":{"line":200,"column":5}},"loc":{"start":{"line":200,"column":23},"end":{"line":202,"column":5}},"line":200},"14":{"name":"(anonymous_14)","decl":{"start":{"line":209,"column":4},"end":{"line":209,"column":5}},"loc":{"start":{"line":209,"column":29},"end":{"line":216,"column":5}},"line":209},"15":{"name":"(anonymous_15)","decl":{"start":{"line":223,"column":4},"end":{"line":223,"column":5}},"loc":{"start":{"line":223,"column":35},"end":{"line":230,"column":5}},"line":223},"16":{"name":"(anonymous_16)","decl":{"start":{"line":238,"column":4},"end":{"line":238,"column":5}},"loc":{"start":{"line":238,"column":30},"end":{"line":245,"column":5}},"line":238},"17":{"name":"(anonymous_17)","decl":{"start":{"line":252,"column":4},"end":{"line":252,"column":5}},"loc":{"start":{"line":252,"column":21},"end":{"line":254,"column":5}},"line":252},"18":{"name":"(anonymous_18)","decl":{"start":{"line":262,"column":4},"end":{"line":262,"column":5}},"loc":{"start":{"line":262,"column":42},"end":{"line":265,"column":5}},"line":262}},"branchMap":{"0":{"loc":{"start":{"line":13,"column":18},"end":{"line":13,"column":37}},"type":"binary-expr","locations":[{"start":{"line":13,"column":18},"end":{"line":13,"column":25}},{"start":{"line":13,"column":29},"end":{"line":13,"column":37}}],"line":13},"1":{"loc":{"start":{"line":17,"column":20},"end":{"line":17,"column":39}},"type":"binary-expr","locations":[{"start":{"line":17,"column":20},"end":{"line":17,"column":29}},{"start":{"line":17,"column":33},"end":{"line":17,"column":39}}],"line":17},"2":{"loc":{"start":{"line":18,"column":28},"end":{"line":18,"column":55}},"type":"binary-expr","locations":[{"start":{"line":18,"column":28},"end":{"line":18,"column":45}},{"start":{"line":18,"column":49},"end":{"line":18,"column":55}}],"line":18},"3":{"loc":{"start":{"line":19,"column":22},"end":{"line":19,"column":41}},"type":"binary-expr","locations":[{"start":{"line":19,"column":22},"end":{"line":19,"column":33}},{"start":{"line":19,"column":37},"end":{"line":19,"column":41}}],"line":19},"4":{"loc":{"start":{"line":20,"column":19},"end":{"line":20,"column":33}},"type":"binary-expr","locations":[{"start":{"line":20,"column":19},"end":{"line":20,"column":27}},{"start":{"line":20,"column":31},"end":{"line":20,"column":33}}],"line":20},"5":{"loc":{"start":{"line":21,"column":24},"end":{"line":21,"column":43}},"type":"binary-expr","locations":[{"start":{"line":21,"column":24},"end":{"line":21,"column":37}},{"start":{"line":21,"column":41},"end":{"line":21,"column":43}}],"line":21},"6":{"loc":{"start":{"line":22,"column":23},"end":{"line":22,"column":41}},"type":"binary-expr","locations":[{"start":{"line":22,"column":23},"end":{"line":22,"column":35}},{"start":{"line":22,"column":39},"end":{"line":22,"column":41}}],"line":22},"7":{"loc":{"start":{"line":23,"column":27},"end":{"line":23,"column":49}},"type":"binary-expr","locations":[{"start":{"line":23,"column":27},"end":{"line":23,"column":43}},{"start":{"line":23,"column":47},"end":{"line":23,"column":49}}],"line":23},"8":{"loc":{"start":{"line":24,"column":24},"end":{"line":24,"column":46}},"type":"binary-expr","locations":[{"start":{"line":24,"column":24},"end":{"line":24,"column":37}},{"start":{"line":24,"column":41},"end":{"line":24,"column":46}}],"line":24},"9":{"loc":{"start":{"line":25,"column":25},"end":{"line":25,"column":45}},"type":"binary-expr","locations":[{"start":{"line":25,"column":25},"end":{"line":25,"column":39}},{"start":{"line":25,"column":43},"end":{"line":25,"column":45}}],"line":25},"10":{"loc":{"start":{"line":26,"column":25},"end":{"line":26,"column":45}},"type":"binary-expr","locations":[{"start":{"line":26,"column":25},"end":{"line":26,"column":39}},{"start":{"line":26,"column":43},"end":{"line":26,"column":45}}],"line":26},"11":{"loc":{"start":{"line":27,"column":25},"end":{"line":27,"column":45}},"type":"binary-expr","locations":[{"start":{"line":27,"column":25},"end":{"line":27,"column":39}},{"start":{"line":27,"column":43},"end":{"line":27,"column":45}}],"line":27},"12":{"loc":{"start":{"line":28,"column":25},"end":{"line":28,"column":53}},"type":"binary-expr","locations":[{"start":{"line":28,"column":25},"end":{"line":28,"column":39}},{"start":{"line":28,"column":43},"end":{"line":28,"column":53}}],"line":28},"13":{"loc":{"start":{"line":29,"column":25},"end":{"line":29,"column":53}},"type":"binary-expr","locations":[{"start":{"line":29,"column":25},"end":{"line":29,"column":39}},{"start":{"line":29,"column":43},"end":{"line":29,"column":53}}],"line":29},"14":{"loc":{"start":{"line":30,"column":25},"end":{"line":30,"column":47}},"type":"binary-expr","locations":[{"start":{"line":30,"column":25},"end":{"line":30,"column":39}},{"start":{"line":30,"column":43},"end":{"line":30,"column":47}}],"line":30},"15":{"loc":{"start":{"line":39,"column":23},"end":{"line":39,"column":64}},"type":"binary-expr","locations":[{"start":{"line":39,"column":23},"end":{"line":39,"column":58}},{"start":{"line":39,"column":62},"end":{"line":39,"column":64}}],"line":39},"16":{"loc":{"start":{"line":85,"column":24},"end":{"line":85,"column":98}},"type":"binary-expr","locations":[{"start":{"line":85,"column":24},"end":{"line":85,"column":52}},{"start":{"line":85,"column":56},"end":{"line":85,"column":68}},{"start":{"line":85,"column":72},"end":{"line":85,"column":84}},{"start":{"line":85,"column":88},"end":{"line":85,"column":98}}],"line":85},"17":{"loc":{"start":{"line":90,"column":16},"end":{"line":90,"column":98}},"type":"binary-expr","locations":[{"start":{"line":90,"column":16},"end":{"line":90,"column":43}},{"start":{"line":90,"column":47},"end":{"line":90,"column":98}}],"line":90},"18":{"loc":{"start":{"line":91,"column":16},"end":{"line":91,"column":86}},"type":"binary-expr","locations":[{"start":{"line":91,"column":16},"end":{"line":91,"column":29}},{"start":{"line":91,"column":33},"end":{"line":91,"column":86}}],"line":91},"19":{"loc":{"start":{"line":92,"column":16},"end":{"line":92,"column":86}},"type":"binary-expr","locations":[{"start":{"line":92,"column":16},"end":{"line":92,"column":29}},{"start":{"line":92,"column":33},"end":{"line":92,"column":86}}],"line":92},"20":{"loc":{"start":{"line":93,"column":16},"end":{"line":93,"column":74}},"type":"binary-expr","locations":[{"start":{"line":93,"column":16},"end":{"line":93,"column":27}},{"start":{"line":93,"column":31},"end":{"line":93,"column":74}}],"line":93},"21":{"loc":{"start":{"line":201,"column":15},"end":{"line":201,"column":41}},"type":"binary-expr","locations":[{"start":{"line":201,"column":15},"end":{"line":201,"column":33}},{"start":{"line":201,"column":37},"end":{"line":201,"column":41}}],"line":201},"22":{"loc":{"start":{"line":211,"column":12},"end":{"line":213,"column":13}},"type":"if","locations":[{"start":{"line":211,"column":12},"end":{"line":213,"column":13}},{"start":{},"end":{}}],"line":211},"23":{"loc":{"start":{"line":225,"column":12},"end":{"line":227,"column":13}},"type":"if","locations":[{"start":{"line":225,"column":12},"end":{"line":227,"column":13}},{"start":{},"end":{}}],"line":225},"24":{"loc":{"start":{"line":240,"column":8},"end":{"line":240,"column":31}},"type":"if","locations":[{"start":{"line":240,"column":8},"end":{"line":240,"column":31}},{"start":{},"end":{}}],"line":240},"25":{"loc":{"start":{"line":262,"column":18},"end":{"line":262,"column":28}},"type":"default-arg","locations":[{"start":{"line":262,"column":26},"end":{"line":262,"column":28}}],"line":262},"26":{"loc":{"start":{"line":262,"column":30},"end":{"line":262,"column":40}},"type":"default-arg","locations":[{"start":{"line":262,"column":39},"end":{"line":262,"column":40}}],"line":262}},"s":{"0":0,"1":0,"2":0,"3":0,"4":0,"5":0,"6":0,"7":0,"8":0,"9":0,"10":0,"11":0,"12":0,"13":0,"14":0,"15":0,"16":0,"17":0,"18":0,"19":0,"20":0,"21":0,"22":0,"23":0,"24":0,"25":0,"26":0,"27":0,"28":0,"29":0,"30":0,"31":0,"32":0,"33":0,"34":0,"35":0,"36":0,"37":0,"38":0,"39":0,"40":0,"41":0,"42":0,"43":0,"44":0,"45":0,"46":0,"47":0,"48":0,"49":0,"50":0,"51":0,"52":0,"53":0,"54":0,"55":0,"56":0,"57":0,"58":0,"59":0,"60":0,"61":0,"62":0,"63":0,"64":0,"65":0},"f":{"0":0,"1":0,"2":0,"3":0,"4":0,"5":0,"6":0,"7":0,"8":0,"9":0,"10":0,"11":0,"12":0,"13":0,"14":0,"15":0,"16":0,"17":0,"18":0},"b":{"0":[0,0],"1":[0,0],"2":[0,0],"3":[0,0],"4":[0,0],"5":[0,0],"6":[0,0],"7":[0,0],"8":[0,0],"9":[0,0],"10":[0,0],"11":[0,0],"12":[0,0],"13":[0,0],"14":[0,0],"15":[0,0],"16":[0,0,0,0],"17":[0,0],"18":[0,0],"19":[0,0],"20":[0,0],"21":[0,0],"22":[0,0],"23":[0,0],"24":[0,0],"25":[0],"26":[0]},"inputSourceMap":null}
,"C:\\Users\\Admin\\OneDrive\\Documents\\CreatorSync\\server\\repositories\\beatRepository.js": {"path":"C:\\Users\\Admin\\OneDrive\\Documents\\CreatorSync\\server\\repositories\\beatRepository.js","statementMap":{"0":{"start":{"line":4,"column":21},"end":{"line":4,"column":39}},"1":{"start":{"line":5,"column":19},"end":{"line":5,"column":45}},"2":{"start":{"line":6,"column":28},"end":{"line":6,"column":56}},"3":{"start":{"line":10,"column":8},"end":{"line":10,"column":38}},"4":{"start":{"line":17,"column":8},"end":{"line":17,"column":66}},"5":{"start":{"line":24,"column":8},"end":{"line":74,"column":9}},"6":{"start":{"line":25,"column":31},"end":{"line":25,"column":51}},"7":{"start":{"line":27,"column":25},"end":{"line":65,"column":13}},"8":{"start":{"line":67,"column":27},"end":{"line":67,"column":59}},"9":{"start":{"line":68,"column":12},"end":{"line":68,"column":96}},"10":{"start":{"line":70,"column":12},"end":{"line":70,"column":54}},"11":{"start":{"line":72,"column":12},"end":{"line":72,"column":74}},"12":{"start":{"line":73,"column":12},"end":{"line":73,"column":24}},"13":{"start":{"line":81,"column":8},"end":{"line":93,"column":9}},"14":{"start":{"line":82,"column":31},"end":{"line":82,"column":51}},"15":{"start":{"line":83,"column":25},"end":{"line":83,"column":80}},"16":{"start":{"line":85,"column":12},"end":{"line":87,"column":13}},"17":{"start":{"line":86,"column":16},"end":{"line":86,"column":35}},"18":{"start":{"line":89,"column":12},"end":{"line":89,"column":24}},"19":{"start":{"line":91,"column":12},"end":{"line":91,"column":87}},"20":{"start":{"line":92,"column":12},"end":{"line":92,"column":24}},"21":{"start":{"line":100,"column":8},"end":{"line":135,"column":9}},"22":{"start":{"line":101,"column":31},"end":{"line":101,"column":51}},"23":{"start":{"line":108,"column":16},"end":{"line":108,"column":23}},"24":{"start":{"line":110,"column":25},"end":{"line":110,"column":43}},"25":{"start":{"line":111,"column":25},"end":{"line":111,"column":68}},"26":{"start":{"line":113,"column":35},"end":{"line":121,"column":14}},"27":{"start":{"line":123,"column":12},"end":{"line":131,"column":14}},"28":{"start":{"line":124,"column":42},"end":{"line":124,"column":67}},"29":{"start":{"line":133,"column":12},"end":{"line":133,"column":90}},"30":{"start":{"line":134,"column":12},"end":{"line":134,"column":24}},"31":{"start":{"line":142,"column":8},"end":{"line":224,"column":9}},"32":{"start":{"line":143,"column":31},"end":{"line":143,"column":51}},"33":{"start":{"line":150,"column":16},"end":{"line":150,"column":23}},"34":{"start":{"line":152,"column":26},"end":{"line":152,"column":46}},"35":{"start":{"line":155,"column":12},"end":{"line":157,"column":13}},"36":{"start":{"line":156,"column":16},"end":{"line":156,"column":44}},"37":{"start":{"line":160,"column":12},"end":{"line":164,"column":13}},"38":{"start":{"line":161,"column":16},"end":{"line":161,"column":31}},"39":{"start":{"line":162,"column":16},"end":{"line":162,"column":78}},"40":{"start":{"line":162,"column":36},"end":{"line":162,"column":78}},"41":{"start":{"line":163,"column":16},"end":{"line":163,"column":78}},"42":{"start":{"line":163,"column":36},"end":{"line":163,"column":78}},"43":{"start":{"line":167,"column":12},"end":{"line":171,"column":13}},"44":{"start":{"line":168,"column":16},"end":{"line":168,"column":33}},"45":{"start":{"line":169,"column":16},"end":{"line":169,"column":86}},"46":{"start":{"line":169,"column":38},"end":{"line":169,"column":86}},"47":{"start":{"line":170,"column":16},"end":{"line":170,"column":86}},"48":{"start":{"line":170,"column":38},"end":{"line":170,"column":86}},"49":{"start":{"line":174,"column":12},"end":{"line":176,"column":13}},"50":{"start":{"line":175,"column":16},"end":{"line":175,"column":40}},"51":{"start":{"line":179,"column":12},"end":{"line":181,"column":13}},"52":{"start":{"line":180,"column":16},"end":{"line":180,"column":51}},"53":{"start":{"line":184,"column":12},"end":{"line":186,"column":13}},"54":{"start":{"line":185,"column":16},"end":{"line":185,"column":51}},"55":{"start":{"line":189,"column":12},"end":{"line":191,"column":13}},"56":{"start":{"line":190,"column":16},"end":{"line":190,"column":58}},"57":{"start":{"line":194,"column":12},"end":{"line":196,"column":13}},"58":{"start":{"line":195,"column":16},"end":{"line":195,"column":38}},"59":{"start":{"line":198,"column":25},"end":{"line":198,"column":43}},"60":{"start":{"line":199,"column":25},"end":{"line":199,"column":68}},"61":{"start":{"line":201,"column":35},"end":{"line":209,"column":14}},"62":{"start":{"line":211,"column":12},"end":{"line":220,"column":14}},"63":{"start":{"line":212,"column":42},"end":{"line":212,"column":67}},"64":{"start":{"line":222,"column":12},"end":{"line":222,"column":76}},"65":{"start":{"line":223,"column":12},"end":{"line":223,"column":24}},"66":{"start":{"line":231,"column":8},"end":{"line":260,"column":9}},"67":{"start":{"line":232,"column":31},"end":{"line":232,"column":51}},"68":{"start":{"line":234,"column":31},"end":{"line":237,"column":13}},"69":{"start":{"line":240,"column":12},"end":{"line":240,"column":34}},"70":{"start":{"line":241,"column":12},"end":{"line":241,"column":33}},"71":{"start":{"line":242,"column":12},"end":{"line":242,"column":37}},"72":{"start":{"line":243,"column":12},"end":{"line":243,"column":41}},"73":{"start":{"line":244,"column":12},"end":{"line":244,"column":36}},"74":{"start":{"line":246,"column":27},"end":{"line":250,"column":13}},"75":{"start":{"line":252,"column":12},"end":{"line":254,"column":13}},"76":{"start":{"line":253,"column":16},"end":{"line":253,"column":51}},"77":{"start":{"line":256,"column":12},"end":{"line":256,"column":32}},"78":{"start":{"line":258,"column":12},"end":{"line":258,"column":82}},"79":{"start":{"line":259,"column":12},"end":{"line":259,"column":24}},"80":{"start":{"line":267,"column":8},"end":{"line":280,"column":9}},"81":{"start":{"line":268,"column":31},"end":{"line":268,"column":51}},"82":{"start":{"line":270,"column":12},"end":{"line":276,"column":14}},"83":{"start":{"line":278,"column":12},"end":{"line":278,"column":87}},"84":{"start":{"line":279,"column":12},"end":{"line":279,"column":24}},"85":{"start":{"line":287,"column":8},"end":{"line":300,"column":9}},"86":{"start":{"line":288,"column":31},"end":{"line":288,"column":51}},"87":{"start":{"line":290,"column":12},"end":{"line":296,"column":14}},"88":{"start":{"line":298,"column":12},"end":{"line":298,"column":87}},"89":{"start":{"line":299,"column":12},"end":{"line":299,"column":24}},"90":{"start":{"line":307,"column":8},"end":{"line":325,"column":9}},"91":{"start":{"line":308,"column":31},"end":{"line":308,"column":51}},"92":{"start":{"line":310,"column":12},"end":{"line":319,"column":14}},"93":{"start":{"line":321,"column":12},"end":{"line":321,"column":66}},"94":{"start":{"line":323,"column":12},"end":{"line":323,"column":83}},"95":{"start":{"line":324,"column":12},"end":{"line":324,"column":24}},"96":{"start":{"line":332,"column":8},"end":{"line":350,"column":9}},"97":{"start":{"line":333,"column":31},"end":{"line":333,"column":51}},"98":{"start":{"line":335,"column":12},"end":{"line":343,"column":14}},"99":{"start":{"line":345,"column":12},"end":{"line":345,"column":78}},"100":{"start":{"line":346,"column":12},"end":{"line":346,"column":24}},"101":{"start":{"line":348,"column":12},"end":{"line":348,"column":92}},"102":{"start":{"line":349,"column":12},"end":{"line":349,"column":24}},"103":{"start":{"line":357,"column":8},"end":{"line":376,"column":9}},"104":{"start":{"line":358,"column":31},"end":{"line":358,"column":51}},"105":{"start":{"line":360,"column":12},"end":{"line":369,"column":14}},"106":{"start":{"line":371,"column":12},"end":{"line":371,"column":52}},"107":{"start":{"line":372,"column":12},"end":{"line":372,"column":24}},"108":{"start":{"line":374,"column":12},"end":{"line":374,"column":82}},"109":{"start":{"line":375,"column":12},"end":{"line":375,"column":24}},"110":{"start":{"line":383,"column":8},"end":{"line":392,"column":9}},"111":{"start":{"line":384,"column":31},"end":{"line":384,"column":51}},"112":{"start":{"line":386,"column":12},"end":{"line":386,"column":70}},"113":{"start":{"line":387,"column":12},"end":{"line":387,"column":64}},"114":{"start":{"line":388,"column":12},"end":{"line":388,"column":24}},"115":{"start":{"line":390,"column":12},"end":{"line":390,"column":87}},"116":{"start":{"line":391,"column":12},"end":{"line":391,"column":24}},"117":{"start":{"line":399,"column":8},"end":{"line":417,"column":9}},"118":{"start":{"line":400,"column":31},"end":{"line":400,"column":51}},"119":{"start":{"line":403,"column":26},"end":{"line":411,"column":26}},"120":{"start":{"line":413,"column":12},"end":{"line":413,"column":66}},"121":{"start":{"line":413,"column":38},"end":{"line":413,"column":63}},"122":{"start":{"line":415,"column":12},"end":{"line":415,"column":83}},"123":{"start":{"line":416,"column":12},"end":{"line":416,"column":24}},"124":{"start":{"line":424,"column":8},"end":{"line":437,"column":9}},"125":{"start":{"line":425,"column":31},"end":{"line":425,"column":51}},"126":{"start":{"line":427,"column":26},"end":{"line":431,"column":26}},"127":{"start":{"line":433,"column":12},"end":{"line":433,"column":66}},"128":{"start":{"line":433,"column":38},"end":{"line":433,"column":63}},"129":{"start":{"line":435,"column":12},"end":{"line":435,"column":83}},"130":{"start":{"line":436,"column":12},"end":{"line":436,"column":24}},"131":{"start":{"line":441,"column":0},"end":{"line":441,"column":38}}},"fnMap":{"0":{"name":"(anonymous_0)","decl":{"start":{"line":9,"column":4},"end":{"line":9,"column":5}},"loc":{"start":{"line":9,"column":18},"end":{"line":11,"column":5}},"line":9},"1":{"name":"(anonymous_1)","decl":{"start":{"line":16,"column":4},"end":{"line":16,"column":5}},"loc":{"start":{"line":16,"column":20},"end":{"line":18,"column":5}},"line":16},"2":{"name":"(anonymous_2)","decl":{"start":{"line":23,"column":4},"end":{"line":23,"column":5}},"loc":{"start":{"line":23,"column":27},"end":{"line":75,"column":5}},"line":23},"3":{"name":"(anonymous_3)","decl":{"start":{"line":80,"column":4},"end":{"line":80,"column":5}},"loc":{"start":{"line":80,"column":27},"end":{"line":94,"column":5}},"line":80},"4":{"name":"(anonymous_4)","decl":{"start":{"line":99,"column":4},"end":{"line":99,"column":5}},"loc":{"start":{"line":99,"column":45},"end":{"line":136,"column":5}},"line":99},"5":{"name":"(anonymous_5)","decl":{"start":{"line":124,"column":33},"end":{"line":124,"column":34}},"loc":{"start":{"line":124,"column":42},"end":{"line":124,"column":67}},"line":124},"6":{"name":"(anonymous_6)","decl":{"start":{"line":141,"column":4},"end":{"line":141,"column":5}},"loc":{"start":{"line":141,"column":45},"end":{"line":225,"column":5}},"line":141},"7":{"name":"(anonymous_7)","decl":{"start":{"line":212,"column":33},"end":{"line":212,"column":34}},"loc":{"start":{"line":212,"column":42},"end":{"line":212,"column":67}},"line":212},"8":{"name":"(anonymous_8)","decl":{"start":{"line":230,"column":4},"end":{"line":230,"column":5}},"loc":{"start":{"line":230,"column":34},"end":{"line":261,"column":5}},"line":230},"9":{"name":"(anonymous_9)","decl":{"start":{"line":266,"column":4},"end":{"line":266,"column":5}},"loc":{"start":{"line":266,"column":33},"end":{"line":281,"column":5}},"line":266},"10":{"name":"(anonymous_10)","decl":{"start":{"line":286,"column":4},"end":{"line":286,"column":5}},"loc":{"start":{"line":286,"column":33},"end":{"line":301,"column":5}},"line":286},"11":{"name":"(anonymous_11)","decl":{"start":{"line":306,"column":4},"end":{"line":306,"column":5}},"loc":{"start":{"line":306,"column":37},"end":{"line":326,"column":5}},"line":306},"12":{"name":"(anonymous_12)","decl":{"start":{"line":331,"column":4},"end":{"line":331,"column":5}},"loc":{"start":{"line":331,"column":40},"end":{"line":351,"column":5}},"line":331},"13":{"name":"(anonymous_13)","decl":{"start":{"line":356,"column":4},"end":{"line":356,"column":5}},"loc":{"start":{"line":356,"column":25},"end":{"line":377,"column":5}},"line":356},"14":{"name":"(anonymous_14)","decl":{"start":{"line":382,"column":4},"end":{"line":382,"column":5}},"loc":{"start":{"line":382,"column":29},"end":{"line":393,"column":5}},"line":382},"15":{"name":"(anonymous_15)","decl":{"start":{"line":398,"column":4},"end":{"line":398,"column":5}},"loc":{"start":{"line":398,"column":34},"end":{"line":418,"column":5}},"line":398},"16":{"name":"(anonymous_16)","decl":{"start":{"line":413,"column":29},"end":{"line":413,"column":30}},"loc":{"start":{"line":413,"column":38},"end":{"line":413,"column":63}},"line":413},"17":{"name":"(anonymous_17)","decl":{"start":{"line":423,"column":4},"end":{"line":423,"column":5}},"loc":{"start":{"line":423,"column":34},"end":{"line":438,"column":5}},"line":423},"18":{"name":"(anonymous_18)","decl":{"start":{"line":433,"column":29},"end":{"line":433,"column":30}},"loc":{"start":{"line":433,"column":38},"end":{"line":433,"column":63}},"line":433}},"branchMap":{"0":{"loc":{"start":{"line":32,"column":26},"end":{"line":32,"column":51}},"type":"binary-expr","locations":[{"start":{"line":32,"column":26},"end":{"line":32,"column":43}},{"start":{"line":32,"column":47},"end":{"line":32,"column":51}}],"line":32},"1":{"loc":{"start":{"line":35,"column":22},"end":{"line":35,"column":41}},"type":"binary-expr","locations":[{"start":{"line":35,"column":22},"end":{"line":35,"column":35}},{"start":{"line":35,"column":39},"end":{"line":35,"column":41}}],"line":35},"2":{"loc":{"start":{"line":36,"column":22},"end":{"line":36,"column":41}},"type":"binary-expr","locations":[{"start":{"line":36,"column":22},"end":{"line":36,"column":35}},{"start":{"line":36,"column":39},"end":{"line":36,"column":41}}],"line":36},"3":{"loc":{"start":{"line":37,"column":29},"end":{"line":37,"column":55}},"type":"binary-expr","locations":[{"start":{"line":37,"column":29},"end":{"line":37,"column":49}},{"start":{"line":37,"column":53},"end":{"line":37,"column":55}}],"line":37},"4":{"loc":{"start":{"line":39,"column":26},"end":{"line":39,"column":52}},"type":"binary-expr","locations":[{"start":{"line":39,"column":26},"end":{"line":39,"column":43}},{"start":{"line":39,"column":47},"end":{"line":39,"column":52}}],"line":39},"5":{"loc":{"start":{"line":41,"column":29},"end":{"line":41,"column":57}},"type":"binary-expr","locations":[{"start":{"line":41,"column":29},"end":{"line":41,"column":49}},{"start":{"line":41,"column":53},"end":{"line":41,"column":57}}],"line":41},"6":{"loc":{"start":{"line":42,"column":31},"end":{"line":42,"column":61}},"type":"binary-expr","locations":[{"start":{"line":42,"column":31},"end":{"line":42,"column":53}},{"start":{"line":42,"column":57},"end":{"line":42,"column":61}}],"line":42},"7":{"loc":{"start":{"line":43,"column":26},"end":{"line":43,"column":48}},"type":"binary-expr","locations":[{"start":{"line":43,"column":26},"end":{"line":43,"column":43}},{"start":{"line":43,"column":47},"end":{"line":43,"column":48}}],"line":43},"8":{"loc":{"start":{"line":44,"column":26},"end":{"line":44,"column":48}},"type":"binary-expr","locations":[{"start":{"line":44,"column":26},"end":{"line":44,"column":43}},{"start":{"line":44,"column":47},"end":{"line":44,"column":48}}],"line":44},"9":{"loc":{"start":{"line":45,"column":28},"end":{"line":45,"column":56}},"type":"binary-expr","locations":[{"start":{"line":45,"column":28},"end":{"line":45,"column":47}},{"start":{"line":45,"column":51},"end":{"line":45,"column":56}}],"line":45},"10":{"loc":{"start":{"line":49,"column":32},"end":{"line":49,"column":68}},"type":"binary-expr","locations":[{"start":{"line":49,"column":32},"end":{"line":49,"column":63}},{"start":{"line":49,"column":67},"end":{"line":49,"column":68}}],"line":49},"11":{"loc":{"start":{"line":50,"column":36},"end":{"line":50,"column":76}},"type":"binary-expr","locations":[{"start":{"line":50,"column":36},"end":{"line":50,"column":71}},{"start":{"line":50,"column":75},"end":{"line":50,"column":76}}],"line":50},"12":{"loc":{"start":{"line":85,"column":12},"end":{"line":87,"column":13}},"type":"if","locations":[{"start":{"line":85,"column":12},"end":{"line":87,"column":13}},{"start":{},"end":{}}],"line":85},"13":{"loc":{"start":{"line":99,"column":31},"end":{"line":99,"column":43}},"type":"default-arg","locations":[{"start":{"line":99,"column":41},"end":{"line":99,"column":43}}],"line":99},"14":{"loc":{"start":{"line":104,"column":16},"end":{"line":104,"column":24}},"type":"default-arg","locations":[{"start":{"line":104,"column":23},"end":{"line":104,"column":24}}],"line":104},"15":{"loc":{"start":{"line":105,"column":16},"end":{"line":105,"column":26}},"type":"default-arg","locations":[{"start":{"line":105,"column":24},"end":{"line":105,"column":26}}],"line":105},"16":{"loc":{"start":{"line":106,"column":16},"end":{"line":106,"column":37}},"type":"default-arg","locations":[{"start":{"line":106,"column":25},"end":{"line":106,"column":37}}],"line":106},"17":{"loc":{"start":{"line":107,"column":16},"end":{"line":107,"column":34}},"type":"default-arg","locations":[{"start":{"line":107,"column":28},"end":{"line":107,"column":34}}],"line":107},"18":{"loc":{"start":{"line":111,"column":37},"end":{"line":111,"column":66}},"type":"cond-expr","locations":[{"start":{"line":111,"column":60},"end":{"line":111,"column":62}},{"start":{"line":111,"column":65},"end":{"line":111,"column":66}}],"line":111},"19":{"loc":{"start":{"line":141,"column":17},"end":{"line":141,"column":29}},"type":"default-arg","locations":[{"start":{"line":141,"column":27},"end":{"line":141,"column":29}}],"line":141},"20":{"loc":{"start":{"line":141,"column":31},"end":{"line":141,"column":43}},"type":"default-arg","locations":[{"start":{"line":141,"column":41},"end":{"line":141,"column":43}}],"line":141},"21":{"loc":{"start":{"line":146,"column":16},"end":{"line":146,"column":24}},"type":"default-arg","locations":[{"start":{"line":146,"column":23},"end":{"line":146,"column":24}}],"line":146},"22":{"loc":{"start":{"line":147,"column":16},"end":{"line":147,"column":26}},"type":"default-arg","locations":[{"start":{"line":147,"column":24},"end":{"line":147,"column":26}}],"line":147},"23":{"loc":{"start":{"line":148,"column":16},"end":{"line":148,"column":37}},"type":"default-arg","locations":[{"start":{"line":148,"column":25},"end":{"line":148,"column":37}}],"line":148},"24":{"loc":{"start":{"line":149,"column":16},"end":{"line":149,"column":34}},"type":"default-arg","locations":[{"start":{"line":149,"column":28},"end":{"line":149,"column":34}}],"line":149},"25":{"loc":{"start":{"line":155,"column":12},"end":{"line":157,"column":13}},"type":"if","locations":[{"start":{"line":155,"column":12},"end":{"line":157,"column":13}},{"start":{},"end":{}}],"line":155},"26":{"loc":{"start":{"line":160,"column":12},"end":{"line":164,"column":13}},"type":"if","locations":[{"start":{"line":160,"column":12},"end":{"line":164,"column":13}},{"start":{},"end":{}}],"line":160},"27":{"loc":{"start":{"line":160,"column":16},"end":{"line":160,"column":48}},"type":"binary-expr","locations":[{"start":{"line":160,"column":16},"end":{"line":160,"column":30}},{"start":{"line":160,"column":34},"end":{"line":160,"column":48}}],"line":160},"28":{"loc":{"start":{"line":162,"column":16},"end":{"line":162,"column":78}},"type":"if","locations":[{"start":{"line":162,"column":16},"end":{"line":162,"column":78}},{"start":{},"end":{}}],"line":162},"29":{"loc":{"start":{"line":163,"column":16},"end":{"line":163,"column":78}},"type":"if","locations":[{"start":{"line":163,"column":16},"end":{"line":163,"column":78}},{"start":{},"end":{}}],"line":163},"30":{"loc":{"start":{"line":167,"column":12},"end":{"line":171,"column":13}},"type":"if","locations":[{"start":{"line":167,"column":12},"end":{"line":171,"column":13}},{"start":{},"end":{}}],"line":167},"31":{"loc":{"start":{"line":167,"column":16},"end":{"line":167,"column":52}},"type":"binary-expr","locations":[{"start":{"line":167,"column":16},"end":{"line":167,"column":32}},{"start":{"line":167,"column":36},"end":{"line":167,"column":52}}],"line":167},"32":{"loc":{"start":{"line":169,"column":16},"end":{"line":169,"column":86}},"type":"if","locations":[{"start":{"line":169,"column":16},"end":{"line":169,"column":86}},{"start":{},"end":{}}],"line":169},"33":{"loc":{"start":{"line":170,"column":16},"end":{"line":170,"column":86}},"type":"if","locations":[{"start":{"line":170,"column":16},"end":{"line":170,"column":86}},{"start":{},"end":{}}],"line":170},"34":{"loc":{"start":{"line":174,"column":12},"end":{"line":176,"column":13}},"type":"if","locations":[{"start":{"line":174,"column":12},"end":{"line":176,"column":13}},{"start":{},"end":{}}],"line":174},"35":{"loc":{"start":{"line":179,"column":12},"end":{"line":181,"column":13}},"type":"if","locations":[{"start":{"line":179,"column":12},"end":{"line":181,"column":13}},{"start":{},"end":{}}],"line":179},"36":{"loc":{"start":{"line":179,"column":16},"end":{"line":179,"column":55}},"type":"binary-expr","locations":[{"start":{"line":179,"column":16},"end":{"line":179,"column":28}},{"start":{"line":179,"column":32},"end":{"line":179,"column":55}}],"line":179},"37":{"loc":{"start":{"line":184,"column":12},"end":{"line":186,"column":13}},"type":"if","locations":[{"start":{"line":184,"column":12},"end":{"line":186,"column":13}},{"start":{},"end":{}}],"line":184},"38":{"loc":{"start":{"line":184,"column":16},"end":{"line":184,"column":55}},"type":"binary-expr","locations":[{"start":{"line":184,"column":16},"end":{"line":184,"column":28}},{"start":{"line":184,"column":32},"end":{"line":184,"column":55}}],"line":184},"39":{"loc":{"start":{"line":189,"column":12},"end":{"line":191,"column":13}},"type":"if","locations":[{"start":{"line":189,"column":12},"end":{"line":191,"column":13}},{"start":{},"end":{}}],"line":189},"40":{"loc":{"start":{"line":194,"column":12},"end":{"line":196,"column":13}},"type":"if","locations":[{"start":{"line":194,"column":12},"end":{"line":196,"column":13}},{"start":{},"end":{}}],"line":194},"41":{"loc":{"start":{"line":199,"column":37},"end":{"line":199,"column":66}},"type":"cond-expr","locations":[{"start":{"line":199,"column":60},"end":{"line":199,"column":62}},{"start":{"line":199,"column":65},"end":{"line":199,"column":66}}],"line":199},"42":{"loc":{"start":{"line":252,"column":12},"end":{"line":254,"column":13}},"type":"if","locations":[{"start":{"line":252,"column":12},"end":{"line":254,"column":13}},{"start":{},"end":{}}],"line":252},"43":{"loc":{"start":{"line":398,"column":22},"end":{"line":398,"column":32}},"type":"default-arg","locations":[{"start":{"line":398,"column":30},"end":{"line":398,"column":32}}],"line":398},"44":{"loc":{"start":{"line":423,"column":22},"end":{"line":423,"column":32}},"type":"default-arg","locations":[{"start":{"line":423,"column":30},"end":{"line":423,"column":32}}],"line":423}},"s":{"0":0,"1":0,"2":0,"3":0,"4":0,"5":0,"6":0,"7":0,"8":0,"9":0,"10":0,"11":0,"12":0,"13":0,"14":0,"15":0,"16":0,"17":0,"18":0,"19":0,"20":0,"21":0,"22":0,"23":0,"24":0,"25":0,"26":0,"27":0,"28":0,"29":0,"30":0,"31":0,"32":0,"33":0,"34":0,"35":0,"36":0,"37":0,"38":0,"39":0,"40":0,"41":0,"42":0,"43":0,"44":0,"45":0,"46":0,"47":0,"48":0,"49":0,"50":0,"51":0,"52":0,"53":0,"54":0,"55":0,"56":0,"57":0,"58":0,"59":0,"60":0,"61":0,"62":0,"63":0,"64":0,"65":0,"66":0,"67":0,"68":0,"69":0,"70":0,"71":0,"72":0,"73":0,"74":0,"75":0,"76":0,"77":0,"78":0,"79":0,"80":0,"81":0,"82":0,"83":0,"84":0,"85":0,"86":0,"87":0,"88":0,"89":0,"90":0,"91":0,"92":0,"93":0,"94":0,"95":0,"96":0,"97":0,"98":0,"99":0,"100":0,"101":0,"102":0,"103":0,"104":0,"105":0,"106":0,"107":0,"108":0,"109":0,"110":0,"111":0,"112":0,"113":0,"114":0,"115":0,"116":0,"117":0,"118":0,"119":0,"120":0,"121":0,"122":0,"123":0,"124":0,"125":0,"126":0,"127":0,"128":0,"129":0,"130":0,"131":0},"f":{"0":0,"1":0,"2":0,"3":0,"4":0,"5":0,"6":0,"7":0,"8":0,"9":0,"10":0,"11":0,"12":0,"13":0,"14":0,"15":0,"16":0,"17":0,"18":0},"b":{"0":[0,0],"1":[0,0],"2":[0,0],"3":[0,0],"4":[0,0],"5":[0,0],"6":[0,0],"7":[0,0],"8":[0,0],"9":[0,0],"10":[0,0],"11":[0,0],"12":[0,0],"13":[0],"14":[0],"15":[0],"16":[0],"17":[0],"18":[0,0],"19":[0],"20":[0],"21":[0],"22":[0],"23":[0],"24":[0],"25":[0,0],"26":[0,0],"27":[0,0],"28":[0,0],"29":[0,0],"30":[0,0],"31":[0,0],"32":[0,0],"33":[0,0],"34":[0,0],"35":[0,0],"36":[0,0],"37":[0,0],"38":[0,0],"39":[0,0],"40":[0,0],"41":[0,0],"42":[0,0],"43":[0],"44":[0]},"inputSourceMap":null}
,"C:\\Users\\Admin\\OneDrive\\Documents\\CreatorSync\\server\\repositories\\userRepository.js": {"path":"C:\\Users\\Admin\\OneDrive\\Documents\\CreatorSync\\server\\repositories\\userRepository.js","statementMap":{"0":{"start":{"line":4,"column":21},"end":{"line":4,"column":39}},"1":{"start":{"line":5,"column":15},"end":{"line":5,"column":32}},"2":{"start":{"line":6,"column":19},"end":{"line":6,"column":45}},"3":{"start":{"line":7,"column":28},"end":{"line":7,"column":56}},"4":{"start":{"line":11,"column":8},"end":{"line":11,"column":38}},"5":{"start":{"line":18,"column":8},"end":{"line":18,"column":66}},"6":{"start":{"line":25,"column":8},"end":{"line":80,"column":9}},"7":{"start":{"line":26,"column":31},"end":{"line":26,"column":51}},"8":{"start":{"line":29,"column":31},"end":{"line":29,"column":77}},"9":{"start":{"line":30,"column":33},"end":{"line":30,"column":81}},"10":{"start":{"line":32,"column":25},"end":{"line":67,"column":13}},"11":{"start":{"line":69,"column":27},"end":{"line":69,"column":59}},"12":{"start":{"line":70,"column":12},"end":{"line":70,"column":90}},"13":{"start":{"line":72,"column":12},"end":{"line":72,"column":54}},"14":{"start":{"line":74,"column":12},"end":{"line":77,"column":13}},"15":{"start":{"line":75,"column":30},"end":{"line":75,"column":62}},"16":{"start":{"line":76,"column":16},"end":{"line":76,"column":59}},"17":{"start":{"line":78,"column":12},"end":{"line":78,"column":74}},"18":{"start":{"line":79,"column":12},"end":{"line":79,"column":24}},"19":{"start":{"line":87,"column":8},"end":{"line":100,"column":9}},"20":{"start":{"line":88,"column":31},"end":{"line":88,"column":51}},"21":{"start":{"line":89,"column":25},"end":{"line":89,"column":80}},"22":{"start":{"line":91,"column":12},"end":{"line":94,"column":13}},"23":{"start":{"line":92,"column":16},"end":{"line":92,"column":35}},"24":{"start":{"line":93,"column":16},"end":{"line":93,"column":41}},"25":{"start":{"line":96,"column":12},"end":{"line":96,"column":24}},"26":{"start":{"line":98,"column":12},"end":{"line":98,"column":87}},"27":{"start":{"line":99,"column":12}
[...]
art":{},"end":{}}],"line":279},"89":{"loc":{"start":{"line":301,"column":12},"end":{"line":301,"column":51}},"type":"if","locations":[{"start":{"line":301,"column":12},"end":{"line":301,"column":51}},{"start":{},"end":{}}],"line":301},"90":{"loc":{"start":{"line":302,"column":12},"end":{"line":302,"column":48}},"type":"if","locations":[{"start":{"line":302,"column":12},"end":{"line":302,"column":48}},{"start":{},"end":{}}],"line":302},"91":{"loc":{"start":{"line":303,"column":12},"end":{"line":303,"column":45}},"type":"if","locations":[{"start":{"line":303,"column":12},"end":{"line":303,"column":45}},{"start":{},"end":{}}],"line":303},"92":{"loc":{"start":{"line":304,"column":12},"end":{"line":304,"column":57}},"type":"if","locations":[{"start":{"line":304,"column":12},"end":{"line":304,"column":57}},{"start":{},"end":{}}],"line":304},"93":{"loc":{"start":{"line":306,"column":12},"end":{"line":309,"column":13}},"type":"if","locations":[{"start":{"line":306,"column":12},"end":{"line":309,"column":13}},{"start":{},"end":{}}],"line":306},"94":{"loc":{"start":{"line":311,"column":12},"end":{"line":314,"column":13}},"type":"if","locations":[{"start":{"line":311,"column":12},"end":{"line":314,"column":13}},{"start":{},"end":{}}],"line":311},"95":{"loc":{"start":{"line":322,"column":29},"end":{"line":322,"column":61}},"type":"cond-expr","locations":[{"start":{"line":322,"column":51},"end":{"line":322,"column":52}},{"start":{"line":322,"column":55},"end":{"line":322,"column":61}}],"line":322},"96":{"loc":{"start":{"line":323,"column":31},"end":{"line":323,"column":67}},"type":"cond-expr","locations":[{"start":{"line":323,"column":55},"end":{"line":323,"column":56}},{"start":{"line":323,"column":59},"end":{"line":323,"column":67}}],"line":323}},"s":{"0":0,"1":0,"2":0,"3":0,"4":0,"5":0,"6":0,"7":0,"8":0,"9":0,"10":0,"11":0,"12":0,"13":0,"14":0,"15":0,"16":0,"17":0,"18":0,"19":0,"20":0,"21":0,"22":0,"23":0,"24":0,"25":0,"26":0,"27":0,"28":0,"29":0,"30":0,"31":0,"32":0,"33":0,"34":0,"35":0,"36":0,"37":0,"38":0,"39":0,"40":0,"41":0,"42":0,"43":0,"44":0,"45":0,"46":0,"47":0,"48":0,"49":0,"50":0,"51":0,"52":0,"53":0,"54":0,"55":0,"56":0,"57":0,"58":0,"59":0,"60":0,"61":0,"62":0,"63":0,"64":0,"65":0,"66":0,"67":0,"68":0,"69":0,"70":0,"71":0,"72":0,"73":0,"74":0,"75":0,"76":0,"77":0,"78":0,"79":0,"80":0,"81":0,"82":0,"83":0,"84":0,"85":0,"86":0,"87":0,"88":0,"89":0,"90":0,"91":0,"92":0,"93":0,"94":0,"95":0,"96":0,"97":0,"98":0,"99":0,"100":0,"101":0,"102":0,"103":0,"104":0,"105":0,"106":0,"107":0,"108":0,"109":0,"110":0,"111":0,"112":0,"113":0,"114":0,"115":0,"116":0,"117":0,"118":0,"119":0,"120":0,"121":0,"122":0,"123":0,"124":0,"125":0,"126":0,"127":0,"128":0,"129":0,"130":0,"131":0,"132":0,"133":0,"134":0,"135":0,"136":0,"137":0,"138":0,"139":0,"140":0,"141":0,"142":0,"143":0,"144":0,"145":0,"146":0,"147":0,"148":0,"149":0,"150":0,"151":0,"152":0},"f":{"0":0,"1":0,"2":0,"3":0,"4":0,"5":0,"6":0,"7":0,"8":0,"9":0,"10":0,"11":0,"12":0,"13":0,"14":0,"15":0,"16":0,"17":0,"18":0,"19":0,"20":0,"21":0,"22":0,"23":0,"24":0,"25":0,"26":0,"27":0,"28":0,"29":0,"30":0,"31":0,"32":0,"33":0,"34":0,"35":0,"36":0,"37":0,"38":0,"39":0,"40":0,"41":0,"42":0,"43":0},"b":{"0":[0,0],"1":[0,0],"2":[0,0],"3":[0,0],"4":[0,0],"5":[0,0],"6":[0,0],"7":[0,0],"8":[0,0],"9":[0,0],"10":[0,0],"11":[0,0],"12":[0,0],"13":[0,0],"14":[0,0],"15":[0,0],"16":[0,0],"17":[0,0],"18":[0,0],"19":[0,0],"20":[0,0],"21":[0,0],"22":[0,0],"23":[0,0],"24":[0,0],"25":[0,0],"26":[0,0],"27":[0,0],"28":[0,0],"29":[0,0],"30":[0,0],"31":[0,0],"32":[0,0],"33":[0,0],"34":[0,0],"35":[0,0],"36":[0,0],"37":[0,0],"38":[0,0],"39":[0,0],"40":[0,0],"41":[0],"42":[0,0],"43":[0,0],"44":[0,0],"45":[0,0],"46":[0,0],"47":[0,0],"48":[0,0],"49":[0,0],"50":[0,0],"51":[0,0],"52":[0,0],"53":[0,0],"54":[0,0],"55":[0,0],"56":[0,0],"57":[0,0],"58":[0,0],"59":[0,0],"60":[0,0],"61":[0,0],"62":[0,0],"63":[0,0],"64":[0,0],"65":[0,0],"66":[0,0],"67":[0,0],"68":[0,0],"69":[0,0],"70":[0,0],"71":[0,0],"72":[0,0],"73":[0,0],"74":[0,0],"75":[0,0],"76":[0,0],"77":[0,0],"78":[0,0],"79":[0,0],"80":[0,0],"81":[0,0],"82":[0],"83":[0,0],"84":[0,0],"85":[0,0],"86":[0,0],"87":[0,0],"88":[0,0],"89":[0,0],"90":[0,0],"91":[0,0],"92":[0,0],"93":[0,0],"94":[0,0],"95":[0,0],"96":[0,0]},"inputSourceMap":null}
,"C:\\Users\\Admin\\OneDrive\\Documents\\CreatorSync\\server\\utils\\swagger.js": {"path":"C:\\Users\\Admin\\OneDrive\\Documents\\CreatorSync\\server\\utils\\swagger.js","statementMap":{"0":{"start":{"line":3,"column":21},"end":{"line":3,"column":45}},"1":{"start":{"line":5,"column":16},"end":{"line":184,"column":1}},"2":{"start":{"line":186,"column":20},"end":{"line":186,"column":41}},"3":{"start":{"line":188,"column":0},"end":{"line":188,"column":29}}},"fnMap":{},"branchMap":{},"s":{"0":0,"1":0,"2":0,"3":0},"f":{},"b":{},"inputSourceMap":null}
,"C:\\Users\\Admin\\OneDrive\\Documents\\CreatorSync\\server\\utils\\translationManager.js": {"path":"C:\\Users\\Admin\\OneDrive\\Documents\\CreatorSync\\server\\utils\\translationManager.js","statementMap":{"0":{"start":{"line":1,"column":11},"end":{"line":1,"column":33}},"1":{"start":{"line":2,"column":13},"end":{"line":2,"column":28}},"2":{"start":{"line":6,"column":8},"end":{"line":6,"column":38}},"3":{"start":{"line":7,"column":8},"end":{"line":7,"column":36}},"4":{"start":{"line":8,"column":8},"end":{"line":8,"column":59}},"5":{"start":{"line":9,"column":8},"end":{"line":9,"column":74}},"6":{"start":{"line":13,"column":8},"end":{"line":13,"column":62}},"7":{"start":{"line":15,"column":8},"end":{"line":25,"column":9}},"8":{"start":{"line":16,"column":12},"end":{"line":24,"column":13}},"9":{"start":{"line":17,"column":40},"end":{"line":17,"column":87}},"10":{"start":{"line":18,"column":40},"end":{"line":18,"column":82}},"11":{"start":{"line":19,"column":37},"end":{"line":19,"column":64}},"12":{"start":{"line":20,"column":16},"end":{"line":20,"column":58}},"13":{"start":{"line":21,"column":16},"end":{"line":21,"column":66}},"14":{"start":{"line":23,"column":16},"end":{"line":23,"column":91}},"15":{"start":{"line":27,"column":8},"end":{"line":27,"column":99}},"16":{"start":{"line":31,"column":8},"end":{"line":31,"column":39}},"17":{"start":{"line":35,"column":8},"end":{"line":35,"column":36}},"18":{"start":{"line":39,"column":8},"end":{"line":39,"column":57}},"19":{"start":{"line":39,"column":29},"end":{"line":39,"column":57}},"20":{"start":{"line":42,"column":26},"end":{"line":48,"column":10}},"21":{"start":{"line":43,"column":36},"end":{"line":43,"column":60}},"22":{"start":{"line":44,"column":12},"end":{"line":47,"column":14}},"23":{"start":{"line":51,"column":8},"end":{"line":51,"column":56}},"24":{"start":{"line":51,"column":33},"end":{"line":51,"column":54}},"25":{"start":{"line":54,"column":8},"end":{"line":58,"column":9}},"26":{"start":{"line":55,"column":12},"end":{"line":57,"column":13}},"27":{"start":{"line":56,"column":16},"end":{"line":56,"column":33}},"28":{"start":{"line":60,"column":8},"end":{"line":60,"column":36}},"29":{"start":{"line":64,"column":29},"end":{"line":64,"column":107}},"30":{"start":{"line":66,"column":8},"end":{"line":69,"column":9}},"31":{"start":{"line":67,"column":12},"end":{"line":67,"column":80}},"32":{"start":{"line":68,"column":12},"end":{"line":68,"column":23}},"33":{"start":{"line":72,"column":21},"end":{"line":72,"column":35}},"34":{"start":{"line":73,"column":20},"end":{"line":73,"column":32}},"35":{"start":{"line":75,"column":8},"end":{"line":88,"column":9}},"36":{"start":{"line":76,"column":12},"end":{"line":76,"column":31}},"37":{"start":{"line":77,"column":12},"end":{"line":87,"column":13}},"38":{"start":{"line":78,"column":16},"end":{"line":78,"column":92}},"39":{"start":{"line":80,"column":44},"end":{"line":80,"column":87}},"40":{"start":{"line":81,"column":16},"end":{"line":81,"column":44}},"41":{"start":{"line":82,"column":16},"end":{"line":85,"column":17}},"42":{"start":{"line":83,"column":20},"end":{"line":83,"column":48}},"43":{"start":{"line":84,"column":20},"end":{"line":84,"column":51}},"44":{"start":{"line":84,"column":45},"end":{"line":84,"column":51}},"45":{"start":{"line":86,"column":16},"end":{"line":86,"column":22}},"46":{"start":{"line":90,"column":8},"end":{"line":90,"column":28}},"47":{"start":{"line":94,"column":26},"end":{"line":94,"column":60}},"48":{"start":{"line":97,"column":8},"end":{"line":101,"column":9}},"49":{"start":{"line":98,"column":12},"end":{"line":100,"column":13}},"50":{"start":{"line":99,"column":16},"end":{"line":99,"column":94}},"51":{"start":{"line":103,"column":8},"end":{"line":103,"column":27}},"52":{"start":{"line":108,"column":24},"end":{"line":108,"column":55}},"53":{"start":{"line":109,"column":8},"end":{"line":113,"column":10}},"54":{"start":{"line":118,"column":24},"end":{"line":118,"column":49}},"55":{"start":{"line":119,"column":8},"end":{"line":123,"column":10}},"56":{"start":{"line":128,"column":36},"end":{"line":128,"column":79}},"57":{"start":{"line":129,"column":36},"end":{"line":129,"column":38}},"58":{"start":{"line":131,"column":8},"end":{"line":136,"column":9}},"59":{"start":{"line":132,"column":12},"end":{"line":132,"column":56}},"60":{"start":{"line":132,"column":47},"end":{"line":132,"column":56}},"61":{"start":{"line":134,"column":37},"end":{"line":134,"column":64}},"62":{"start":{"line":135,"column":12},"end":{"line":135,"column":100}},"63":{"start":{"line":138,"column":8},"end":{"line":138,"column":35}},"64":{"start":{"line":142,"column":24},"end":{"line":142,"column":26}},"65":{"start":{"line":144,"column":8},"end":{"line":152,"column":9}},"66":{"start":{"line":145,"column":32},"end":{"line":145,"column":61}},"67":{"start":{"line":147,"column":12},"end":{"line":151,"column":13}},"68":{"start":{"line":148,"column":16},"end":{"line":148,"column":42}},"69":{"start":{"line":149,"column":19},"end":{"line":151,"column":13}},"70":{"start":{"line":150,"column":16},"end":{"line":150,"column":90}},"71":{"start":{"line":154,"column":8},"end":{"line":154,"column":23}},"72":{"start":{"line":159,"column":22},"end":{"line":159,"column":24}},"73":{"start":{"line":161,"column":8},"end":{"line":166,"column":9}},"74":{"start":{"line":162,"column":33},"end":{"line":162,"column":60}},"75":{"start":{"line":163,"column":12},"end":{"line":165,"column":13}},"76":{"start":{"line":164,"column":16},"end":{"line":164,"column":70}},"77":{"start":{"line":168,"column":8},"end":{"line":168,"column":21}},"78":{"start":{"line":172,"column":8},"end":{"line":178,"column":9}},"79":{"start":{"line":173,"column":12},"end":{"line":177,"column":13}},"80":{"start":{"line":174,"column":16},"end":{"line":174,"column":64}},"81":{"start":{"line":176,"column":16},"end":{"line":176,"column":24}},"82":{"start":{"line":179,"column":8},"end":{"line":179,"column":21}},"83":{"start":{"line":184,"column":8},"end":{"line":184,"column":34}},"84":{"start":{"line":185,"column":8},"end":{"line":185,"column":32}},"85":{"start":{"line":189,"column":0},"end":{"line":189,"column":42}}},"fnMap":{"0":{"name":"(anonymous_0)","decl":{"start":{"line":5,"column":4},"end":{"line":5,"column":5}},"loc":{"start":{"line":5,"column":19},"end":{"line":10,"column":5}},"line":5},"1":{"name":"(anonymous_1)","decl":{"start":{"line":12,"column":4},"end":{"line":12,"column":5}},"loc":{"start":{"line":12,"column":24},"end":{"line":28,"column":5}},"line":12},"2":{"name":"(anonymous_2)","decl":{"start":{"line":30,"column":4},"end":{"line":30,"column":5}},"loc":{"start":{"line":30,"column":29},"end":{"line":32,"column":5}},"line":30},"3":{"name":"(anonymous_3)","decl":{"start":{"line":34,"column":4},"end":{"line":34,"column":5}},"loc":{"start":{"line":34,"column":26},"end":{"line":36,"column":5}},"line":34},"4":{"name":"(anonymous_4)","decl":{"start":{"line":38,"column":4},"end":{"line":38,"column":5}},"loc":{"start":{"line":38,"column":36},"end":{"line":61,"column":5}},"line":38},"5":{"name":"(anonymous_5)","decl":{"start":{"line":42,"column":56},"end":{"line":42,"column":57}},"loc":{"start":{"line":42,"column":64},"end":{"line":48,"column":9}},"line":42},"6":{"name":"(anonymous_6)","decl":{"start":{"line":51,"column":23},"end":{"line":51,"column":24}},"loc":{"start":{"line":51,"column":33},"end":{"line":51,"column":54}},"line":51},"7":{"name":"(anonymous_7)","decl":{"start":{"line":63,"column":4},"end":{"line":63,"column":5}},"loc":{"start":{"line":63,"column":35},"end":{"line":91,"column":5}},"line":63},"8":{"name":"(anonymous_8)","decl":{"start":{"line":93,"column":4},"end":{"line":93,"column":5}},"loc":{"start":{"line":93,"column":51},"end":{"line":104,"column":5}},"line":93},"9":{"name":"(anonymous_9)","decl":{"start":{"line":107,"column":4},"end":{"line":107,"column":5}},"loc":{"start":{"line":107,"column":61},"end":{"line":114,"column":5}},"line":107},"10":{"name":"(anonymous_10)","decl":{"start":{"line":117,"column":4},"end":{"line":117,"column":5}},"loc":{"start":{"line":117,"column":58},"end":{"line":124,"column":5}},"line":117},"11":{"name":"(anonymous_11)","decl":{"start":{"line":127,"column":4},"end":{"line":127,"column":5}},"loc":{"start":{"line":127,"column":28},"end":{"line":139,"column":5}},"line":127},"12":{"name":"(anonymous_12)","decl":{"start":{"line":141,"column":4},"end":{"line":141,"column":5}},"loc":{"start":{"line":141,"column":55},"end":{"line":155,"column":5}},"line":141},"13":{"name":"(anonymous_13)","decl":{"start":{"line":158,"column":4},"end":{"line":158,"column":5}},"loc":{"start":{"line":158,"column":27},"end":{"line":169,"column":5}},"line":158},"14":{"name":"(anonymous_14)","decl":{"start":{"line":171,"column":4},"end":{"line":171,"column":5}},"loc":{"start":{"line":171,"column":42},"end":{"line":180,"column":5}},"line":171},"15":{"name":"(anonymous_15)","decl":{"start":{"line":183,"column":4},"end":{"line":183,"column":5}},"loc":{"start":{"line":183,"column":32},"end":{"line":186,"column":5}},"line":183}},"branchMap":{"0":{"loc":{"start":{"line":39,"column":8},"end":{"line":39,"column":57}},"type":"if","locations":[{"start":{"line":39,"column":8},"end":{"line":39,"column":57}},{"start":{},"end":{}}],"line":39},"1":{"loc":{"start":{"line":46,"column":25},"end":{"line":46,"column":60}},"type":"cond-expr","locations":[{"start":{"line":46,"column":35},"end":{"line":46,"column":54}},{"start":{"line":46,"column":57},"end":{"line":46,"column":60}}],"line":46},"2":{"loc":{"start":{"line":55,"column":12},"end":{"line":57,"column":13}},"type":"if","locations":[{"start":{"line":55,"column":12},"end":{"line":57,"column":13}},{"start":{},"end":{}}],"line":55},"3":{"loc":{"start":{"line":64,"column":29},"end":{"line":64,"column":107}},"type":"binary-expr","locations":[{"start":{"line":64,"column":29},"end":{"line":64,"column":60}},{"start":{"line":64,"column":64},"end":{"line":64,"column":107}}],"line":64},"4":{"loc":{"start":{"line":66,"column":8},"end":{"line":69,"column":9}},"type":"if","locations":[{"start":{"line":66,"column":8},"end":{"line":69,"column":9}},{"start":{},"end":{}}],"line":66},"5":{"loc":{"start":{"line":77,"column":12},"end":{"line":87,"column":13}},"type":"if","locations":[{"start":{"line":77,"column":12},"end":{"line":87,"column":13}},{"start":{},"end":{}}],"line":77},"6":{"loc":{"start":{"line":84,"column":20},"end":{"line":84,"column":51}},"type":"if","locations":[{"start":{"line":84,"column":20},"end":{"line":84,"column":51}},{"start":{},"end":{}}],"line":84},"7":{"loc":{"start":{"line":90,"column":15},"end":{"line":90,"column":27}},"type":"binary-expr","locations":[{"start":{"line":90,"column":15},"end":{"line":90,"column":20}},{"start":{"line":90,"column":24},"end":{"line":90,"column":27}}],"line":90},"8":{"loc":{"start":{"line":93,"column":30},"end":{"line":93,"column":49}},"type":"default-arg","locations":[{"start":{"line":93,"column":47},"end":{"line":93,"column":49}}],"line":93},"9":{"loc":{"start":{"line":97,"column":8},"end":{"line":101,"column":9}},"type":"if","locations":[{"start":{"line":97,"column":8},"end":{"line":101,"column":9}},{"start":{},"end":{}}],"line":97},"10":{"loc":{"start":{"line":107,"column":50},"end":{"line":107,"column":59}},"type":"default-arg","locations":[{"start":{"line":107,"column":57},"end":{"line":107,"column":59}}],"line":107},"11":{"loc":{"start":{"line":111,"column":21},"end":{"line":111,"column":89}},"type":"binary-expr","locations":[{"start":{"line":111,"column":21},"end":{"line":111,"column":53}},{"start":{"line":111,"column":57},"end":{"line":111,"column":89}}],"line":111},"12":{"loc":{"start":{"line":117,"column":44},"end":{"line":117,"column":56}},"type":"default-arg","locations":[{"start":{"line":117,"column":54},"end":{"line":117,"column":56}}],"line":117},"13":{"loc":{"start":{"line":132,"column":12},"end":{"line":132,"column":56}},"type":"if","locations":[{"start":{"line":132,"column":12},"end":{"line":132,"column":56}},{"start":{},"end":{}}],"line":132},"14":{"loc":{"start":{"line":141,"column":44},"end":{"line":141,"column":53}},"type":"default-arg","locations":[{"start":{"line":141,"column":51},"end":{"line":141,"column":53}}],"line":141},"15":{"loc":{"start":{"line":145,"column":32},"end":{"line":145,"column":61}},"type":"cond-expr","locations":[{"start":{"line":145,"column":39},"end":{"line":145,"column":55}},{"start":{"line":145,"column":58},"end":{"line":145,"column":61}}],"line":145},"16":{"loc":{"start":{"line":147,"column":12},"end":{"line":151,"column":13}},"type":"if","locations":[{"start":{"line":147,"column":12},"end":{"line":151,"column":13}},{"start":{"line":149,"column":19},"end":{"line":151,"column":13}}],"line":147},"17":{"loc":{"start":{"line":149,"column":19},"end":{"line":151,"column":13}},"type":"if","locations":[{"start":{"line":149,"column":19},"end":{"line":151,"column":13}},{"start":{},"end":{}}],"line":149},"18":{"loc":{"start":{"line":149,"column":23},"end":{"line":149,"column":91}},"type":"binary-expr","locations":[{"start":{"line":149,"column":23},"end":{"line":149,"column":48}},{"start":{"line":149,"column":52},"end":{"line":149,"column":66}},{"start":{"line":149,"column":70},"end":{"line":149,"column":91}}],"line":149},"19":{"loc":{"start":{"line":163,"column":12},"end":{"line":165,"column":13}},"type":"if","locations":[{"start":{"line":163,"column":12},"end":{"line":165,"column":13}},{"start":{},"end":{}}],"line":163},"20":{"loc":{"start":{"line":171,"column":31},"end":{"line":171,"column":40}},"type":"default-arg","locations":[{"start":{"line":171,"column":39},"end":{"line":171,"column":40}}],"line":171},"21":{"loc":{"start":{"line":173,"column":12},"end":{"line":177,"column":13}},"type":"if","locations":[{"start":{"line":173,"column":12},"end":{"line":177,"column":13}},{"start":{"line":175,"column":19},"end":{"line":177,"column":13}}],"line":173},"22":{"loc":{"start":{"line":173,"column":16},"end":{"line":173,"column":84}},"type":"binary-expr","locations":[{"start":{"line":173,"column":16},"end":{"line":173,"column":41}},{"start":{"line":173,"column":45},"end":{"line":173,"column":59}},{"start":{"line":173,"column":63},"end":{"line":173,"column":84}}],"line":173}},"s":{"0":0,"1":0,"2":0,"3":0,"4":0,"5":0,"6":0,"7":0,"8":0,"9":0,"10":0,"11":0,"12":0,"13":0,"14":0,"15":0,"16":0,"17":0,"18":0,"19":0,"20":0,"21":0,"22":0,"23":0,"24":0,"25":0,"26":0,"27":0,"28":0,"29":0,"30":0,"31":0,"32":0,"33":0,"34":0,"35":0,"36":0,"37":0,"38":0,"39":0,"40":0,"41":0,"42":0,"43":0,"44":0,"45":0,"46":0,"47":0,"48":0,"49":0,"50":0,"51":0,"52":0,"53":0,"54":0,"55":0,"56":0,"57":0,"58":0,"59":0,"60":0,"61":0,"62":0,"63":0,"64":0,"65":0,"66":0,"67":0,"68":0,"69":0,"70":0,"71":0,"72":0,"73":0,"74":0,"75":0,"76":0,"77":0,"78":0,"79":0,"80":0,"81":0,"82":0,"83":0,"84":0,"85":0},"f":{"0":0,"1":0,"2":0,"3":0,"4":0,"5":0,"6":0,"7":0,"8":0,"9":0,"10":0,"11":0,"12":0,"13":0,"14":0,"15":0},"b":{"0":[0,0],"1":[0,0],"2":[0,0],"3":[0,0],"4":[0,0],"5":[0,0],"6":[0,0],"7":[0,0],"8":[0],"9":[0,0],"10":[0],"11":[0,0],"12":[0],"13":[0,0],"14":[0],"15":[0,0],"16":[0,0],"17":[0,0],"18":[0,0,0],"19":[0,0],"20":[0],"21":[0,0],"22":[0,0,0]},"inputSourceMap":null}
}
