TN:
SF:server\middleware\auth.js
FN:16,(anonymous_0)
FN:37,(anonymous_1)
FN:55,(anonymous_2)
FN:70,(anonymous_3)
FN:114,(anonymous_4)
FN:141,(anonymous_5)
FN:142,(anonymous_6)
FN:171,(anonymous_7)
FN:172,(anonymous_8)
FN:196,(anonymous_9)
FNF:10
FNH:0
FNDA:0,(anonymous_0)
FNDA:0,(anonymous_1)
FNDA:0,(anonymous_2)
FNDA:0,(anonymous_3)
FNDA:0,(anonymous_4)
FNDA:0,(anonymous_5)
FNDA:0,(anonymous_6)
FNDA:0,(anonymous_7)
FNDA:0,(anonymous_8)
FNDA:0,(anonymous_9)
DA:4,0
DA:5,0
DA:8,0
DA:9,0
DA:16,0
DA:17,0
DA:25,0
DA:37,0
DA:38,0
DA:43,0
DA:55,0
DA:56,0
DA:57,0
DA:62,0
DA:70,0
DA:71,0
DA:73,0
DA:75,0
DA:76,0
DA:82,0
DA:85,0
DA:88,0
DA:96,0
DA:98,0
DA:103,0
DA:114,0
DA:115,0
DA:116,0
DA:118,0
DA:119,0
DA:120,0
DA:122,0
DA:134,0
DA:141,0
DA:142,0
DA:143,0
DA:144,0
DA:150,0
DA:151,0
DA:157,0
DA:163,0
DA:171,0
DA:172,0
DA:173,0
DA:174,0
DA:180,0
DA:181,0
DA:188,0
DA:196,0
DA:197,0
DA:198,0
DA:200,0
DA:201,0
DA:204,0
DA:207,0
DA:215,0
DA:217,0
DA:222,0
DA:226,0
LF:59
LH:0
BRDA:8,0,0,0
BRDA:8,0,1,0
BRDA:9,1,0,0
BRDA:9,1,1,0
BRDA:18,2,0,0
BRDA:18,2,1,0
BRDA:21,3,0,0
BRDA:21,3,1,0
BRDA:22,4,0,0
BRDA:22,4,1,0
BRDA:39,5,0,0
BRDA:39,5,1,0
BRDA:75,6,0,0
BRDA:75,6,1,0
BRDA:75,7,0,0
BRDA:75,7,1,0
BRDA:118,8,0,0
BRDA:118,8,1,0
BRDA:118,9,0,0
BRDA:118,9,1,0
BRDA:143,10,0,0
BRDA:143,10,1,0
BRDA:150,11,0,0
BRDA:150,11,1,0
BRDA:173,12,0,0
BRDA:173,12,1,0
BRDA:180,13,0,0
BRDA:180,13,1,0
BRDA:198,14,0,0
BRDA:198,14,1,0
BRDA:200,15,0,0
BRDA:200,15,1,0
BRF:32
BRH:0
end_of_record
TN:
SF:server\middleware\rateLimiter.js
FN:16,(anonymous_0)
FN:34,(anonymous_1)
FN:52,(anonymous_2)
FN:70,(anonymous_3)
FN:88,(anonymous_4)
FNF:5
FNH:0
FNDA:0,(anonymous_0)
FNDA:0,(anonymous_1)
FNDA:0,(anonymous_2)
FNDA:0,(anonymous_3)
FNDA:0,(anonymous_4)
DA:4,1
DA:7,1
DA:17,0
DA:26,1
DA:35,0
DA:44,1
DA:53,0
DA:62,1
DA:71,0
DA:80,1
DA:89,0
DA:98,1
DA:108,1
LF:13
LH:8
BRDA:8,0,0,1
BRDA:8,0,1,1
BRDA:9,1,0,1
BRDA:9,1,1,1
BRF:4
BRH:4
end_of_record
TN:
SF:server\models\Beat.js
FN:10,(anonymous_0)
FN:42,(anonymous_1)
FN:52,(anonymous_2)
FN:72,(anonymous_3)
FN:79,(anonymous_4)
FN:88,(anonymous_5)
FN:118,(anonymous_6)
FN:154,(anonymous_7)
FN:163,(anonymous_8)
FN:174,(anonymous_9)
FN:183,(anonymous_10)
FN:198,(anonymous_11)
FN:213,(anonymous_12)
FN:218,(anonymous_13)
FN:223,(anonymous_14)
FN:228,(anonymous_15)
FN:231,(anonymous_16)
FN:236,(anonymous_17)
FN:239,(anonymous_18)
FN:244,(anonymous_19)
FN:245,(anonymous_20)
FN:251,(anonymous_21)
FN:254,(anonymous_22)
FN:259,(anonymous_23)
FN:288,(anonymous_24)
FN:302,(anonymous_25)
FN:312,(anonymous_26)
FN:314,(anonymous_27)
FN:315,(anonymous_28)
FNF:29
FNH:0
FNDA:0,(anonymous_0)
FNDA:0,(anonymous_1)
FNDA:0,(anonymous_2)
FNDA:0,(anonymous_3)
FNDA:0,(anonymous_4)
FNDA:0,(anonymous_5)
FNDA:0,(anonymous_6)
FNDA:0,(anonymous_7)
FNDA:0,(anonymous_8)
FNDA:0,(anonymous_9)
FNDA:0,(anonymous_10)
FNDA:0,(anonymous_11)
FNDA:0,(anonymous_12)
FNDA:0,(anonymous_13)
FNDA:0,(anonymous_14)
FNDA:0,(anonymous_15)
FNDA:0,(anonymous_16)
FNDA:0,(anonymous_17)
FNDA:0,(anonymous_18)
FNDA:0,(anonymous_19)
FNDA:0,(anonymous_20)
FNDA:0,(anonymous_21)
FNDA:0,(anonymous_22)
FNDA:0,(anonymous_23)
FNDA:0,(anonymous_24)
FNDA:0,(anonymous_25)
FNDA:0,(anonymous_26)
FNDA:0,(anonymous_27)
FNDA:0,(anonymous_28)
DA:4,0
DA:11,0
DA:12,0
DA:13,0
DA:14,0
DA:15,0
DA:16,0
DA:17,0
DA:18,0
DA:19,0
DA:20,0
DA:21,0
DA:22,0
DA:23,0
DA:24,0
DA:25,0
DA:26,0
DA:27,0
DA:28,0
DA:29,0
DA:30,0
DA:31,0
DA:32,0
DA:33,0
DA:34,0
DA:35,0
DA:36,0
DA:43,0
DA:44,0
DA:53,0
DA:54,0
DA:55,0
DA:56,0
DA:57,0
DA:58,0
DA:60,0
DA:61,0
DA:62,0
DA:63,0
DA:73,0
DA:80,0
DA:81,0
DA:89,0
DA:119,0
DA:155,0
DA:164,0
DA:165,0
DA:166,0
DA:175,0
DA:184,0
DA:185,0
DA:186,0
DA:187,0
DA:190,0
DA:199,0
DA:200,0
DA:201,0
DA:202,0
DA:205,0
DA:214,0
DA:217,0
DA:218,0
DA:222,0
DA:223,0
DA:227,0
DA:228,0
DA:230,0
DA:231,0
DA:235,0
DA:236,0
DA:238,0
DA:239,0
DA:243,0
DA:244,0
DA:245,0
DA:250,0
DA:251,0
DA:254,0
DA:258,0
DA:259,0
DA:260,0
DA:262,0
DA:264,0
DA:266,0
DA:268,0
DA:270,0
DA:272,0
DA:274,0
DA:279,0
DA:289,0
DA:290,0
DA:292,0
DA:293,0
DA:294,0
DA:303,0
DA:313,0
DA:314,0
DA:315,0
DA:316,0
DA:321,0
DA:323,0
LF:101
LH:0
BRDA:11,0,0,0
BRDA:11,0,1,0
BRDA:15,1,0,0
BRDA:15,1,1,0
BRDA:16,2,0,0
BRDA:16,2,1,0
BRDA:17,3,0,0
BRDA:17,3,1,0
BRDA:18,4,0,0
BRDA:18,4,1,0
BRDA:19,5,0,0
BRDA:19,5,1,0
BRDA:20,6,0,0
BRDA:20,6,1,0
BRDA:22,7,0,0
BRDA:22,7,1,0
BRDA:23,8,0,0
BRDA:23,8,1,0
BRDA:24,9,0,0
BRDA:24,9,1,0
BRDA:25,10,0,0
BRDA:25,10,1,0
BRDA:26,11,0,0
BRDA:26,11,1,0
BRDA:27,12,0,0
BRDA:27,12,1,0
BRDA:28,13,0,0
BRDA:28,13,1,0
BRDA:29,14,0,0
BRDA:29,14,1,0
BRDA:30,15,0,0
BRDA:30,15,1,0
BRDA:31,16,0,0
BRDA:31,16,1,0
BRDA:32,17,0,0
BRDA:32,17,1,0
BRDA:33,18,0,0
BRDA:33,18,1,0
BRDA:34,19,0,0
BRDA:34,19,1,0
BRDA:35,20,0,0
BRDA:35,20,1,0
BRDA:36,21,0,0
BRDA:36,21,1,0
BRDA:54,22,0,0
BRDA:54,22,1,0
BRDA:175,23,0,0
BRDA:175,23,1,0
BRDA:186,24,0,0
BRDA:186,24,1,0
BRDA:201,25,0,0
BRDA:201,25,1,0
BRDA:213,26,0,0
BRDA:217,27,0,0
BRDA:217,27,1,0
BRDA:222,28,0,0
BRDA:222,28,1,0
BRDA:227,29,0,0
BRDA:227,29,1,0
BRDA:230,30,0,0
BRDA:230,30,1,0
BRDA:235,31,0,0
BRDA:235,31,1,0
BRDA:238,32,0,0
BRDA:238,32,1,0
BRDA:243,33,0,0
BRDA:243,33,1,0
BRDA:243,34,0,0
BRDA:243,34,1,0
BRDA:250,35,0,0
BRDA:250,35,1,0
BRDA:258,36,0,0
BRDA:258,36,1,0
BRDA:260,37,0,0
BRDA:260,37,1,0
BRDA:260,37,2,0
BRDA:260,37,3,0
BRDA:260,37,4,0
BRDA:260,37,5,0
BRDA:260,37,6,0
BRDA:290,38,0,0
BRDA:290,38,1,0
BRDA:312,39,0,0
BRDA:312,40,0,0
BRF:84
BRH:0
end_of_record
TN:
SF:server\models\User.js
FN:12,(anonymous_0)
FN:38,(anonymous_1)
FN:49,(anonymous_2)
FN:58,(anonymous_3)
FN:68,(anonymous_4)
FN:78,(anonymous_5)
FN:102,(anonymous_6)
FN:122,(anonymous_7)
FN:149,(anonymous_8)
FN:161,(anonymous_9)
FN:170,(anonymous_10)
FN:180,(anonymous_11)
FN:189,(anonymous_12)
FN:200,(anonymous_13)
FN:209,(anonymous_14)
FN:223,(anonymous_15)
FN:238,(anonymous_16)
FN:252,(anonymous_17)
FN:262,(anonymous_18)
FNF:19
FNH:0
FNDA:0,(anonymous_0)
FNDA:0,(anonymous_1)
FNDA:0,(anonymous_2)
FNDA:0,(anonymous_3)
FNDA:0,(anonymous_4)
FNDA:0,(anonymous_5)
FNDA:0,(anonymous_6)
FNDA:0,(anonymous_7)
FNDA:0,(anonymous_8)
FNDA:0,(anonymous_9)
FNDA:0,(anonymous_10)
FNDA:0,(anonymous_11)
FNDA:0,(anonymous_12)
FNDA:0,(anonymous_13)
FNDA:0,(anonymous_14)
FNDA:0,(anonymous_15)
FNDA:0,(anonymous_16)
FNDA:0,(anonymous_17)
FNDA:0,(anonymous_18)
DA:4,0
DA:5,0
DA:13,0
DA:14,0
DA:15,0
DA:16,0
DA:17,0
DA:18,0
DA:19,0
DA:20,0
DA:21,0
DA:22,0
DA:23,0
DA:24,0
DA:25,0
DA:26,0
DA:27,0
DA:28,0
DA:29,0
DA:30,0
DA:39,0
DA:40,0
DA:50,0
DA:59,0
DA:60,0
DA:69,0
DA:70,0
DA:79,0
DA:80,0
DA:81,0
DA:82,0
DA:83,0
DA:85,0
DA:87,0
DA:103,0
DA:123,0
DA:150,0
DA:151,0
DA:152,0
DA:153,0
DA:162,0
DA:171,0
DA:181,0
DA:190,0
DA:191,0
DA:192,0
DA:201,0
DA:210,0
DA:211,0
DA:212,0
DA:215,0
DA:224,0
DA:225,0
DA:226,0
DA:229,0
DA:239,0
DA:240,0
DA:242,0
DA:243,0
DA:244,0
DA:253,0
DA:263,0
DA:264,0
DA:269,0
DA:271,0
LF:65
LH:0
BRDA:13,0,0,0
BRDA:13,0,1,0
BRDA:17,1,0,0
BRDA:17,1,1,0
BRDA:18,2,0,0
BRDA:18,2,1,0
BRDA:19,3,0,0
BRDA:19,3,1,0
BRDA:20,4,0,0
BRDA:20,4,1,0
BRDA:21,5,0,0
BRDA:21,5,1,0
BRDA:22,6,0,0
BRDA:22,6,1,0
BRDA:23,7,0,0
BRDA:23,7,1,0
BRDA:24,8,0,0
BRDA:24,8,1,0
BRDA:25,9,0,0
BRDA:25,9,1,0
BRDA:26,10,0,0
BRDA:26,10,1,0
BRDA:27,11,0,0
BRDA:27,11,1,0
BRDA:28,12,0,0
BRDA:28,12,1,0
BRDA:29,13,0,0
BRDA:29,13,1,0
BRDA:30,14,0,0
BRDA:30,14,1,0
BRDA:39,15,0,0
BRDA:39,15,1,0
BRDA:85,16,0,0
BRDA:85,16,1,0
BRDA:85,16,2,0
BRDA:85,16,3,0
BRDA:90,17,0,0
BRDA:90,17,1,0
BRDA:91,18,0,0
BRDA:91,18,1,0
BRDA:92,19,0,0
BRDA:92,19,1,0
BRDA:93,20,0,0
BRDA:93,20,1,0
BRDA:201,21,0,0
BRDA:201,21,1,0
BRDA:211,22,0,0
BRDA:211,22,1,0
BRDA:225,23,0,0
BRDA:225,23,1,0
BRDA:240,24,0,0
BRDA:240,24,1,0
BRDA:262,25,0,0
BRDA:262,26,0,0
BRF:54
BRH:0
end_of_record
TN:
SF:server\repositories\beatRepository.js
FN:9,(anonymous_0)
FN:16,(anonymous_1)
FN:23,(anonymous_2)
FN:80,(anonymous_3)
FN:99,(anonymous_4)
FN:124,(anonymous_5)
FN:141,(anonymous_6)
FN:212,(anonymous_7)
FN:230,(anonymous_8)
FN:266,(anonymous_9)
FN:286,(anonymous_10)
FN:306,(anonymous_11)
FN:331,(anonymous_12)
FN:356,(anonymous_13)
FN:382,(anonymous_14)
FN:398,(anonymous_15)
FN:413,(anonymous_16)
FN:423,(anonymous_17)
FN:433,(anonymous_18)
FNF:19
FNH:0
FNDA:0,(anonymous_0)
FNDA:0,(anonymous_1)
FNDA:0,(anonymous_2)
FNDA:0,(anonymous_3)
FNDA:0,(anonymous_4)
FNDA:0,(anonymous_5)
FNDA:0,(anonymous_6)
FNDA:0,(anonymous_7)
FNDA:0,(anonymous_8)
FNDA:0,(anonymous_9)
FNDA:0,(anonymous_10)
FNDA:0,(anonymous_11)
FNDA:0,(anonymous_12)
FNDA:0,(anonymous_13)
FNDA:0,(anonymous_14)
FNDA:0,(anonymous_15)
FNDA:0,(anonymous_16)
FNDA:0,(anonymous_17)
FNDA:0,(anonymous_18)
DA:4,0
DA:5,0
DA:6,0
DA:10,0
DA:17,0
DA:24,0
DA:25,0
DA:27,0
DA:67,0
DA:68,0
DA:70,0
DA:72,0
DA:73,0
DA:81,0
DA:82,0
DA:83,0
DA:85,0
DA:86,0
DA:89,0
DA:91,0
DA:92,0
DA:100,0
DA:101,0
DA:108,0
DA:110,0
DA:111,0
DA:113,0
DA:123,0
DA:124,0
DA:133,0
DA:134,0
DA:142,0
DA:143,0
DA:150,0
DA:152,0
DA:155,0
DA:156,0
DA:160,0
DA:161,0
DA:162,0
DA:163,0
DA:167,0
DA:168,0
DA:169,0
DA:170,0
DA:174,0
DA:175,0
DA:179,0
DA:180,0
DA:184,0
DA:185,0
DA:189,0
DA:190,0
DA:194,0
DA:195,0
DA:198,0
DA:199,0
DA:201,0
DA:211,0
DA:212,0
DA:222,0
DA:223,0
DA:231,0
DA:232,0
DA:234,0
DA:240,0
DA:241,0
DA:242,0
DA:243,0
DA:244,0
DA:246,0
DA:252,0
DA:253,0
DA:256,0
DA:258,0
DA:259,0
DA:267,0
DA:268,0
DA:270,0
DA:278,0
DA:279,0
DA:287,0
DA:288,0
DA:290,0
DA:298,0
DA:299,0
DA:307,0
DA:308,0
DA:310,0
DA:321,0
DA:323,0
DA:324,0
DA:332,0
DA:333,0
DA:335,0
DA:345,0
DA:346,0
DA:348,0
DA:349,0
DA:357,0
DA:358,0
DA:360,0
DA:371,0
DA:372,0
DA:374,0
DA:375,0
DA:383,0
DA:384,0
DA:386,0
DA:387,0
DA:388,0
DA:390,0
DA:391,0
DA:399,0
DA:400,0
DA:403,0
DA:413,0
DA:415,0
DA:416,0
DA:424,0
DA:425,0
DA:427,0
DA:433,0
DA:435,0
DA:436,0
DA:441,0
LF:126
LH:0
BRDA:32,0,0,0
BRDA:32,0,1,0
BRDA:35,1,0,0
BRDA:35,1,1,0
BRDA:36,2,0,0
BRDA:36,2,1,0
BRDA:37,3,0,0
BRDA:37,3,1,0
BRDA:39,4,0,0
BRDA:39,4,1,0
BRDA:41,5,0,0
BRDA:41,5,1,0
BRDA:42,6,0,0
BRDA:42,6,1,0
BRDA:43,7,0,0
BRDA:43,7,1,0
BRDA:44,8,0,0
BRDA:44,8,1,0
BRDA:45,9,0,0
BRDA:45,9,1,0
BRDA:49,10,0,0
BRDA:49,10,1,0
BRDA:50,11,0,0
BRDA:50,11,1,0
BRDA:85,12,0,0
BRDA:85,12,1,0
BRDA:99,13,0,0
BRDA:104,14,0,0
BRDA:105,15,0,0
BRDA:106,16,0,0
BRDA:107,17,0,0
BRDA:111,18,0,0
BRDA:111,18,1,0
BRDA:141,19,0,0
BRDA:141,20,0,0
BRDA:146,21,0,0
BRDA:147,22,0,0
BRDA:148,23,0,0
BRDA:149,24,0,0
BRDA:155,25,0,0
BRDA:155,25,1,0
BRDA:160,26,0,0
BRDA:160,26,1,0
BRDA:160,27,0,0
BRDA:160,27,1,0
BRDA:162,28,0,0
BRDA:162,28,1,0
BRDA:163,29,0,0
BRDA:163,29,1,0
BRDA:167,30,0,0
BRDA:167,30,1,0
BRDA:167,31,0,0
BRDA:167,31,1,0
BRDA:169,32,0,0
BRDA:169,32,1,0
BRDA:170,33,0,0
BRDA:170,33,1,0
BRDA:174,34,0,0
BRDA:174,34,1,0
BRDA:179,35,0,0
BRDA:179,35,1,0
BRDA:179,36,0,0
BRDA:179,36,1,0
BRDA:184,37,0,0
BRDA:184,37,1,0
BRDA:184,38,0,0
BRDA:184,38,1,0
BRDA:189,39,0,0
BRDA:189,39,1,0
BRDA:194,40,0,0
BRDA:194,40,1,0
BRDA:199,41,0,0
BRDA:199,41,1,0
BRDA:252,42,0,0
BRDA:252,42,1,0
BRDA:398,43,0,0
BRDA:423,44,0,0
BRF:77
BRH:0
end_of_record
TN:
SF:server\repositories\userRepository.js
FN:10,(anonymous_0)
FN:17,(anonymous_1)
FN:24,(anonymous_2)
FN:86,(anonymous_3)
FN:106,(anonymous_4)
FN:119,(anonymous_5)
FN:132,(anonymous_6)
FN:159,(anonymous_7)
FN:196,(anonymous_8)
FN:224,(anonymous_9)
FN:249,(anonymous_10)
FN:265,(anonymous_11)
FN:290,(anonymous_12)
FN:316,(anonymous_13)
FN:342,(anonymous_14)
FN:358,(anonymous_15)
FN:385,(anonymous_16)
FNF:17
FNH:0
FNDA:0,(anonymous_0)
FNDA:0,(anonymous_1)
FNDA:0,(anonymous_2)
FNDA:0,(anonymous_3)
FNDA:0,(anonymous_4)
FNDA:0,(anonymous_5)
FNDA:0,(anonymous_6)
FNDA:0,(anonymous_7)
FNDA:0,(anonymous_8)
FNDA:0,(anonymous_9)
FNDA:0,(anonymous_10)
FNDA:0,(anonymous_11)
FNDA:0,(anonymous_12)
FNDA:0,(anonymous_13)
FNDA:0,(anonymous_14)
FNDA:0,(anonymous_15)
FNDA:0,(anonymous_16)
DA:4,0
DA:5,0
DA:6,0
DA:7,0
DA:11,0
DA:18,0
DA:25,0
DA:26,0
DA:29,0
DA:30,0
DA:32,0
DA:69,0
DA:70,0
DA:72,0
DA:74,0
DA:75,0
DA:76,0
DA:78,0
DA:79,0
DA:87,0
DA:88,0
DA:89,0
DA:91,0
DA:92,0
DA:93,0
DA:96,0
DA:98,0
DA:99,0
DA:107,0
DA:108,0
DA:109,0
DA:111,0
DA:112,0
DA:120,0
DA:121,0
DA:122,0
DA:124,0
DA:125,0
DA:133,0
DA:134,0
DA:135,0
DA:136,0
DA:139,0
DA:140,0
DA:141,0
DA:145,0
DA:147,0
DA:148,0
DA:149,0
DA:151,0
DA:152,0
DA:160,0
DA:161,0
DA:163,0
DA:169,0
DA:170,0
DA:171,0
DA:172,0
DA:173,0
DA:175,0
DA:181,0
DA:182,0
DA:183,0
DA:186,0
DA:188,0
DA:189,0
DA:197,0
DA:198,0
DA:200,0
DA:201,0
DA:203,0
DA:213,0
DA:214,0
DA:216,0
DA:217,0
DA:225,0
DA:226,0
DA:228,0
DA:238,0
DA:239,0
DA:241,0
DA:242,0
DA:250,0
DA:251,0
DA:253,0
DA:258,0
DA:266,0
DA:267,0
DA:269,0
DA:270,0
DA:271,0
DA:274,0
DA:282,0
DA:283,0
DA:291,0
DA:292,0
DA:294,0
DA:305,0
DA:306,0
DA:308,0
DA:309,0
DA:317,0
DA:318,0
DA:320,0
DA:331,0
DA:332,0
DA:334,0
DA:335,0
DA:343,0
DA:344,0
DA:346,0
DA:347,0
DA:348,0
DA:350,0
DA:351,0
DA:359,0
DA:360,0
DA:368,0
DA:370,0
DA:371,0
DA:373,0
DA:384,0
DA:385,0
DA:394,0
DA:395,0
DA:400,0
LF:126
LH:0
BRDA:29,0,0,0
BRDA:29,0,1,0
BRDA:36,1,0,0
BRDA:36,1,1,0
BRDA:37,2,0,0
BRDA:37,2,1,0
BRDA:39,3,0,0
BRDA:39,3,1,0
BRDA:40,4,0,0
BRDA:40,4,1,0
BRDA:41,5,0,0
BRDA:41,5,1,0
BRDA:42,6,0,0
BRDA:42,6,1,0
BRDA:43,7,0,0
BRDA:43,7,1,0
BRDA:54,8,0,0
BRDA:54,8,1,0
BRDA:55,9,0,0
BRDA:55,9,1,0
BRDA:74,10,0,0
BRDA:74,10,1,0
BRDA:91,11,0,0
BRDA:91,11,1,0
BRDA:135,12,0,0
BRDA:135,12,1,0
BRDA:140,13,0,0
BRDA:140,13,1,0
BRDA:181,14,0,0
BRDA:181,14,1,0
BRDA:200,15,0,0
BRDA:200,15,1,0
BRDA:290,16,0,0
BRDA:358,17,0,0
BRDA:363,18,0,0
BRDA:364,19,0,0
BRDA:365,20,0,0
BRDA:366,21,0,0
BRDA:367,22,0,0
BRDA:371,23,0,0
BRDA:371,23,1,0
BRF:41
BRH:0
end_of_record
TN:
SF:server\routes\ai-songwriter.js
FN:27,(anonymous_0)
FN:71,(anonymous_1)
FN:95,(anonymous_2)
FN:116,(anonymous_3)
FN:131,(anonymous_4)
FN:152,(anonymous_5)
FN:167,(anonymous_6)
FN:186,(anonymous_7)
FN:201,(anonymous_8)
FN:221,(anonymous_9)
FN:238,(anonymous_10)
FN:257,(anonymous_11)
FN:274,(anonymous_12)
FN:294,(anonymous_13)
FN:343,(anonymous_14)
FN:380,analyzeWritingStyle
FN:381,(anonymous_16)
FN:382,(anonymous_17)
FN:390,(anonymous_18)
FN:395,analyzeCadence
FN:398,(anonymous_20)
FN:399,(anonymous_21)
FN:400,(anonymous_22)
FN:405,analyzeTone
FN:414,(anonymous_24)
FN:425,analyzeRhythm
FN:428,(anonymous_26)
FN:431,(anonymous_27)
FN:440,analyzeVocabulary
FN:441,(anonymous_29)
FN:442,(anonymous_30)
FN:447,detectEmotionalTone
FN:460,(anonymous_32)
FN:462,(anonymous_33)
FN:463,(anonymous_34)
FN:467,(anonymous_35)
FN:471,countSyllables
FN:475,getStressPattern
FN:477,(anonymous_38)
FN:480,detectRhymeScheme
FN:483,(anonymous_40)
FN:491,(anonymous_41)
FN:506,(anonymous_42)
FN:514,wordsRhyme
FN:523,updateUserPatterns
FN:546,(anonymous_45)
FN:553,getUserPatterns
FN:567,(anonymous_47)
FN:567,(anonymous_48)
FN:580,addToWritingHistory
FN:594,getWritingHistory
FN:598,calculateLearningProgress
FN:604,(anonymous_52)
FN:608,generateIntelligentSuggestions
FN:622,generateLineSuggestions
FN:630,(anonymous_55)
FN:639,generateWordSuggestions
FN:650,(anonymous_57)
FN:659,fillTemplate
FN:672,(anonymous_59)
FN:679,getEmotionWord
FN:691,getFeelingWord
FN:703,generateCreativePrompts
FN:731,generateLineContinuations
FN:740,(anonymous_64)
FN:747,rewriteInUserStyle
FN:750,(anonymous_66)
FN:758,findRhymes
FN:769,(anonymous_68)
FN:777,findSynonyms
FN:787,(anonymous_70)
FN:796,calculateWritingStatistics
FN:798,(anonymous_72)
FN:799,(anonymous_73)
FN:813,calculateImprovement
FN:821,(anonymous_75)
FN:822,(anonymous_76)
FN:827,extractGenres
FN:829,(anonymous_78)
FN:837,(anonymous_79)
FN:839,(anonymous_80)
FN:842,calculateStreak
FN:864,generateSuggestionId
FN:868,generateProjectId
FNF:84
FNH:0
FNDA:0,(anonymous_0)
FNDA:0,(anonymous_1)
FNDA:0,(anonymous_2)
FNDA:0,(anonymous_3)
FNDA:0,(anonymous_4)
FNDA:0,(anonymous_5)
FNDA:0,(anonymous_6)
FNDA:0,(anonymous_7)
FNDA:0,(anonymous_8)
FNDA:0,(anonymous_9)
FNDA:0,(anonymous_10)
FNDA:0,(anonymous_11)
FNDA:0,(anonymous_12)
FNDA:0,(anonymous_13)
FNDA:0,(anonymous_14)
FNDA:0,analyzeWritingStyle
FNDA:0,(anonymous_16)
FNDA:0,(anonymous_17)
FNDA:0,(anonymous_18)
FNDA:0,analyzeCadence
FNDA:0,(anonymous_20)
FNDA:0,(anonymous_21)
FNDA:0,(anonymous_22)
FNDA:0,analyzeTone
FNDA:0,(anonymous_24)
FNDA:0,analyzeRhythm
FNDA:0,(anonymous_26)
FNDA:0,(anonymous_27)
FNDA:0,analyzeVocabulary
FNDA:0,(anonymous_29)
FNDA:0,(anonymous_30)
FNDA:0,detectEmotionalTone
FNDA:0,(anonymous_32)
FNDA:0,(anonymous_33)
FNDA:0,(anonymous_34)
FNDA:0,(anonymous_35)
FNDA:0,countSyllables
FNDA:0,getStressPattern
FNDA:0,(anonymous_38)
FNDA:0,detectRhymeScheme
FNDA:0,(anonymous_40)
FNDA:0,(anonymous_41)
FNDA:0,(anonymous_42)
FNDA:0,wordsRhyme
FNDA:0,updateUserPatterns
FNDA:0,(anonymous_45)
FNDA:0,getUserPatterns
FNDA:0,(anonymous_47)
FNDA:0,(anonymous_48)
FNDA:0,addToWritingHistory
FNDA:0,getWritingHistory
FNDA:0,calculateLearningProgress
FNDA:0,(anonymous_52)
FNDA:0,generateIntelligentSuggestions
FNDA:0,generateLineSuggestions
FNDA:0,(anonymous_55)
FNDA:0,generateWordSuggestions
FNDA:0,(anonymous_57)
FNDA:0,fillTemplate
FNDA:0,(anonymous_59)
FNDA:0,getEmotionWord
FNDA:0,getFeelingWord
FNDA:0,generateCreativePrompts
FNDA:0,generateLineContinuations
FNDA:0,(anonymous_64)
FNDA:0,rewriteInUserStyle
FNDA:0,(anonymous_66)
FNDA:0,findRhymes
FNDA:0,(anonymous_68)
FNDA:0,findSynonyms
FNDA:0,(anonymous_70)
FNDA:0,calculateWritingStatistics
FNDA:0,(anonymous_72)
FNDA:0,(anonymous_73)
FNDA:0,calculateImprovement
FNDA:0,(anonymous_75)
FNDA:0,(anonymous_76)
FNDA:0,extractGenres
FNDA:0,(anonymous_78)
FNDA:0,(anonymous_79)
FNDA:0,(anonymous_80)
FNDA:0,calculateStreak
FNDA:0,generateSuggestionId
FNDA:0,generateProjectId
DA:6,0
DA:7,0
DA:8,0
DA:11,0
DA:18,0
DA:21,0
DA:22,0
DA:27,0
DA:28,0
DA:29,0
DA:31,0
DA:32,0
DA:38,0
DA:41,0
DA:44,0
DA:46,0
DA:60,0
DA:61,0
DA:71,0
DA:72,0
DA:73,0
DA:75,0
DA:76,0
DA:82,0
DA:83,0
DA:86,0
DA:93,0
DA:95,0
DA:105,0
DA:106,0
DA:116,0
DA:117,0
DA:118,0
DA:120,0
DA:121,0
DA:126,0
DA:127,0
DA:129,0
DA:131,0
DA:141,0
DA:142,0
DA:152,0
DA:153,0
DA:154,0
DA:156,0
DA:157,0
DA:162,0
DA:163,0
DA:165,0
DA:167,0
DA:175,0
DA:176,0
DA:186,0
DA:187,0
DA:188,0
DA:190,0
DA:191,0
DA:196,0
DA:197,0
DA:199,0
DA:201,0
DA:210,0
DA:211,0
DA:221,0
DA:222,0
DA:223,0
DA:224,0
DA:226,0
DA:227,0
DA:232,0
DA:233,0
DA:235,0
DA:238,0
DA:246,0
DA:247,0
DA:257,0
DA:258,0
DA:259,0
DA:260,0
DA:262,0
DA:263,0
DA:268,0
DA:269,0
DA:271,0
DA:274,0
DA:283,0
DA:284,0
DA:294,0
DA:295,0
DA:296,0
DA:298,0
DA:299,0
DA:305,0
DA:306,0
DA:315,0
DA:316,0
DA:319,0
DA:320,0
DA:326,0
DA:332,0
DA:333,0
DA:343,0
DA:344,0
DA:345,0
DA:347,0
DA:348,0
DA:353,0
DA:354,0
DA:355,0
DA:357,0
DA:370,0
DA:371,0
DA:381,0
DA:382,0
DA:384,0
DA:390,0
DA:396,0
DA:398,0
DA:399,0
DA:400,0
DA:402,0
DA:406,0
DA:408,0
DA:409,0
DA:411,0
DA:412,0
DA:414,0
DA:415,0
DA:416,0
DA:419,0
DA:420,0
DA:422,0
DA:426,0
DA:428,0
DA:429,0
DA:431,0
DA:432,0
DA:433,0
DA:436,0
DA:437,0
DA:441,0
DA:442,0
DA:444,0
DA:448,0
DA:450,0
DA:459,0
DA:460,0
DA:461,0
DA:462,0
DA:463,0
DA:467,0
DA:468,0
DA:472,0
DA:476,0
DA:477,0
DA:481,0
DA:483,0
DA:484,0
DA:485,0
DA:488,0
DA:489,0
DA:491,0
DA:492,0
DA:493,0
DA:494,0
DA:495,0
DA:496,0
DA:500,0
DA:501,0
DA:502,0
DA:506,0
DA:507,0
DA:508,0
DA:510,0
DA:515,0
DA:517,0
DA:518,0
DA:520,0
DA:524,0
DA:525,0
DA:536,0
DA:537,0
DA:538,0
DA:539,0
DA:540,0
DA:541,0
DA:542,0
DA:543,0
DA:546,0
DA:547,0
DA:548,0
DA:554,0
DA:555,0
DA:556,0
DA:567,0
DA:569,0
DA:581,0
DA:582,0
DA:585,0
DA:586,0
DA:589,0
DA:590,0
DA:595,0
DA:599,0
DA:600,0
DA:602,0
DA:604,0
DA:605,0
DA:609,0
DA:612,0
DA:613,0
DA:616,0
DA:617,0
DA:619,0
DA:623,0
DA:630,0
DA:640,0
DA:641,0
DA:648,0
DA:650,0
DA:660,0
DA:671,0
DA:672,0
DA:673,0
DA:676,0
DA:680,0
DA:687,0
DA:688,0
DA:692,0
DA:699,0
DA:700,0
DA:704,0
DA:728,0
DA:732,0
DA:740,0
DA:748,0
DA:750,0
DA:760,0
DA:767,0
DA:769,0
DA:778,0
DA:785,0
DA:787,0
DA:797,0
DA:798,0
DA:800,0
DA:801,0
DA:803,0
DA:814,0
DA:816,0
DA:817,0
DA:819,0
DA:821,0
DA:822,0
DA:824,0
DA:828,0
DA:829,0
DA:830,0
DA:831,0
DA:832,0
DA:836,0
DA:837,0
DA:839,0
DA:843,0
DA:845,0
DA:846,0
DA:847,0
DA:849,0
DA:850,0
DA:851,0
DA:853,0
DA:854,0
DA:856,0
DA:860,0
DA:865,0
DA:869,0
DA:872,0
LF:277
LH:0
BRDA:31,0,0,0
BRDA:31,0,1,0
BRDA:31,1,0,0
BRDA:31,1,1,0
BRDA:75,2,0,0
BRDA:75,2,1,0
BRDA:75,3,0,0
BRDA:75,3,1,0
BRDA:120,4,0,0
BRDA:120,4,1,0
BRDA:156,5,0,0
BRDA:156,5,1,0
BRDA:156,6,0,0
BRDA:156,6,1,0
BRDA:190,7,0,0
BRDA:190,7,1,0
BRDA:190,8,0,0
BRDA:190,8,1,0
BRDA:226,9,0,0
BRDA:226,9,1,0
BRDA:232,10,0,0
BRDA:232,10,1,0
BRDA:262,11,0,0
BRDA:262,11,1,0
BRDA:268,12,0,0
BRDA:268,12,1,0
BRDA:298,13,0,0
BRDA:298,13,1,0
BRDA:298,14,0,0
BRDA:298,14,1,0
BRDA:315,15,0,0
BRDA:315,15,1,0
BRDA:347,16,0,0
BRDA:347,16,1,0
BRDA:396,17,0,0
BRDA:396,17,1,0
BRDA:415,18,0,0
BRDA:415,18,1,0
BRDA:416,19,0,0
BRDA:416,19,1,0
BRDA:420,20,0,0
BRDA:420,20,1,0
BRDA:426,21,0,0
BRDA:426,21,1,0
BRDA:433,22,0,0
BRDA:433,22,1,0
BRDA:467,23,0,0
BRDA:467,23,1,0
BRDA:468,24,0,0
BRDA:468,24,1,0
BRDA:472,25,0,0
BRDA:472,25,1,0
BRDA:477,26,0,0
BRDA:477,26,1,0
BRDA:481,27,0,0
BRDA:481,27,1,0
BRDA:485,28,0,0
BRDA:485,28,1,0
BRDA:494,29,0,0
BRDA:494,29,1,0
BRDA:500,30,0,0
BRDA:500,30,1,0
BRDA:500,31,0,0
BRDA:500,31,1,0
BRDA:508,32,0,0
BRDA:508,32,1,0
BRDA:515,33,0,0
BRDA:515,33,1,0
BRDA:515,34,0,0
BRDA:515,34,1,0
BRDA:520,35,0,0
BRDA:520,35,1,0
BRDA:524,36,0,0
BRDA:524,36,1,0
BRDA:547,37,0,0
BRDA:547,37,1,0
BRDA:555,38,0,0
BRDA:555,38,1,0
BRDA:567,39,0,0
BRDA:567,39,1,0
BRDA:574,40,0,0
BRDA:574,40,1,0
BRDA:581,41,0,0
BRDA:581,41,1,0
BRDA:589,42,0,0
BRDA:589,42,1,0
BRDA:595,43,0,0
BRDA:595,43,1,0
BRDA:602,44,0,0
BRDA:602,44,1,0
BRDA:602,45,0,0
BRDA:602,45,1,0
BRDA:648,46,0,0
BRDA:648,46,1,0
BRDA:655,47,0,0
BRDA:655,47,1,0
BRDA:687,48,0,0
BRDA:687,48,1,0
BRDA:699,49,0,0
BRDA:699,49,1,0
BRDA:767,50,0,0
BRDA:767,50,1,0
BRDA:785,51,0,0
BRDA:785,51,1,0
BRDA:790,52,0,0
BRDA:790,52,1,0
BRDA:800,53,0,0
BRDA:800,53,1,0
BRDA:814,54,0,0
BRDA:814,54,1,0
BRDA:819,55,0,0
BRDA:819,55,1,0
BRDA:821,56,0,0
BRDA:821,56,1,0
BRDA:822,57,0,0
BRDA:822,57,1,0
BRDA:830,58,0,0
BRDA:830,58,1,0
BRDA:830,59,0,0
BRDA:830,59,1,0
BRDA:832,60,0,0
BRDA:832,60,1,0
BRDA:843,61,0,0
BRDA:843,61,1,0
BRDA:853,62,0,0
BRDA:853,62,1,0
BRF:126
BRH:0
end_of_record
TN:
SF:server\routes\analytics.js
FN:22,(anonymous_0)
FN:63,(anonymous_1)
FN:99,(anonymous_2)
FN:132,(anonymous_3)
FN:170,(anonymous_4)
FN:191,getUserDashboard
FN:193,(anonymous_6)
FN:195,(anonymous_7)
FN:196,(anonymous_8)
FN:197,(anonymous_9)
FN:205,(anonymous_10)
FN:208,(anonymous_11)
FN:210,(anonymous_12)
FN:219,getAdminDashboard
FN:226,(anonymous_14)
FN:227,(anonymous_15)
FN:234,(anonymous_16)
FN:240,getBeatAnalytics
FN:242,(anonymous_18)
FN:265,getUserRevenue
FN:267,(anonymous_20)
FN:272,(anonymous_21)
FN:281,(anonymous_22)
FN:282,(anonymous_23)
FN:287,getAdminRevenue
FN:291,(anonymous_25)
FN:292,(anonymous_26)
FN:303,getTrendingData
FN:309,(anonymous_28)
FN:311,(anonymous_29)
FN:321,(anonymous_30)
FN:327,(anonymous_31)
FN:329,(anonymous_32)
FN:337,getTopProducers
FN:340,(anonymous_34)
FN:356,(anonymous_35)
FN:359,trackEvent
FN:369,getPeriodMilliseconds
FNF:38
FNH:0
FNDA:0,(anonymous_0)
FNDA:0,(anonymous_1)
FNDA:0,(anonymous_2)
FNDA:0,(anonymous_3)
FNDA:0,(anonymous_4)
FNDA:0,getUserDashboard
FNDA:0,(anonymous_6)
FNDA:0,(anonymous_7)
FNDA:0,(anonymous_8)
FNDA:0,(anonymous_9)
FNDA:0,(anonymous_10)
FNDA:0,(anonymous_11)
FNDA:0,(anonymous_12)
FNDA:0,getAdminDashboard
FNDA:0,(anonymous_14)
FNDA:0,(anonymous_15)
FNDA:0,(anonymous_16)
FNDA:0,getBeatAnalytics
FNDA:0,(anonymous_18)
FNDA:0,getUserRevenue
FNDA:0,(anonymous_20)
FNDA:0,(anonymous_21)
FNDA:0,(anonymous_22)
FNDA:0,(anonymous_23)
FNDA:0,getAdminRevenue
FNDA:0,(anonymous_25)
FNDA:0,(anonymous_26)
FNDA:0,getTrendingData
FNDA:0,(anonymous_28)
FNDA:0,(anonymous_29)
FNDA:0,(anonymous_30)
FNDA:0,(anonymous_31)
FNDA:0,(anonymous_32)
FNDA:0,getTopProducers
FNDA:0,(anonymous_34)
FNDA:0,(anonymous_35)
FNDA:0,trackEvent
FNDA:0,getPeriodMilliseconds
DA:4,0
DA:5,0
DA:6,0
DA:7,0
DA:8,0
DA:22,0
DA:23,0
DA:24,0
DA:25,0
DA:28,0
DA:32,0
DA:37,0
DA:38,0
DA:63,0
DA:64,0
DA:65,0
DA:66,0
DA:68,0
DA:73,0
DA:74,0
DA:99,0
DA:100,0
DA:101,0
DA:102,0
DA:103,0
DA:105,0
DA:109,0
DA:114,0
DA:115,0
DA:132,0
DA:133,0
DA:134,0
DA:136,0
DA:141,0
DA:142,0
DA:170,0
DA:171,0
DA:172,0
DA:173,0
DA:175,0
DA:177,0
DA:182,0
DA:183,0
DA:192,0
DA:193,0
DA:195,0
DA:196,0
DA:197,0
DA:199,0
DA:205,0
DA:208,0
DA:210,0
DA:220,0
DA:221,0
DA:223,0
DA:224,0
DA:226,0
DA:227,0
DA:229,0
DA:234,0
DA:241,0
DA:242,0
DA:244,0
DA:245,0
DA:249,0
DA:250,0
DA:253,0
DA:266,0
DA:267,0
DA:269,0
DA:270,0
DA:272,0
DA:279,0
DA:281,0
DA:282,0
DA:288,0
DA:289,0
DA:291,0
DA:292,0
DA:294,0
DA:304,0
DA:305,0
DA:308,0
DA:309,0
DA:311,0
DA:320,0
DA:321,0
DA:322,0
DA:323,0
DA:326,0
DA:327,0
DA:329,0
DA:331,0
DA:338,0
DA:340,0
DA:341,0
DA:342,0
DA:343,0
DA:350,0
DA:351,0
DA:352,0
DA:355,0
DA:356,0
DA:360,0
DA:370,0
DA:377,0
DA:380,0
LF:107
LH:0
BRDA:28,0,0,0
BRDA:28,0,1,0
BRDA:101,1,0,0
BRDA:105,2,0,0
BRDA:105,2,1,0
BRDA:173,3,0,0
BRDA:173,3,1,0
BRDA:193,4,0,0
BRDA:193,4,1,0
BRDA:195,5,0,0
BRDA:195,5,1,0
BRDA:196,6,0,0
BRDA:196,6,1,0
BRDA:197,7,0,0
BRDA:197,7,1,0
BRDA:204,8,0,0
BRDA:204,8,1,0
BRDA:205,9,0,0
BRDA:205,9,1,0
BRDA:208,10,0,0
BRDA:208,10,1,0
BRDA:208,11,0,0
BRDA:208,11,1,0
BRDA:213,12,0,0
BRDA:213,12,1,0
BRDA:214,13,0,0
BRDA:214,13,1,0
BRDA:223,14,0,0
BRDA:223,14,1,0
BRDA:224,15,0,0
BRDA:224,15,1,0
BRDA:226,16,0,0
BRDA:226,16,1,0
BRDA:227,17,0,0
BRDA:227,17,1,0
BRDA:234,18,0,0
BRDA:234,18,1,0
BRDA:244,19,0,0
BRDA:244,19,1,0
BRDA:249,20,0,0
BRDA:249,20,1,0
BRDA:249,21,0,0
BRDA:249,21,1,0
BRDA:256,22,0,0
BRDA:256,22,1,0
BRDA:257,23,0,0
BRDA:257,23,1,0
BRDA:258,24,0,0
BRDA:258,24,1,0
BRDA:259,25,0,0
BRDA:259,25,1,0
BRDA:260,26,0,0
BRDA:260,26,1,0
BRDA:261,27,0,0
BRDA:261,27,1,0
BRDA:267,28,0,0
BRDA:267,28,1,0
BRDA:275,29,0,0
BRDA:275,29,1,0
BRDA:276,30,0,0
BRDA:276,30,1,0
BRDA:289,31,0,0
BRDA:289,31,1,0
BRDA:291,32,0,0
BRDA:291,32,1,0
BRDA:292,33,0,0
BRDA:292,33,1,0
BRDA:305,34,0,0
BRDA:305,34,1,0
BRDA:309,35,0,0
BRDA:309,35,1,0
BRDA:309,36,0,0
BRDA:309,36,1,0
BRDA:315,37,0,0
BRDA:315,37,1,0
BRDA:322,38,0,0
BRDA:322,38,1,0
BRDA:323,39,0,0
BRDA:323,39,1,0
BRDA:323,40,0,0
BRDA:323,40,1,0
BRDA:342,41,0,0
BRDA:342,41,1,0
BRDA:351,42,0,0
BRDA:351,42,1,0
BRDA:352,43,0,0
BRDA:352,43,1,0
BRDA:377,44,0,0
BRDA:377,44,1,0
BRF:89
BRH:0
end_of_record
TN:
SF:server\routes\auth.js
FN:16,(anonymous_0)
FN:34,(anonymous_1)
FN:106,(anonymous_2)
FN:155,(anonymous_3)
FN:175,(anonymous_4)
FN:190,(anonymous_5)
FN:219,(anonymous_6)
FN:254,(anonymous_7)
FN:279,(anonymous_8)
FNF:9
FNH:0
FNDA:0,(anonymous_0)
FNDA:0,(anonymous_1)
FNDA:0,(anonymous_2)
FNDA:0,(anonymous_3)
FNDA:0,(anonymous_4)
FNDA:0,(anonymous_5)
FNDA:0,(anonymous_6)
FNDA:0,(anonymous_7)
FNDA:0,(anonymous_8)
DA:2,0
DA:3,0
DA:4,0
DA:5,0
DA:6,0
DA:7,0
DA:10,0
DA:13,0
DA:16,0
DA:17,0
DA:18,0
DA:20,0
DA:21,0
DA:24,0
DA:25,0
DA:26,0
DA:29,0
DA:30,0
DA:34,0
DA:35,0
DA:36,0
DA:39,0
DA:40,0
DA:44,0
DA:45,0
DA:46,0
DA:50,0
DA:51,0
DA:54,0
DA:55,0
DA:77,0
DA:80,0
DA:81,0
DA:88,0
DA:91,0
DA:93,0
DA:100,0
DA:101,0
DA:106,0
DA:107,0
DA:108,0
DA:110,0
DA:111,0
DA:115,0
DA:117,0
DA:118,0
DA:122,0
DA:124,0
DA:125,0
DA:129,0
DA:130,0
DA:137,0
DA:140,0
DA:142,0
DA:149,0
DA:150,0
DA:155,0
DA:156,0
DA:157,0
DA:158,0
DA:160,0
DA:161,0
DA:164,0
DA:169,0
DA:170,0
DA:175,0
DA:176,0
DA:177,0
DA:179,0
DA:184,0
DA:185,0
DA:190,0
DA:191,0
DA:192,0
DA:193,0
DA:196,0
DA:197,0
DA:198,0
DA:199,0
DA:200,0
DA:202,0
DA:203,0
DA:205,0
DA:207,0
DA:213,0
DA:214,0
DA:219,0
DA:220,0
DA:221,0
DA:222,0
DA:224,0
DA:225,0
DA:229,0
DA:231,0
DA:232,0
DA:236,0
DA:237,0
DA:239,0
DA:240,0
DA:241,0
DA:243,0
DA:248,0
DA:249,0
DA:254,0
DA:255,0
DA:256,0
DA:257,0
DA:260,0
DA:261,0
DA:262,0
DA:263,0
DA:265,0
DA:270,0
DA:273,0
DA:274,0
DA:279,0
DA:280,0
DA:281,0
DA:283,0
DA:284,0
DA:288,0
DA:290,0
DA:292,0
DA:296,0
DA:301,0
DA:302,0
DA:306,0
LF:127
LH:0
BRDA:18,0,0,0
BRDA:18,0,1,0
BRDA:20,1,0,0
BRDA:20,1,1,0
BRDA:25,2,0,0
BRDA:25,2,1,0
BRDA:25,3,0,0
BRDA:25,3,1,0
BRDA:39,4,0,0
BRDA:39,4,1,0
BRDA:39,5,0,0
BRDA:39,5,1,0
BRDA:39,5,2,0
BRDA:45,6,0,0
BRDA:45,6,1,0
BRDA:60,7,0,0
BRDA:60,7,1,0
BRDA:110,8,0,0
BRDA:110,8,1,0
BRDA:110,9,0,0
BRDA:110,9,1,0
BRDA:117,10,0,0
BRDA:117,10,1,0
BRDA:124,11,0,0
BRDA:124,11,1,0
BRDA:158,12,0,0
BRDA:158,12,1,0
BRDA:160,13,0,0
BRDA:160,13,1,0
BRDA:196,14,0,0
BRDA:196,14,1,0
BRDA:197,15,0,0
BRDA:197,15,1,0
BRDA:198,16,0,0
BRDA:198,16,1,0
BRDA:199,17,0,0
BRDA:199,17,1,0
BRDA:200,18,0,0
BRDA:200,18,1,0
BRDA:224,19,0,0
BRDA:224,19,1,0
BRDA:224,20,0,0
BRDA:224,20,1,0
BRDA:231,21,0,0
BRDA:231,21,1,0
BRDA:260,22,0,0
BRDA:260,22,1,0
BRDA:283,23,0,0
BRDA:283,23,1,0
BRDA:290,24,0,0
BRDA:290,24,1,0
BRF:51
BRH:0
end_of_record
TN:
SF:server\routes\beats.js
FN:14,(anonymous_0)
FN:21,(anonymous_1)
FN:41,(anonymous_2)
FN:45,(anonymous_3)
FN:51,(anonymous_4)
FN:55,(anonymous_5)
FN:59,(anonymous_6)
FN:63,(anonymous_7)
FN:67,(anonymous_8)
FN:74,(anonymous_9)
FN:77,(anonymous_10)
FN:84,(anonymous_11)
FN:87,(anonymous_12)
FN:90,(anonymous_13)
FN:93,(anonymous_14)
FN:96,(anonymous_15)
FN:99,(anonymous_16)
FN:102,(anonymous_17)
FN:138,(anonymous_18)
FN:156,(anonymous_19)
FN:175,(anonymous_20)
FN:193,(anonymous_21)
FN:221,(anonymous_22)
FN:259,(anonymous_23)
FN:288,(anonymous_24)
FN:308,(anonymous_25)
FN:311,(anonymous_26)
FN:333,(anonymous_27)
FN:361,(anonymous_28)
FN:395,(anonymous_29)
FN:425,(anonymous_30)
FN:463,(anonymous_31)
FN:469,(anonymous_32)
FN:481,(anonymous_33)
FN:495,(anonymous_34)
FN:547,(anonymous_35)
FNF:36
FNH:0
FNDA:0,(anonymous_0)
FNDA:0,(anonymous_1)
FNDA:0,(anonymous_2)
FNDA:0,(anonymous_3)
FNDA:0,(anonymous_4)
FNDA:0,(anonymous_5)
FNDA:0,(anonymous_6)
FNDA:0,(anonymous_7)
FNDA:0,(anonymous_8)
FNDA:0,(anonymous_9)
FNDA:0,(anonymous_10)
FNDA:0,(anonymous_11)
FNDA:0,(anonymous_12)
FNDA:0,(anonymous_13)
FNDA:0,(anonymous_14)
FNDA:0,(anonymous_15)
FNDA:0,(anonymous_16)
FNDA:0,(anonymous_17)
FNDA:0,(anonymous_18)
FNDA:0,(anonymous_19)
FNDA:0,(anonymous_20)
FNDA:0,(anonymous_21)
FNDA:0,(anonymous_22)
FNDA:0,(anonymous_23)
FNDA:0,(anonymous_24)
FNDA:0,(anonymous_25)
FNDA:0,(anonymous_26)
FNDA:0,(anonymous_27)
FNDA:0,(anonymous_28)
FNDA:0,(anonymous_29)
FNDA:0,(anonymous_30)
FNDA:0,(anonymous_31)
FNDA:0,(anonymous_32)
FNDA:0,(anonymous_33)
FNDA:0,(anonymous_34)
FNDA:0,(anonymous_35)
DA:2,0
DA:3,0
DA:4,0
DA:5,0
DA:6,0
DA:7,0
DA:10,0
DA:11,0
DA:14,0
DA:16,0
DA:17,0
DA:21,0
DA:22,0
DA:35,0
DA:37,0
DA:40,0
DA:41,0
DA:44,0
DA:45,0
DA:46,0
DA:50,0
DA:51,0
DA:54,0
DA:55,0
DA:58,0
DA:59,0
DA:62,0
DA:63,0
DA:66,0
DA:67,0
DA:68,0
DA:72,0
DA:73,0
DA:74,0
DA:75,0
DA:77,0
DA:82,0
DA:84,0
DA:85,0
DA:87,0
DA:88,0
DA:90,0
DA:91,0
DA:93,0
DA:94,0
DA:96,0
DA:97,0
DA:99,0
DA:100,0
DA:102,0
DA:103,0
DA:107,0
DA:108,0
DA:109,0
DA:110,0
DA:111,0
DA:113,0
DA:132,0
DA:133,0
DA:138,0
DA:139,0
DA:140,0
DA:141,0
DA:143,0
DA:145,0
DA:150,0
DA:151,0
DA:156,0
DA:157,0
DA:158,0
DA:159,0
DA:160,0
DA:162,0
DA:164,0
DA:169,0
DA:170,0
DA:175,0
DA:176,0
DA:177,0
DA:178,0
DA:180,0
DA:182,0
DA:187,0
DA:188,0
DA:193,0
DA:194,0
DA:195,0
DA:196,0
DA:198,0
DA:199,0
DA:203,0
DA:204,0
DA:205,0
DA:207,0
DA:215,0
DA:216,0
DA:221,0
DA:222,0
DA:238,0
DA:241,0
DA:242,0
DA:247,0
DA:248,0
DA:259,0
DA:273,0
DA:274,0
DA:276,0
DA:282,0
DA:283,0
DA:288,0
DA:289,0
DA:290,0
DA:291,0
DA:293,0
DA:294,0
DA:298,0
DA:299,0
DA:303,0
DA:308,0
DA:309,0
DA:310,0
DA:311,0
DA:313,0
DA:318,0
DA:319,0
DA:321,0
DA:327,0
DA:328,0
DA:333,0
DA:334,0
DA:335,0
DA:336,0
DA:338,0
DA:339,0
DA:343,0
DA:344,0
DA:347,0
DA:348,0
DA:350,0
DA:355,0
DA:356,0
DA:361,0
DA:362,0
DA:363,0
DA:364,0
DA:366,0
DA:367,0
DA:371,0
DA:373,0
DA:374,0
DA:376,0
DA:379,0
DA:380,0
DA:382,0
DA:389,0
DA:390,0
DA:395,0
DA:396,0
DA:397,0
DA:398,0
DA:400,0
DA:401,0
DA:405,0
DA:406,0
DA:407,0
DA:409,0
DA:410,0
DA:411,0
DA:413,0
DA:419,0
DA:420,0
DA:425,0
DA:426,0
DA:427,0
DA:428,0
DA:430,0
DA:431,0
DA:435,0
DA:436,0
DA:439,0
DA:442,0
DA:452,0
DA:457,0
DA:458,0
DA:463,0
DA:464,0
DA:465,0
DA:468,0
DA:470,0
DA:471,0
DA:472,0
DA:473,0
DA:475,0
DA:481,0
DA:484,0
DA:489,0
DA:490,0
DA:495,0
DA:496,0
DA:547,0
DA:548,0
DA:549,0
DA:558,0
DA:560,0
LF:204
LH:0
BRDA:32,0,0,0
BRDA:33,1,0,0
BRDA:34,2,0,0
BRDA:40,3,0,0
BRDA:40,3,1,0
BRDA:40,4,0,0
BRDA:40,4,1,0
BRDA:44,5,0,0
BRDA:44,5,1,0
BRDA:50,6,0,0
BRDA:50,6,1,0
BRDA:54,7,0,0
BRDA:54,7,1,0
BRDA:58,8,0,0
BRDA:58,8,1,0
BRDA:62,9,0,0
BRDA:62,9,1,0
BRDA:66,10,0,0
BRDA:66,10,1,0
BRDA:72,11,0,0
BRDA:72,11,1,0
BRDA:75,12,0,0
BRDA:75,12,1,0
BRDA:75,12,2,0
BRDA:82,13,0,0
BRDA:82,13,1,0
BRDA:82,13,2,0
BRDA:82,13,3,0
BRDA:82,13,4,0
BRDA:82,13,5,0
BRDA:82,13,6,0
BRDA:141,14,0,0
BRDA:141,14,1,0
BRDA:160,15,0,0
BRDA:160,15,1,0
BRDA:178,16,0,0
BRDA:178,16,1,0
BRDA:198,17,0,0
BRDA:198,17,1,0
BRDA:203,18,0,0
BRDA:203,18,1,0
BRDA:236,19,0,0
BRDA:237,20,0,0
BRDA:241,21,0,0
BRDA:241,21,1,0
BRDA:241,22,0,0
BRDA:241,22,1,0
BRDA:241,22,2,0
BRDA:241,22,3,0
BRDA:253,23,0,0
BRDA:253,23,1,0
BRDA:254,24,0,0
BRDA:254,24,1,0
BRDA:255,25,0,0
BRDA:255,25,1,0
BRDA:256,26,0,0
BRDA:256,26,1,0
BRDA:257,27,0,0
BRDA:257,27,1,0
BRDA:258,28,0,0
BRDA:258,28,1,0
BRDA:259,29,0,0
BRDA:259,29,1,0
BRDA:259,30,0,0
BRDA:259,30,1,0
BRDA:261,31,0,0
BRDA:261,31,1,0
BRDA:293,32,0,0
BRDA:293,32,1,0
BRDA:298,33,0,0
BRDA:298,33,1,0
BRDA:309,34,0,0
BRDA:309,34,1,0
BRDA:310,35,0,0
BRDA:310,35,1,0
BRDA:310,36,0,0
BRDA:310,36,1,0
BRDA:338,37,0,0
BRDA:338,37,1,0
BRDA:343,38,0,0
BRDA:343,38,1,0
BRDA:366,39,0,0
BRDA:366,39,1,0
BRDA:373,40,0,0
BRDA:373,40,1,0
BRDA:384,41,0,0
BRDA:384,41,1,0
BRDA:400,42,0,0
BRDA:400,42,1,0
BRDA:409,43,0,0
BRDA:409,43,1,0
BRDA:430,44,0,0
BRDA:430,44,1,0
BRDA:435,45,0,0
BRDA:435,45,1,0
BRDA:439,46,0,0
BRDA:439,46,1,0
BRDA:470,47,0,0
BRDA:470,47,1,0
BRF:99
BRH:0
end_of_record
TN:
SF:server\routes\notifications.js
FN:13,(anonymous_0)
FN:38,(anonymous_1)
FN:79,(anonymous_2)
FN:115,(anonymous_3)
FN:153,(anonymous_4)
FN:189,(anonymous_5)
FN:227,(anonymous_6)
FN:270,(anonymous_7)
FNF:8
FNH:0
FNDA:0,(anonymous_0)
FNDA:0,(anonymous_1)
FNDA:0,(anonymous_2)
FNDA:0,(anonymous_3)
FNDA:0,(anonymous_4)
FNDA:0,(anonymous_5)
FNDA:0,(anonymous_6)
FNDA:0,(anonymous_7)
DA:4,0
DA:5,0
DA:6,0
DA:7,0
DA:10,0
DA:13,0
DA:14,0
DA:38,0
DA:39,0
DA:40,0
DA:41,0
DA:43,0
DA:48,0
DA:50,0
DA:59,0
DA:60,0
DA:79,0
DA:80,0
DA:81,0
DA:82,0
DA:84,0
DA:89,0
DA:90,0
DA:115,0
DA:116,0
DA:117,0
DA:118,0
DA:120,0
DA:122,0
DA:123,0
DA:128,0
DA:133,0
DA:134,0
DA:153,0
DA:154,0
DA:155,0
DA:156,0
DA:158,0
DA:163,0
DA:164,0
DA:189,0
DA:190,0
DA:191,0
DA:192,0
DA:194,0
DA:196,0
DA:197,0
DA:202,0
DA:207,0
DA:208,0
DA:227,0
DA:228,0
DA:229,0
DA:230,0
DA:232,0
DA:237,0
DA:238,0
DA:270,0
DA:271,0
DA:272,0
DA:273,0
DA:278,0
DA:279,0
DA:281,0
DA:287,0
DA:292,0
DA:293,0
DA:300,0
LF:68
LH:0
BRDA:41,0,0,0
BRDA:41,1,0,0
BRDA:122,2,0,0
BRDA:122,2,1,0
BRDA:196,3,0,0
BRDA:196,3,1,0
BRDA:272,4,0,0
BRDA:272,4,1,0
BRDA:279,5,0,0
BRDA:279,6,0,0
BRDA:279,7,0,0
BRF:11
BRH:0
end_of_record
TN:
SF:server\routes\payments.js
FN:12,(anonymous_0)
FN:18,(anonymous_1)
FN:79,(anonymous_2)
FN:135,(anonymous_3)
FN:142,(anonymous_4)
FN:146,(anonymous_5)
FN:152,(anonymous_6)
FN:178,(anonymous_7)
FN:245,(anonymous_8)
FN:303,(anonymous_9)
FN:360,(anonymous_10)
FN:406,(anonymous_11)
FN:431,processBeatPurchase
FN:455,(anonymous_13)
FN:469,(anonymous_14)
FNF:15
FNH:0
FNDA:0,(anonymous_0)
FNDA:0,(anonymous_1)
FNDA:0,(anonymous_2)
FNDA:0,(anonymous_3)
FNDA:0,(anonymous_4)
FNDA:0,(anonymous_5)
FNDA:0,(anonymous_6)
FNDA:0,(anonymous_7)
FNDA:0,(anonymous_8)
FNDA:0,(anonymous_9)
FNDA:0,(anonymous_10)
FNDA:0,(anonymous_11)
FNDA:0,processBeatPurchase
FNDA:0,(anonymous_13)
FNDA:0,(anonymous_14)
DA:2,0
DA:3,0
DA:4,0
DA:5,0
DA:8,0
DA:9,0
DA:12,0
DA:13,0
DA:14,0
DA:18,0
DA:19,0
DA:20,0
DA:22,0
DA:23,0
DA:27,0
DA:28,0
DA:29,0
DA:33,0
DA:47,0
DA:48,0
DA:61,0
DA:63,0
DA:70,0
DA:71,0
DA:79,0
DA:80,0
DA:81,0
DA:83,0
DA:84,0
DA:90,0
DA:92,0
DA:93,0
DA:100,0
DA:101,0
DA:102,0
DA:105,0
DA:106,0
DA:107,0
DA:108,0
DA:111,0
DA:113,0
DA:126,0
DA:127,0
DA:135,0
DA:136,0
DA:137,0
DA:138,0
DA:141,0
DA:142,0
DA:145,0
DA:146,0
DA:147,0
DA:152,0
DA:155,0
DA:156,0
DA:157,0
DA:158,0
DA:159,0
DA:161,0
DA:172,0
DA:173,0
DA:178,0
DA:179,0
DA:180,0
DA:181,0
DA:184,0
DA:234,0
DA:239,0
DA:240,0
DA:245,0
DA:246,0
DA:247,0
DA:248,0
DA:250,0
DA:251,0
DA:255,0
DA:256,0
DA:257,0
DA:261,0
DA:262,0
DA:279,0
DA:280,0
DA:281,0
DA:283,0
DA:294,0
DA:295,0
DA:303,0
DA:304,0
DA:305,0
DA:306,0
DA:309,0
DA:337,0
DA:338,0
DA:339,0
DA:340,0
DA:341,0
DA:343,0
DA:354,0
DA:355,0
DA:360,0
DA:361,0
DA:362,0
DA:363,0
DA:367,0
DA:368,0
DA:370,0
DA:371,0
DA:375,0
DA:377,0
DA:378,0
DA:380,0
DA:383,0
DA:384,0
DA:386,0
DA:389,0
DA:390,0
DA:392,0
DA:395,0
DA:398,0
DA:400,0
DA:401,0
DA:406,0
DA:407,0
DA:408,0
DA:409,0
DA:411,0
DA:412,0
DA:416,0
DA:417,0
DA:420,0
DA:425,0
DA:426,0
DA:432,0
DA:440,0
DA:443,0
DA:449,0
DA:450,0
DA:455,0
DA:456,0
DA:458,0
DA:469,0
DA:473,0
DA:478,0
DA:479,0
DA:483,0
LF:145
LH:0
BRDA:20,0,0,0
BRDA:22,1,0,0
BRDA:22,1,1,0
BRDA:22,2,0,0
BRDA:22,2,1,0
BRDA:28,3,0,0
BRDA:28,3,1,0
BRDA:83,4,0,0
BRDA:83,4,1,0
BRDA:83,5,0,0
BRDA:83,5,1,0
BRDA:92,6,0,0
BRDA:92,6,1,0
BRDA:101,7,0,0
BRDA:101,7,1,0
BRDA:137,8,0,0
BRDA:137,9,0,0
BRDA:145,10,0,0
BRDA:145,10,1,0
BRDA:180,11,0,0
BRDA:247,12,0,0
BRDA:250,13,0,0
BRDA:250,13,1,0
BRDA:250,14,0,0
BRDA:250,14,1,0
BRDA:255,15,0,0
BRDA:255,15,1,0
BRDA:256,16,0,0
BRDA:256,16,1,0
BRDA:280,17,0,0
BRDA:280,17,1,0
BRDA:305,18,0,0
BRDA:305,19,0,0
BRDA:375,20,0,0
BRDA:375,20,1,0
BRDA:375,20,2,0
BRDA:375,20,3,0
BRDA:411,21,0,0
BRDA:411,21,1,0
BRDA:416,22,0,0
BRDA:416,22,1,0
BRF:41
BRH:0
end_of_record
TN:
SF:server\routes\plugins.js
FN:8,(anonymous_0)
FN:31,(anonymous_1)
FN:47,(anonymous_2)
FN:56,(anonymous_3)
FN:66,(anonymous_4)
FN:88,(anonymous_5)
FN:97,(anonymous_6)
FN:115,(anonymous_7)
FN:124,(anonymous_8)
FNF:9
FNH:0
FNDA:0,(anonymous_0)
FNDA:0,(anonymous_1)
FNDA:0,(anonymous_2)
FNDA:0,(anonymous_3)
FNDA:0,(anonymous_4)
FNDA:0,(anonymous_5)
FNDA:0,(anonymous_6)
FNDA:0,(anonymous_7)
FNDA:0,(anonymous_8)
DA:2,0
DA:3,0
DA:4,0
DA:5,0
DA:8,0
DA:9,0
DA:11,0
DA:12,0
DA:16,0
DA:17,0
DA:21,0
DA:22,0
DA:23,0
DA:26,0
DA:27,0
DA:31,0
DA:32,0
DA:33,0
DA:34,0
DA:35,0
DA:38,0
DA:39,0
DA:41,0
DA:42,0
DA:47,0
DA:48,0
DA:49,0
DA:50,0
DA:51,0
DA:55,0
DA:56,0
DA:58,0
DA:60,0
DA:61,0
DA:66,0
DA:67,0
DA:68,0
DA:70,0
DA:72,0
DA:74,0
DA:76,0
DA:80,0
DA:82,0
DA:83,0
DA:88,0
DA:89,0
DA:90,0
DA:92,0
DA:94,0
DA:96,0
DA:97,0
DA:100,0
DA:102,0
DA:109,0
DA:110,0
DA:115,0
DA:116,0
DA:124,0
DA:125,0
DA:141,0
LF:60
LH:0
BRDA:11,0,0,0
BRDA:11,0,1,0
BRDA:11,1,0,0
BRDA:11,1,1,0
BRDA:16,2,0,0
BRDA:16,2,1,0
BRDA:22,3,0,0
BRDA:22,3,1,0
BRDA:22,4,0,0
BRDA:22,4,1,0
BRDA:34,5,0,0
BRDA:34,5,1,0
BRDA:50,6,0,0
BRDA:50,6,1,0
BRDA:70,7,0,0
BRDA:70,7,1,0
BRDA:74,8,0,0
BRDA:74,8,1,0
BRDA:90,9,0,0
BRDA:90,10,0,0
BRDA:96,11,0,0
BRDA:96,11,1,0
BRDA:96,12,0,0
BRDA:96,12,1,0
BRF:24
BRH:0
end_of_record
TN:
SF:server\routes\subscriptions.js
FN:12,(anonymous_0)
FN:77,(anonymous_1)
FN:90,(anonymous_2)
FN:102,(anonymous_3)
FN:167,(anonymous_4)
FN:177,(anonymous_5)
FN:229,(anonymous_6)
FN:235,(anonymous_7)
FN:280,(anonymous_8)
FN:285,(anonymous_9)
FN:316,(anonymous_10)
FN:322,(anonymous_11)
FN:334,(anonymous_12)
FN:336,(anonymous_13)
FN:356,(anonymous_14)
FN:361,(anonymous_15)
FN:425,(anonymous_16)
FN:473,grantFinisherAccess
FN:484,generateFinisherToken
FN:489,handleSubscriptionCreated
FN:494,handleSubscriptionUpdated
FN:499,handleSubscriptionDeleted
FN:504,handlePaymentSucceeded
FN:509,handlePaymentFailed
FNF:24
FNH:0
FNDA:0,(anonymous_0)
FNDA:0,(anonymous_1)
FNDA:0,(anonymous_2)
FNDA:0,(anonymous_3)
FNDA:0,(anonymous_4)
FNDA:0,(anonymous_5)
FNDA:0,(anonymous_6)
FNDA:0,(anonymous_7)
FNDA:0,(anonymous_8)
FNDA:0,(anonymous_9)
FNDA:0,(anonymous_10)
FNDA:0,(anonymous_11)
FNDA:0,(anonymous_12)
FNDA:0,(anonymous_13)
FNDA:0,(anonymous_14)
FNDA:0,(anonymous_15)
FNDA:0,(anonymous_16)
FNDA:0,grantFinisherAccess
FNDA:0,generateFinisherToken
FNDA:0,handleSubscriptionCreated
FNDA:0,handleSubscriptionUpdated
FNDA:0,handleSubscriptionDeleted
FNDA:0,handlePaymentSucceeded
FNDA:0,handlePaymentFailed
DA:2,0
DA:3,0
DA:4,0
DA:5,0
DA:8,0
DA:9,0
DA:12,0
DA:13,0
DA:14,0
DA:18,0
DA:77,0
DA:78,0
DA:79,0
DA:84,0
DA:85,0
DA:90,0
DA:91,0
DA:92,0
DA:93,0
DA:95,0
DA:96,0
DA:97,0
DA:101,0
DA:102,0
DA:104,0
DA:105,0
DA:112,0
DA:138,0
DA:139,0
DA:150,0
DA:152,0
DA:158,0
DA:159,0
DA:167,0
DA:168,0
DA:169,0
DA:172,0
DA:174,0
DA:176,0
DA:177,0
DA:179,0
DA:181,0
DA:182,0
DA:183,0
DA:184,0
DA:187,0
DA:188,0
DA:189,0
DA:197,0
DA:201,0
DA:203,0
DA:214,0
DA:217,0
DA:220,0
DA:221,0
DA:229,0
DA:230,0
DA:231,0
DA:234,0
DA:235,0
DA:237,0
DA:238,0
DA:242,0
DA:243,0
DA:249,0
DA:250,0
DA:251,0
DA:254,0
DA:255,0
DA:256,0
DA:257,0
DA:258,0
DA:261,0
DA:271,0
DA:272,0
DA:280,0
DA:281,0
DA:282,0
DA:284,0
DA:285,0
DA:287,0
DA:288,0
DA:289,0
DA:303,0
DA:310,0
DA:311,0
DA:316,0
DA:317,0
DA:319,0
DA:322,0
DA:334,0
DA:336,0
DA:345,0
DA:350,0
DA:351,0
DA:356,0
DA:357,0
DA:358,0
DA:360,0
DA:361,0
DA:363,0
DA:364,0
DA:367,0
DA:395,0
DA:411,0
DA:419,0
DA:420,0
DA:425,0
DA:426,0
DA:427,0
DA:428,0
DA:432,0
DA:433,0
DA:435,0
DA:436,0
DA:440,0
DA:442,0
DA:443,0
DA:446,0
DA:447,0
DA:450,0
DA:451,0
DA:454,0
DA:455,0
DA:458,0
DA:459,0
DA:462,0
DA:465,0
DA:467,0
DA:468,0
DA:475,0
DA:486,0
DA:490,0
DA:495,0
DA:500,0
DA:505,0
DA:510,0
DA:514,0
LF:138
LH:0
BRDA:96,0,0,0
BRDA:96,0,1,0
BRDA:102,1,0,0
BRDA:102,1,1,0
BRDA:104,2,0,0
BRDA:104,2,1,0
BRDA:174,3,0,0
BRDA:174,3,1,0
BRDA:174,4,0,0
BRDA:174,4,1,0
BRDA:179,5,0,0
BRDA:179,5,1,0
BRDA:188,6,0,0
BRDA:188,6,1,0
BRDA:235,7,0,0
BRDA:235,7,1,0
BRDA:237,8,0,0
BRDA:237,8,1,0
BRDA:242,9,0,0
BRDA:242,9,1,0
BRDA:255,10,0,0
BRDA:255,10,1,0
BRDA:255,11,0,0
BRDA:255,11,1,0
BRDA:285,12,0,0
BRDA:285,12,1,0
BRDA:285,12,2,0
BRDA:287,13,0,0
BRDA:287,13,1,0
BRDA:361,14,0,0
BRDA:361,14,1,0
BRDA:363,15,0,0
BRDA:363,15,1,0
BRDA:400,16,0,0
BRDA:400,16,1,0
BRDA:440,17,0,0
BRDA:440,17,1,0
BRDA:440,17,2,0
BRDA:440,17,3,0
BRDA:440,17,4,0
BRDA:440,17,5,0
BRF:41
BRH:0
end_of_record
TN:
SF:server\routes\users.js
FN:12,(anonymous_0)
FN:18,(anonymous_1)
FN:25,(anonymous_2)
FN:59,(anonymous_3)
FN:67,(anonymous_4)
FN:109,(anonymous_5)
FN:112,(anonymous_6)
FN:115,(anonymous_7)
FN:118,(anonymous_8)
FN:121,(anonymous_9)
FN:149,(anonymous_10)
FN:196,(anonymous_11)
FN:207,(anonymous_12)
FN:240,(anonymous_13)
FN:251,(anonymous_14)
FN:284,(anonymous_15)
FN:296,(anonymous_16)
FN:303,(anonymous_17)
FN:321,(anonymous_18)
FN:348,(anonymous_19)
FN:404,(anonymous_20)
FN:452,(anonymous_21)
FN:456,(anonymous_22)
FN:477,(anonymous_23)
FN:480,(anonymous_24)
FN:483,(anonymous_25)
FN:486,(anonymous_26)
FNF:27
FNH:0
FNDA:0,(anonymous_0)
FNDA:0,(anonymous_1)
FNDA:0,(anonymous_2)
FNDA:0,(anonymous_3)
FNDA:0,(anonymous_4)
FNDA:0,(anonymous_5)
FNDA:0,(anonymous_6)
FNDA:0,(anonymous_7)
FNDA:0,(anonymous_8)
FNDA:0,(anonymous_9)
FNDA:0,(anonymous_10)
FNDA:0,(anonymous_11)
FNDA:0,(anonymous_12)
FNDA:0,(anonymous_13)
FNDA:0,(anonymous_14)
FNDA:0,(anonymous_15)
FNDA:0,(anonymous_16)
FNDA:0,(anonymous_17)
FNDA:0,(anonymous_18)
FNDA:0,(anonymous_19)
FNDA:0,(anonymous_20)
FNDA:0,(anonymous_21)
FNDA:0,(anonymous_22)
FNDA:0,(anonymous_23)
FNDA:0,(anonymous_24)
FNDA:0,(anonymous_25)
FNDA:0,(anonymous_26)
DA:2,0
DA:3,0
DA:4,0
DA:7,0
DA:8,0
DA:9,0
DA:12,0
DA:13,0
DA:14,0
DA:18,0
DA:19,0
DA:20,0
DA:23,0
DA:24,0
DA:25,0
DA:28,0
DA:29,0
DA:33,0
DA:36,0
DA:37,0
DA:39,0
DA:48,0
DA:53,0
DA:54,0
DA:59,0
DA:60,0
DA:61,0
DA:62,0
DA:65,0
DA:66,0
DA:67,0
DA:70,0
DA:71,0
DA:75,0
DA:107,0
DA:109,0
DA:110,0
DA:112,0
DA:113,0
DA:115,0
DA:116,0
DA:118,0
DA:119,0
DA:121,0
DA:122,0
DA:126,0
DA:127,0
DA:128,0
DA:129,0
DA:130,0
DA:132,0
DA:143,0
DA:144,0
DA:149,0
DA:150,0
DA:151,0
DA:152,0
DA:154,0
DA:155,0
DA:158,0
DA:159,0
DA:160,0
DA:164,0
DA:165,0
DA:167,0
DA:169,0
DA:171,0
DA:172,0
DA:175,0
DA:176,0
DA:180,0
DA:181,0
DA:183,0
DA:190,0
DA:191,0
DA:196,0
DA:197,0
DA:198,0
DA:199,0
DA:201,0
DA:202,0
DA:203,0
DA:206,0
DA:207,0
DA:208,0
DA:209,0
DA:210,0
DA:211,0
DA:213,0
DA:217,0
DA:218,0
DA:219,0
DA:220,0
DA:221,0
DA:223,0
DA:234,0
DA:235,0
DA:240,0
DA:241,0
DA:242,0
DA:243,0
DA:245,0
DA:246,0
DA:247,0
DA:250,0
DA:251,0
DA:252,0
DA:253,0
DA:254,0
DA:255,0
DA:257,0
DA:261,0
DA:262,0
DA:263,0
DA:264,0
DA:265,0
DA:267,0
DA:278,0
DA:279,0
DA:284,0
DA:285,0
DA:286,0
DA:288,0
DA:289,0
DA:292,0
DA:293,0
DA:296,0
DA:297,0
DA:298,0
DA:304,0
DA:307,0
DA:308,0
DA:310,0
DA:321,0
DA:324,0
DA:325,0
DA:326,0
DA:327,0
DA:328,0
DA:330,0
DA:342,0
DA:343,0
DA:348,0
DA:349,0
DA:350,0
DA:351,0
DA:354,0
DA:355,0
DA:359,0
DA:381,0
DA:382,0
DA:383,0
DA:384,0
DA:385,0
DA:387,0
DA:398,0
DA:399,0
DA:404,0
DA:405,0
DA:406,0
DA:409,0
DA:410,0
DA:414,0
DA:441,0
DA:446,0
DA:447,0
DA:452,0
DA:453,0
DA:454,0
DA:456,0
DA:457,0
DA:460,0
DA:461,0
DA:463,0
DA:475,0
DA:477,0
DA:478,0
DA:480,0
DA:481,0
DA:483,0
DA:484,0
DA:486,0
DA:489,0
DA:490,0
DA:492,0
DA:499,0
DA:500,0
DA:504,0
LF:188
LH:0
BRDA:24,0,0,0
BRDA:24,0,1,0
BRDA:28,1,0,0
BRDA:28,1,1,0
BRDA:36,2,0,0
BRDA:36,2,1,0
BRDA:37,3,0,0
BRDA:37,3,1,0
BRDA:62,4,0,0
BRDA:62,5,0,0
BRDA:62,6,0,0
BRDA:66,7,0,0
BRDA:66,7,1,0
BRDA:70,8,0,0
BRDA:70,8,1,0
BRDA:79,9,0,0
BRDA:79,9,1,0
BRDA:93,10,0,0
BRDA:93,10,1,0
BRDA:107,11,0,0
BRDA:107,11,1,0
BRDA:107,11,2,0
BRDA:107,11,3,0
BRDA:107,11,4,0
BRDA:154,12,0,0
BRDA:154,12,1,0
BRDA:159,13,0,0
BRDA:159,13,1,0
BRDA:164,14,0,0
BRDA:164,14,1,0
BRDA:165,15,0,0
BRDA:165,15,1,0
BRDA:169,16,0,0
BRDA:169,16,1,0
BRDA:185,17,0,0
BRDA:185,17,1,0
BRDA:199,18,0,0
BRDA:199,19,0,0
BRDA:202,20,0,0
BRDA:202,20,1,0
BRDA:206,21,0,0
BRDA:206,21,1,0
BRDA:209,22,0,0
BRDA:209,22,1,0
BRDA:243,23,0,0
BRDA:243,24,0,0
BRDA:246,25,0,0
BRDA:246,25,1,0
BRDA:250,26,0,0
BRDA:250,26,1,0
BRDA:253,27,0,0
BRDA:253,27,1,0
BRDA:286,28,0,0
BRDA:286,29,0,0
BRDA:288,30,0,0
BRDA:288,30,1,0
BRDA:288,31,0,0
BRDA:288,31,1,0
BRDA:299,32,0,0
BRDA:299,32,1,0
BRDA:299,32,2,0
BRDA:299,32,3,0
BRDA:299,32,4,0
BRDA:307,33,0,0
BRDA:307,33,1,0
BRDA:308,34,0,0
BRDA:308,34,1,0
BRDA:351,35,0,0
BRDA:351,36,0,0
BRDA:354,37,0,0
BRDA:354,37,1,0
BRDA:409,38,0,0
BRDA:409,38,1,0
BRDA:454,39,0,0
BRDA:454,40,0,0
BRDA:460,41,0,0
BRDA:460,41,1,0
BRDA:461,42,0,0
BRDA:461,42,1,0
BRDA:475,43,0,0
BRDA:475,43,1,0
BRDA:475,43,2,0
BRDA:475,43,3,0
BRF:83
BRH:0
end_of_record
TN:
SF:server\utils\audioProcessor.js
FN:10,(anonymous_0)
FN:18,(anonymous_1)
FN:67,(anonymous_2)
FN:103,(anonymous_3)
FN:125,(anonymous_4)
FN:147,(anonymous_5)
FN:182,(anonymous_6)
FN:219,(anonymous_7)
FN:230,(anonymous_8)
FN:262,(anonymous_9)
FN:285,(anonymous_10)
FN:324,(anonymous_11)
FNF:12
FNH:0
FNDA:0,(anonymous_0)
FNDA:0,(anonymous_1)
FNDA:0,(anonymous_2)
FNDA:0,(anonymous_3)
FNDA:0,(anonymous_4)
FNDA:0,(anonymous_5)
FNDA:0,(anonymous_6)
FNDA:0,(anonymous_7)
FNDA:0,(anonymous_8)
FNDA:0,(anonymous_9)
FNDA:0,(anonymous_10)
FNDA:0,(anonymous_11)
DA:4,0
DA:5,0
DA:6,0
DA:7,0
DA:11,0
DA:12,0
DA:19,0
DA:21,0
DA:24,0
DA:25,0
DA:32,0
DA:33,0
DA:34,0
DA:41,0
DA:42,0
DA:44,0
DA:50,0
DA:56,0
DA:57,0
DA:68,0
DA:69,0
DA:71,0
DA:88,0
DA:89,0
DA:104,0
DA:105,0
DA:108,0
DA:109,0
DA:114,0
DA:115,0
DA:117,0
DA:118,0
DA:126,0
DA:127,0
DA:130,0
DA:131,0
DA:136,0
DA:137,0
DA:139,0
DA:140,0
DA:148,0
DA:153,0
DA:154,0
DA:157,0
DA:158,0
DA:161,0
DA:164,0
DA:170,0
DA:171,0
DA:183,0
DA:184,0
DA:186,0
DA:187,0
DA:193,0
DA:194,0
DA:195,0
DA:197,0
DA:208,0
DA:209,0
DA:220,0
DA:222,0
DA:223,0
DA:224,0
DA:231,0
DA:234,0
DA:235,0
DA:236,0
DA:237,0
DA:238,0
DA:241,0
DA:242,0
DA:243,0
DA:244,0
DA:247,0
DA:248,0
DA:249,0
DA:250,0
DA:251,0
DA:253,0
DA:256,0
DA:263,0
DA:271,0
DA:272,0
DA:275,0
DA:276,0
DA:279,0
DA:286,0
DA:287,0
DA:288,0
DA:290,0
DA:291,0
DA:297,0
DA:298,0
DA:300,0
DA:301,0
DA:307,0
DA:313,0
DA:314,0
DA:325,0
DA:326,0
DA:327,0
DA:328,0
DA:329,0
DA:330,0
DA:332,0
DA:333,0
DA:339,0
LF:107
LH:0
BRDA:24,0,0,0
BRDA:24,0,1,0
BRDA:33,1,0,0
BRDA:33,1,1,0
BRDA:72,2,0,0
BRDA:72,2,1,0
BRDA:73,3,0,0
BRDA:73,3,1,0
BRDA:74,4,0,0
BRDA:74,4,1,0
BRDA:75,5,0,0
BRDA:75,5,1,0
BRDA:76,6,0,0
BRDA:76,6,1,0
BRDA:77,7,0,0
BRDA:77,7,1,0
BRDA:78,8,0,0
BRDA:78,8,1,0
BRDA:79,9,0,0
BRDA:79,9,1,0
BRDA:80,10,0,0
BRDA:80,10,1,0
BRDA:81,11,0,0
BRDA:81,11,1,0
BRDA:82,12,0,0
BRDA:82,12,1,0
BRDA:83,13,0,0
BRDA:83,13,1,0
BRDA:84,14,0,0
BRDA:84,14,1,0
BRDA:85,15,0,0
BRDA:85,15,1,0
BRDA:108,16,0,0
BRDA:108,16,1,0
BRDA:130,17,0,0
BRDA:130,17,1,0
BRDA:147,18,0,0
BRDA:186,19,0,0
BRDA:186,19,1,0
BRDA:203,20,0,0
BRDA:203,20,1,0
BRDA:204,21,0,0
BRDA:204,21,1,0
BRDA:220,22,0,0
BRDA:220,22,1,0
BRDA:220,23,0,0
BRDA:220,23,1,0
BRDA:234,24,0,0
BRDA:234,24,1,0
BRDA:235,25,0,0
BRDA:235,25,1,0
BRDA:236,26,0,0
BRDA:236,26,1,0
BRDA:237,27,0,0
BRDA:237,27,1,0
BRDA:241,28,0,0
BRDA:241,28,1,0
BRDA:242,29,0,0
BRDA:242,29,1,0
BRDA:243,30,0,0
BRDA:243,30,1,0
BRDA:248,31,0,0
BRDA:248,31,1,0
BRDA:250,32,0,0
BRDA:250,32,1,0
BRDA:271,33,0,0
BRDA:271,33,1,0
BRDA:275,34,0,0
BRDA:275,34,1,0
BRDA:290,35,0,0
BRDA:290,35,1,0
BRDA:300,36,0,0
BRDA:300,36,1,0
BRF:73
BRH:0
end_of_record
TN:
SF:server\utils\cache.js
FN:11,(anonymous_0)
FN:20,(anonymous_1)
FN:33,(anonymous_2)
FN:43,(anonymous_3)
FN:48,(anonymous_4)
FN:53,(anonymous_5)
FN:57,(anonymous_6)
FN:71,(anonymous_7)
FN:84,(anonymous_8)
FN:108,(anonymous_9)
FN:127,(anonymous_10)
FN:145,(anonymous_11)
FN:167,(anonymous_12)
FN:185,(anonymous_13)
FN:203,(anonymous_14)
FN:219,(anonymous_15)
FN:237,(anonymous_16)
FN:238,(anonymous_17)
FN:260,(anonymous_18)
FNF:19
FNH:0
FNDA:0,(anonymous_0)
FNDA:0,(anonymous_1)
FNDA:0,(anonymous_2)
FNDA:0,(anonymous_3)
FNDA:0,(anonymous_4)
FNDA:0,(anonymous_5)
FNDA:0,(anonymous_6)
FNDA:0,(anonymous_7)
FNDA:0,(anonymous_8)
FNDA:0,(anonymous_9)
FNDA:0,(anonymous_10)
FNDA:0,(anonymous_11)
FNDA:0,(anonymous_12)
FNDA:0,(anonymous_13)
FNDA:0,(anonymous_14)
FNDA:0,(anonymous_15)
FNDA:0,(anonymous_16)
FNDA:0,(anonymous_17)
FNDA:0,(anonymous_18)
DA:4,0
DA:5,0
DA:12,0
DA:13,0
DA:14,0
DA:21,0
DA:23,0
DA:24,0
DA:25,0
DA:28,0
DA:34,0
DA:35,0
DA:36,0
DA:38,0
DA:43,0
DA:44,0
DA:45,0
DA:48,0
DA:49,0
DA:50,0
DA:53,0
DA:54,0
DA:57,0
DA:58,0
DA:61,0
DA:63,0
DA:64,0
DA:72,0
DA:73,0
DA:74,0
DA:75,0
DA:85,0
DA:87,0
DA:88,0
DA:89,0
DA:90,0
DA:91,0
DA:93,0
DA:94,0
DA:96,0
DA:97,0
DA:109,0
DA:111,0
DA:112,0
DA:113,0
DA:114,0
DA:115,0
DA:117,0
DA:118,0
DA:128,0
DA:130,0
DA:131,0
DA:132,0
DA:133,0
DA:135,0
DA:136,0
DA:146,0
DA:148,0
DA:149,0
DA:150,0
DA:151,0
DA:152,0
DA:153,0
DA:155,0
DA:157,0
DA:158,0
DA:168,0
DA:170,0
DA:171,0
DA:172,0
DA:174,0
DA:175,0
DA:186,0
DA:188,0
DA:189,0
DA:190,0
DA:192,0
DA:193,0
DA:204,0
DA:206,0
DA:207,0
DA:208,0
DA:210,0
DA:211,0
DA:220,0
DA:222,0
DA:223,0
DA:224,0
DA:225,0
DA:227,0
DA:228,0
DA:238,0
DA:239,0
DA:240,0
DA:244,0
DA:245,0
DA:248,0
DA:250,0
DA:251,0
DA:252,0
DA:253,0
DA:257,0
DA:260,0
DA:261,0
DA:262,0
DA:265,0
DA:267,0
DA:268,0
DA:275,0
DA:277,0
LF:110
LH:0
BRDA:23,0,0,0
BRDA:23,0,1,0
BRDA:31,1,0,0
BRDA:31,1,1,0
BRDA:34,2,0,0
BRDA:34,2,1,0
BRDA:72,3,0,0
BRDA:72,3,1,0
BRDA:72,4,0,0
BRDA:72,4,1,0
BRDA:85,5,0,0
BRDA:85,5,1,0
BRDA:89,6,0,0
BRDA:89,6,1,0
BRDA:108,7,0,0
BRDA:109,8,0,0
BRDA:109,8,1,0
BRDA:128,9,0,0
BRDA:128,9,1,0
BRDA:146,10,0,0
BRDA:146,10,1,0
BRDA:150,11,0,0
BRDA:150,11,1,0
BRDA:168,12,0,0
BRDA:168,12,1,0
BRDA:185,13,0,0
BRDA:186,14,0,0
BRDA:186,14,1,0
BRDA:204,15,0,0
BRDA:204,15,1,0
BRDA:220,16,0,0
BRDA:220,16,1,0
BRDA:237,17,0,0
BRDA:239,18,0,0
BRDA:239,18,1,0
BRDA:244,19,0,0
BRDA:244,19,1,0
BRDA:252,20,0,0
BRDA:252,20,1,0
BRF:39
BRH:0
end_of_record
TN:
SF:server\utils\dataManager.js
FN:5,(anonymous_0)
FN:9,(anonymous_1)
FN:22,(anonymous_2)
FN:31,(anonymous_3)
FN:37,(anonymous_4)
FN:39,(anonymous_5)
FN:42,(anonymous_6)
FN:44,(anonymous_7)
FN:47,(anonymous_8)
FN:49,(anonymous_9)
FN:56,(anonymous_10)
FN:62,(anonymous_11)
FN:67,(anonymous_12)
FN:69,(anonymous_13)
FN:72,(anonymous_14)
FN:74,(anonymous_15)
FNF:16
FNH:0
FNDA:0,(anonymous_0)
FNDA:0,(anonymous_1)
FNDA:0,(anonymous_2)
FNDA:0,(anonymous_3)
FNDA:0,(anonymous_4)
FNDA:0,(anonymous_5)
FNDA:0,(anonymous_6)
FNDA:0,(anonymous_7)
FNDA:0,(anonymous_8)
FNDA:0,(anonymous_9)
FNDA:0,(anonymous_10)
FNDA:0,(anonymous_11)
FNDA:0,(anonymous_12)
FNDA:0,(anonymous_13)
FNDA:0,(anonymous_14)
FNDA:0,(anonymous_15)
DA:1,0
DA:2,0
DA:6,0
DA:10,0
DA:11,0
DA:12,0
DA:13,0
DA:15,0
DA:16,0
DA:18,0
DA:23,0
DA:24,0
DA:25,0
DA:27,0
DA:32,0
DA:33,0
DA:34,0
DA:38,0
DA:39,0
DA:43,0
DA:44,0
DA:48,0
DA:49,0
DA:50,0
DA:51,0
DA:52,0
DA:57,0
DA:58,0
DA:59,0
DA:63,0
DA:64,0
DA:68,0
DA:69,0
DA:73,0
DA:74,0
DA:75,0
DA:76,0
DA:77,0
DA:82,0
LF:39
LH:0
BRDA:15,0,0,0
BRDA:15,0,1,0
BRDA:16,1,0,0
BRDA:16,1,1,0
BRDA:50,2,0,0
BRDA:50,2,1,0
BRDA:75,3,0,0
BRDA:75,3,1,0
BRF:8
BRH:0
end_of_record
TN:
SF:server\utils\database.js
FN:8,(anonymous_0)
FN:20,(anonymous_1)
FN:68,(anonymous_2)
FN:79,(anonymous_3)
FN:80,(anonymous_4)
FN:84,(anonymous_5)
FN:89,(anonymous_6)
FN:93,(anonymous_7)
FN:101,(anonymous_8)
FN:163,(anonymous_9)
FN:173,(anonymous_10)
FN:180,(anonymous_11)
FN:196,(anonymous_12)
FN:213,(anonymous_13)
FN:217,(anonymous_14)
FNF:15
FNH:0
FNDA:0,(anonymous_0)
FNDA:0,(anonymous_1)
FNDA:0,(anonymous_2)
FNDA:0,(anonymous_3)
FNDA:0,(anonymous_4)
FNDA:0,(anonymous_5)
FNDA:0,(anonymous_6)
FNDA:0,(anonymous_7)
FNDA:0,(anonymous_8)
FNDA:0,(anonymous_9)
FNDA:0,(anonymous_10)
FNDA:0,(anonymous_11)
FNDA:0,(anonymous_12)
FNDA:0,(anonymous_13)
FNDA:0,(anonymous_14)
DA:4,0
DA:5,0
DA:9,0
DA:10,0
DA:11,0
DA:12,0
DA:13,0
DA:14,0
DA:21,0
DA:22,0
DA:23,0
DA:26,0
DA:28,0
DA:39,0
DA:40,0
DA:42,0
DA:43,0
DA:46,0
DA:48,0
DA:49,0
DA:50,0
DA:51,0
DA:53,0
DA:56,0
DA:59,0
DA:61,0
DA:63,0
DA:65,0
DA:66,0
DA:67,0
DA:68,0
DA:69,0
DA:72,0
DA:80,0
DA:81,0
DA:84,0
DA:85,0
DA:86,0
DA:89,0
DA:90,0
DA:93,0
DA:94,0
DA:102,0
DA:104,0
DA:113,0
DA:125,0
DA:134,0
DA:142,0
DA:149,0
DA:154,0
DA:156,0
DA:164,0
DA:165,0
DA:167,0
DA:174,0
DA:181,0
DA:182,0
DA:183,0
DA:186,0
DA:187,0
DA:189,0
DA:197,0
DA:198,0
DA:199,0
DA:200,0
DA:201,0
DA:202,0
DA:204,0
DA:205,0
DA:214,0
DA:215,0
DA:217,0
DA:218,0
DA:220,0
DA:222,0
DA:223,0
DA:225,0
DA:231,0
DA:233,0
LF:79
LH:0
BRDA:21,0,0,0
BRDA:21,0,1,0
BRDA:26,1,0,0
BRDA:26,1,1,0
BRDA:29,2,0,0
BRDA:29,2,1,0
BRDA:30,3,0,0
BRDA:30,3,1,0
BRDA:31,4,0,0
BRDA:31,4,1,0
BRDA:48,5,0,0
BRDA:48,5,1,0
BRDA:65,6,0,0
BRDA:65,6,1,0
BRDA:164,7,0,0
BRDA:164,7,1,0
BRDA:164,8,0,0
BRDA:164,8,1,0
BRDA:182,9,0,0
BRDA:182,9,1,0
BRDA:197,10,0,0
BRDA:197,10,1,0
BRF:22
BRH:0
end_of_record
TN:
SF:server\utils\emailService.js
FN:8,(anonymous_0)
FN:17,(anonymous_1)
FN:49,(anonymous_2)
FN:77,(anonymous_3)
FN:107,(anonymous_4)
FN:132,(anonymous_5)
FN:160,(anonymous_6)
FN:187,(anonymous_7)
FN:208,(anonymous_8)
FN:232,(anonymous_9)
FN:260,(anonymous_10)
FN:288,(anonymous_11)
FNF:12
FNH:0
FNDA:0,(anonymous_0)
FNDA:0,(anonymous_1)
FNDA:0,(anonymous_2)
FNDA:0,(anonymous_3)
FNDA:0,(anonymous_4)
FNDA:0,(anonymous_5)
FNDA:0,(anonymous_6)
FNDA:0,(anonymous_7)
FNDA:0,(anonymous_8)
FNDA:0,(anonymous_9)
FNDA:0,(anonymous_10)
FNDA:0,(anonymous_11)
DA:4,0
DA:5,0
DA:9,0
DA:10,0
DA:11,0
DA:18,0
DA:20,0
DA:21,0
DA:22,0
DA:26,0
DA:37,0
DA:38,0
DA:39,0
DA:41,0
DA:42,0
DA:50,0
DA:51,0
DA:52,0
DA:55,0
DA:56,0
DA:64,0
DA:65,0
DA:67,0
DA:69,0
DA:70,0
DA:78,0
DA:79,0
DA:101,0
DA:108,0
DA:109,0
DA:110,0
DA:126,0
DA:133,0
DA:134,0
DA:154,0
DA:161,0
DA:162,0
DA:181,0
DA:188,0
DA:189,0
DA:202,0
DA:209,0
DA:210,0
DA:226,0
DA:233,0
DA:234,0
DA:254,0
DA:261,0
DA:282,0
DA:289,0
DA:294,0
LF:51
LH:0
BRDA:20,0,0,0
BRDA:20,0,1,0
BRDA:20,1,0,0
BRDA:20,1,1,0
BRDA:28,2,0,0
BRDA:28,2,1,0
BRDA:49,3,0,0
BRDA:50,4,0,0
BRDA:50,4,1,0
BRDA:57,5,0,0
BRDA:57,5,1,0
BRDA:57,6,0,0
BRDA:57,6,1,0
BRDA:61,7,0,0
BRDA:61,7,1,0
BRDA:91,8,0,0
BRDA:91,8,1,0
BRDA:108,9,0,0
BRDA:108,9,1,0
BRDA:144,10,0,0
BRDA:144,10,1,0
BRDA:147,11,0,0
BRDA:147,11,1,0
BRDA:174,12,0,0
BRDA:174,12,1,0
BRDA:195,13,0,0
BRDA:195,13,1,0
BRDA:219,14,0,0
BRDA:219,14,1,0
BRDA:241,15,0,0
BRDA:241,15,1,0
BRDA:242,16,0,0
BRDA:242,16,1,0
BRDA:243,17,0,0
BRDA:243,17,1,0
BRDA:244,18,0,0
BRDA:244,18,1,0
BRDA:247,19,0,0
BRDA:247,19,1,0
BRDA:282,20,0,0
BRDA:282,20,1,0
BRF:41
BRH:0
end_of_record
TN:
SF:server\utils\logger.js
FN:26,(anonymous_0)
FN:75,(anonymous_1)
FN:77,(anonymous_2)
FN:78,(anonymous_3)
FN:79,(anonymous_4)
FN:80,(anonymous_5)
FN:90,(anonymous_6)
FN:91,(anonymous_7)
FN:92,(anonymous_8)
FN:93,(anonymous_9)
FN:96,(anonymous_10)
FN:99,(anonymous_11)
FN:115,(anonymous_12)
FN:129,(anonymous_13)
FN:138,(anonymous_14)
FN:148,(anonymous_15)
FN:159,(anonymous_16)
FNF:17
FNH:4
FNDA:2,(anonymous_0)
FNDA:2,(anonymous_1)
FNDA:1,(anonymous_2)
FNDA:0,(anonymous_3)
FNDA:0,(anonymous_4)
FNDA:0,(anonymous_5)
FNDA:1,(anonymous_6)
FNDA:0,(anonymous_7)
FNDA:0,(anonymous_8)
FNDA:0,(anonymous_9)
FNDA:0,(anonymous_10)
FNDA:0,(anonymous_11)
FNDA:0,(anonymous_12)
FNDA:0,(anonymous_13)
FNDA:0,(anonymous_14)
FNDA:0,(anonymous_15)
FNDA:0,(anonymous_16)
DA:4,1
DA:5,1
DA:6,1
DA:9,1
DA:10,1
DA:11,0
DA:15,1
DA:23,1
DA:27,2
DA:28,2
DA:29,2
DA:31,2
DA:36,1
DA:68,1
DA:69,1
DA:75,1
DA:76,2
DA:77,1
DA:78,0
DA:79,0
DA:80,0
DA:85,1
DA:90,1
DA:91,0
DA:92,0
DA:93,0
DA:97,0
DA:99,0
DA:100,0
DA:101,0
DA:111,0
DA:116,0
DA:125,0
DA:130,0
DA:139,0
DA:149,0
DA:160,0
DA:161,0
LF:38
LH:19
BRDA:10,0,0,0
BRDA:10,0,1,1
BRDA:28,1,0,2
BRDA:28,1,1,0
BRDA:37,2,0,1
BRDA:37,2,1,1
BRDA:68,3,0,1
BRDA:68,3,1,0
BRDA:77,4,0,0
BRDA:78,5,0,0
BRDA:79,6,0,0
BRDA:80,7,0,0
BRDA:133,8,0,0
BRDA:133,8,1,0
BRDA:160,9,0,0
BRDA:160,9,1,0
BRF:16
BRH:5
end_of_record
TN:
SF:server\utils\notificationManager.js
FN:7,(anonymous_0)
FN:16,(anonymous_1)
FN:24,(anonymous_2)
FN:32,(anonymous_3)
FN:68,(anonymous_4)
FN:70,(anonymous_5)
FN:73,(anonymous_6)
FN:82,(anonymous_7)
FN:88,(anonymous_8)
FN:92,(anonymous_9)
FN:100,(anonymous_10)
FN:104,(anonymous_11)
FN:115,(anonymous_12)
FN:120,(anonymous_13)
FN:133,(anonymous_14)
FN:137,(anonymous_15)
FN:148,(anonymous_16)
FN:157,(anonymous_17)
FN:159,(anonymous_18)
FN:165,(anonymous_19)
FN:184,(anonymous_20)
FN:196,(anonymous_21)
FN:208,(anonymous_22)
FN:220,(anonymous_23)
FN:239,(anonymous_24)
FN:251,(anonymous_25)
FN:263,(anonymous_26)
FN:275,(anonymous_27)
FN:294,(anonymous_28)
FN:301,(anonymous_29)
FN:306,(anonymous_30)
FNF:31
FNH:0
FNDA:0,(anonymous_0)
FNDA:0,(anonymous_1)
FNDA:0,(anonymous_2)
FNDA:0,(anonymous_3)
FNDA:0,(anonymous_4)
FNDA:0,(anonymous_5)
FNDA:0,(anonymous_6)
FNDA:0,(anonymous_7)
FNDA:0,(anonymous_8)
FNDA:0,(anonymous_9)
FNDA:0,(anonymous_10)
FNDA:0,(anonymous_11)
FNDA:0,(anonymous_12)
FNDA:0,(anonymous_13)
FNDA:0,(anonymous_14)
FNDA:0,(anonymous_15)
FNDA:0,(anonymous_16)
FNDA:0,(anonymous_17)
FNDA:0,(anonymous_18)
FNDA:0,(anonymous_19)
FNDA:0,(anonymous_20)
FNDA:0,(anonymous_21)
FNDA:0,(anonymous_22)
FNDA:0,(anonymous_23)
FNDA:0,(anonymous_24)
FNDA:0,(anonymous_25)
FNDA:0,(anonymous_26)
FNDA:0,(anonymous_27)
FNDA:0,(anonymous_28)
FNDA:0,(anonymous_29)
FNDA:0,(anonymous_30)
DA:4,0
DA:8,0
DA:9,0
DA:10,0
DA:17,0
DA:18,0
DA:25,0
DA:26,0
DA:33,0
DA:34,0
DA:46,0
DA:47,0
DA:49,0
DA:52,0
DA:53,0
DA:54,0
DA:55,0
DA:58,0
DA:60,0
DA:61,0
DA:69,0
DA:70,0
DA:73,0
DA:74,0
DA:76,0
DA:83,0
DA:85,0
DA:87,0
DA:88,0
DA:92,0
DA:94,0
DA:101,0
DA:102,0
DA:104,0
DA:105,0
DA:106,0
DA:107,0
DA:109,0
DA:116,0
DA:117,0
DA:119,0
DA:120,0
DA:121,0
DA:122,0
DA:123,0
DA:127,0
DA:134,0
DA:135,0
DA:137,0
DA:138,0
DA:139,0
DA:140,0
DA:142,0
DA:149,0
DA:150,0
DA:151,0
DA:158,0
DA:159,0
DA:166,0
DA:173,0
DA:185,0
DA:197,0
DA:209,0
DA:221,0
DA:228,0
DA:240,0
DA:252,0
DA:264,0
DA:276,0
DA:283,0
DA:295,0
DA:302,0
DA:303,0
DA:305,0
DA:306,0
DA:307,0
DA:309,0
DA:310,0
DA:311,0
DA:314,0
DA:315,0
DA:319,0
LF:82
LH:0
BRDA:40,0,0,0
BRDA:40,0,1,0
BRDA:46,1,0,0
BRDA:46,1,1,0
BRDA:53,2,0,0
BRDA:53,2,1,0
BRDA:53,3,0,0
BRDA:53,3,1,0
BRDA:82,4,0,0
BRDA:83,5,0,0
BRDA:83,6,0,0
BRDA:85,7,0,0
BRDA:85,7,1,0
BRDA:87,8,0,0
BRDA:87,8,1,0
BRDA:102,9,0,0
BRDA:102,9,1,0
BRDA:105,10,0,0
BRDA:105,10,1,0
BRDA:117,11,0,0
BRDA:117,11,1,0
BRDA:121,12,0,0
BRDA:121,12,1,0
BRDA:135,13,0,0
BRDA:135,13,1,0
BRDA:138,14,0,0
BRDA:138,14,1,0
BRDA:149,15,0,0
BRDA:149,15,1,0
BRDA:158,16,0,0
BRDA:158,16,1,0
BRDA:231,17,0,0
BRDA:231,17,1,0
BRDA:286,18,0,0
BRDA:286,18,1,0
BRF:35
BRH:0
end_of_record
TN:
SF:server\utils\searchEngine.js
FN:7,(anonymous_0)
FN:14,(anonymous_1)
FN:25,(anonymous_2)
FN:42,(anonymous_3)
FN:49,(anonymous_4)
FN:51,(anonymous_5)
FN:62,(anonymous_6)
FN:69,(anonymous_7)
FN:82,(anonymous_8)
FN:87,(anonymous_9)
FN:92,(anonymous_10)
FN:135,(anonymous_11)
FN:136,(anonymous_12)
FN:138,(anonymous_13)
FN:147,(anonymous_14)
FN:154,(anonymous_15)
FN:155,(anonymous_16)
FN:166,(anonymous_17)
FN:167,(anonymous_18)
FN:178,(anonymous_19)
FN:179,(anonymous_20)
FN:190,(anonymous_21)
FN:191,(anonymous_22)
FN:192,(anonymous_23)
FN:193,(anonymous_24)
FN:194,(anonymous_25)
FN:201,(anonymous_26)
FN:205,(anonymous_27)
FN:206,(anonymous_28)
FN:207,(anonymous_29)
FN:208,(anonymous_30)
FN:209,(anonymous_31)
FN:210,(anonymous_32)
FN:211,(anonymous_33)
FN:212,(anonymous_34)
FN:213,(anonymous_35)
FN:214,(anonymous_36)
FN:215,(anonymous_37)
FN:225,(anonymous_38)
FN:254,(anonymous_39)
FN:260,(anonymous_40)
FN:272,(anonymous_41)
FN:290,(anonymous_42)
FN:300,(anonymous_43)
FNF:44
FNH:0
FNDA:0,(anonymous_0)
FNDA:0,(anonymous_1)
FNDA:0,(anonymous_2)
FNDA:0,(anonymous_3)
FNDA:0,(anonymous_4)
FNDA:0,(anonymous_5)
FNDA:0,(anonymous_6)
FNDA:0,(anonymous_7)
FNDA:0,(anonymous_8)
FNDA:0,(anonymous_9)
FNDA:0,(anonymous_10)
FNDA:0,(anonymous_11)
FNDA:0,(anonymous_12)
FNDA:0,(anonymous_13)
FNDA:0,(anonymous_14)
FNDA:0,(anonymous_15)
FNDA:0,(anonymous_16)
FNDA:0,(anonymous_17)
FNDA:0,(anonymous_18)
FNDA:0,(anonymous_19)
FNDA:0,(anonymous_20)
FNDA:0,(anonymous_21)
FNDA:0,(anonymous_22)
FNDA:0,(anonymous_23)
FNDA:0,(anonymous_24)
FNDA:0,(anonymous_25)
FNDA:0,(anonymous_26)
FNDA:0,(anonymous_27)
FNDA:0,(anonymous_28)
FNDA:0,(anonymous_29)
FNDA:0,(anonymous_30)
FNDA:0,(anonymous_31)
FNDA:0,(anonymous_32)
FNDA:0,(anonymous_33)
FNDA:0,(anonymous_34)
FNDA:0,(anonymous_35)
FNDA:0,(anonymous_36)
FNDA:0,(anonymous_37)
FNDA:0,(anonymous_38)
FNDA:0,(anonymous_39)
FNDA:0,(anonymous_40)
FNDA:0,(anonymous_41)
FNDA:0,(anonymous_42)
FNDA:0,(anonymous_43)
DA:4,0
DA:8,0
DA:15,0
DA:16,0
DA:19,0
DA:20,0
DA:24,0
DA:25,0
DA:26,0
DA:31,0
DA:32,0
DA:36,0
DA:37,0
DA:41,0
DA:42,0
DA:43,0
DA:48,0
DA:49,0
DA:50,0
DA:51,0
DA:56,0
DA:57,0
DA:61,0
DA:62,0
DA:63,0
DA:68,0
DA:69,0
DA:70,0
DA:76,0
DA:77,0
DA:81,0
DA:82,0
DA:86,0
DA:87,0
DA:91,0
DA:92,0
DA:93,0
DA:98,0
DA:99,0
DA:103,0
DA:104,0
DA:105,0
DA:106,0
DA:107,0
DA:108,0
DA:110,0
DA:123,0
DA:124,0
DA:136,0
DA:138,0
DA:139,0
DA:147,0
DA:155,0
DA:156,0
DA:157,0
DA:158,0
DA:159,0
DA:167,0
DA:168,0
DA:169,0
DA:170,0
DA:171,0
DA:179,0
DA:180,0
DA:181,0
DA:182,0
DA:183,0
DA:191,0
DA:192,0
DA:193,0
DA:194,0
DA:202,0
DA:204,0
DA:205,0
DA:206,0
DA:207,0
DA:208,0
DA:209,0
DA:210,0
DA:211,0
DA:212,0
DA:213,0
DA:214,0
DA:215,0
DA:218,0
DA:219,0
DA:226,0
DA:228,0
DA:229,0
DA:230,0
DA:231,0
DA:236,0
DA:237,0
DA:242,0
DA:243,0
DA:244,0
DA:245,0
DA:246,0
DA:248,0
DA:255,0
DA:257,0
DA:258,0
DA:260,0
DA:262,0
DA:263,0
DA:267,0
DA:268,0
DA:272,0
DA:273,0
DA:274,0
DA:279,0
DA:280,0
DA:284,0
DA:291,0
DA:292,0
DA:293,0
DA:294,0
DA:295,0
DA:296,0
DA:297,0
DA:298,0
DA:300,0
DA:301,0
DA:302,0
DA:303,0
DA:304,0
DA:306,0
DA:307,0
DA:308,0
DA:311,0
DA:312,0
DA:313,0
DA:317,0
DA:329,0
LF:134
LH:0
BRDA:19,0,0,0
BRDA:19,0,1,0
BRDA:24,1,0,0
BRDA:24,1,1,0
BRDA:24,2,0,0
BRDA:24,2,1,0
BRDA:31,3,0,0
BRDA:31,3,1,0
BRDA:31,4,0,0
BRDA:31,4,1,0
BRDA:36,5,0,0
BRDA:36,5,1,0
BRDA:36,6,0,0
BRDA:36,6,1,0
BRDA:41,7,0,0
BRDA:41,7,1,0
BRDA:48,8,0,0
BRDA:48,8,1,0
BRDA:50,9,0,0
BRDA:50,9,1,0
BRDA:56,10,0,0
BRDA:56,10,1,0
BRDA:56,11,0,0
BRDA:56,11,1,0
BRDA:61,12,0,0
BRDA:61,12,1,0
BRDA:68,13,0,0
BRDA:68,13,1,0
BRDA:70,14,0,0
BRDA:70,14,1,0
BRDA:76,15,0,0
BRDA:76,15,1,0
BRDA:76,16,0,0
BRDA:76,16,1,0
BRDA:81,17,0,0
BRDA:81,17,1,0
BRDA:81,18,0,0
BRDA:81,18,1,0
BRDA:86,19,0,0
BRDA:86,19,1,0
BRDA:86,20,0,0
BRDA:86,20,1,0
BRDA:87,21,0,0
BRDA:87,21,1,0
BRDA:91,22,0,0
BRDA:91,22,1,0
BRDA:93,23,0,0
BRDA:93,23,1,0
BRDA:98,24,0,0
BRDA:98,24,1,0
BRDA:103,25,0,0
BRDA:103,25,1,0
BRDA:104,26,0,0
BRDA:104,26,1,0
BRDA:144,27,0,0
BRDA:144,27,1,0
BRDA:156,28,0,0
BRDA:156,28,1,0
BRDA:157,29,0,0
BRDA:157,29,1,0
BRDA:158,30,0,0
BRDA:158,30,1,0
BRDA:159,31,0,0
BRDA:159,31,1,0
BRDA:168,32,0,0
BRDA:168,32,1,0
BRDA:169,33,0,0
BRDA:169,33,1,0
BRDA:170,34,0,0
BRDA:170,34,1,0
BRDA:171,35,0,0
BRDA:171,35,1,0
BRDA:180,36,0,0
BRDA:180,36,1,0
BRDA:181,37,0,0
BRDA:181,37,1,0
BRDA:182,38,0,0
BRDA:182,38,1,0
BRDA:183,39,0,0
BRDA:183,39,1,0
BRDA:193,40,0,0
BRDA:193,40,1,0
BRDA:201,41,0,0
BRDA:202,42,0,0
BRDA:202,42,1,0
BRDA:205,43,0,0
BRDA:205,43,1,0
BRDA:205,44,0,0
BRDA:205,44,1,0
BRDA:206,45,0,0
BRDA:206,45,1,0
BRDA:206,46,0,0
BRDA:206,46,1,0
BRDA:207,47,0,0
BRDA:207,47,1,0
BRDA:207,48,0,0
BRDA:207,48,1,0
BRDA:208,49,0,0
BRDA:208,49,1,0
BRDA:208,50,0,0
BRDA:208,50,1,0
BRDA:209,51,0,0
BRDA:209,51,1,0
BRDA:209,52,0,0
BRDA:209,52,1,0
BRDA:210,53,0,0
BRDA:210,53,1,0
BRDA:210,54,0,0
BRDA:210,54,1,0
BRDA:211,55,0,0
BRDA:211,55,1,0
BRDA:211,56,0,0
BRDA:211,56,1,0
BRDA:212,57,0,0
BRDA:212,57,1,0
BRDA:212,58,0,0
BRDA:212,58,1,0
BRDA:213,59,0,0
BRDA:213,59,1,0
BRDA:213,60,0,0
BRDA:213,60,1,0
BRDA:214,61,0,0
BRDA:214,61,1,0
BRDA:214,62,0,0
BRDA:214,62,1,0
BRDA:215,63,0,0
BRDA:215,63,1,0
BRDA:215,64,0,0
BRDA:215,64,1,0
BRDA:218,65,0,0
BRDA:218,65,1,0
BRDA:228,66,0,0
BRDA:228,66,1,0
BRDA:229,67,0,0
BRDA:229,67,1,0
BRDA:229,68,0,0
BRDA:229,68,1,0
BRDA:230,69,0,0
BRDA:230,69,1,0
BRDA:230,70,0,0
BRDA:230,70,1,0
BRDA:233,71,0,0
BRDA:233,71,1,0
BRDA:233,72,0,0
BRDA:233,72,1,0
BRDA:236,73,0,0
BRDA:236,73,1,0
BRDA:236,74,0,0
BRDA:236,74,1,0
BRDA:239,75,0,0
BRDA:239,75,1,0
BRDA:239,76,0,0
BRDA:239,76,1,0
BRDA:242,77,0,0
BRDA:242,77,1,0
BRDA:243,78,0,0
BRDA:243,78,1,0
BRDA:244,79,0,0
BRDA:244,79,1,0
BRDA:245,80,0,0
BRDA:245,80,1,0
BRDA:246,81,0,0
BRDA:246,81,1,0
BRDA:254,82,0,0
BRDA:255,83,0,0
BRDA:255,83,1,0
BRDA:255,84,0,0
BRDA:255,84,1,0
BRDA:262,85,0,0
BRDA:262,85,1,0
BRDA:267,86,0,0
BRDA:267,86,1,0
BRDA:273,87,0,0
BRDA:273,87,1,0
BRDA:279,88,0,0
BRDA:279,88,1,0
BRDA:301,89,0,0
BRDA:301,89,1,0
BRDA:302,90,0,0
BRDA:302,90,1,0
BRDA:303,91,0,0
BRDA:303,91,1,0
BRDA:304,92,0,0
BRDA:304,92,1,0
BRDA:306,93,0,0
BRDA:306,93,1,0
BRDA:311,94,0,0
BRDA:311,94,1,0
BRDA:322,95,0,0
BRDA:322,95,1,0
BRDA:323,96,0,0
BRDA:323,96,1,0
BRF:192
BRH:0
end_of_record
TN:
SF:server\utils\swagger.js
FNF:0
FNH:0
DA:3,0
DA:5,0
DA:186,0
DA:188,0
LF:4
LH:0
BRF:0
BRH:0
end_of_record
TN:
SF:server\utils\translationManager.js
FN:5,(anonymous_0)
FN:12,(anonymous_1)
FN:30,(anonymous_2)
FN:34,(anonymous_3)
FN:38,(anonymous_4)
FN:42,(anonymous_5)
FN:51,(anonymous_6)
FN:63,(anonymous_7)
FN:93,(anonymous_8)
FN:107,(anonymous_9)
FN:117,(anonymous_10)
FN:127,(anonymous_11)
FN:141,(anonymous_12)
FN:158,(anonymous_13)
FN:171,(anonymous_14)
FN:183,(anonymous_15)
FNF:16
FNH:0
FNDA:0,(anonymous_0)
FNDA:0,(anonymous_1)
FNDA:0,(anonymous_2)
FNDA:0,(anonymous_3)
FNDA:0,(anonymous_4)
FNDA:0,(anonymous_5)
FNDA:0,(anonymous_6)
FNDA:0,(anonymous_7)
FNDA:0,(anonymous_8)
FNDA:0,(anonymous_9)
FNDA:0,(anonymous_10)
FNDA:0,(anonymous_11)
FNDA:0,(anonymous_12)
FNDA:0,(anonymous_13)
FNDA:0,(anonymous_14)
FNDA:0,(anonymous_15)
DA:1,0
DA:2,0
DA:6,0
DA:7,0
DA:8,0
DA:9,0
DA:13,0
DA:15,0
DA:16,0
DA:17,0
DA:18,0
DA:19,0
DA:20,0
DA:21,0
DA:23,0
DA:27,0
DA:31,0
DA:35,0
DA:39,0
DA:42,0
DA:43,0
DA:44,0
DA:51,0
DA:54,0
DA:55,0
DA:56,0
DA:60,0
DA:64,0
DA:66,0
DA:67,0
DA:68,0
DA:72,0
DA:73,0
DA:75,0
DA:76,0
DA:77,0
DA:78,0
DA:80,0
DA:81,0
DA:82,0
DA:83,0
DA:84,0
DA:86,0
DA:90,0
DA:94,0
DA:97,0
DA:98,0
DA:99,0
DA:103,0
DA:108,0
DA:109,0
DA:118,0
DA:119,0
DA:128,0
DA:129,0
DA:131,0
DA:132,0
DA:134,0
DA:135,0
DA:138,0
DA:142,0
DA:144,0
DA:145,0
DA:147,0
DA:148,0
DA:149,0
DA:150,0
DA:154,0
DA:159,0
DA:161,0
DA:162,0
DA:163,0
DA:164,0
DA:168,0
DA:172,0
DA:173,0
DA:174,0
DA:176,0
DA:179,0
DA:184,0
DA:185,0
DA:189,0
LF:82
LH:0
BRDA:39,0,0,0
BRDA:39,0,1,0
BRDA:46,1,0,0
BRDA:46,1,1,0
BRDA:55,2,0,0
BRDA:55,2,1,0
BRDA:64,3,0,0
BRDA:64,3,1,0
BRDA:66,4,0,0
BRDA:66,4,1,0
BRDA:77,5,0,0
BRDA:77,5,1,0
BRDA:84,6,0,0
BRDA:84,6,1,0
BRDA:90,7,0,0
BRDA:90,7,1,0
BRDA:93,8,0,0
BRDA:97,9,0,0
BRDA:97,9,1,0
BRDA:107,10,0,0
BRDA:111,11,0,0
BRDA:111,11,1,0
BRDA:117,12,0,0
BRDA:132,13,0,0
BRDA:132,13,1,0
BRDA:141,14,0,0
BRDA:145,15,0,0
BRDA:145,15,1,0
BRDA:147,16,0,0
BRDA:147,16,1,0
BRDA:149,17,0,0
BRDA:149,17,1,0
BRDA:149,18,0,0
BRDA:149,18,1,0
BRDA:149,18,2,0
BRDA:163,19,0,0
BRDA:163,19,1,0
BRDA:171,20,0,0
BRDA:173,21,0,0
BRDA:173,21,1,0
BRDA:173,22,0,0
BRDA:173,22,1,0
BRDA:173,22,2,0
BRF:43
BRH:0
end_of_record
